"D:/Unreal Engine/Projects/BuildingProject/Content/COREThings/FirstPerson/Character/Mesh/SK_Mannequin_Arms_Skeleton.uasset" 0
"D:/Unreal Engine/Projects/BuildingProject/Content/COREThings/FirstPerson/Character/Mesh/SK_Mannequin_Arms_Skeleton.uexp" 1
"../../../Engine/Content/Animation/DefaultAnimCurveCompressionSettings.uasset" 2
"../../../Engine/Content/Animation/DefaultAnimCurveCompressionSettings.uexp" 3
"../../../Engine/Content/Animation/DefaultAnimBoneCompressionSettings.uasset" 4
"../../../Engine/Content/Animation/DefaultAnimBoneCompressionSettings.uexp" 5
"D:/Unreal Engine/Projects/BuildingProject/Content/COREThings/FirstPerson/Animations/FirstPerson_Fire.uasset" 6
"D:/Unreal Engine/Projects/BuildingProject/Content/COREThings/FirstPerson/Animations/FirstPerson_Fire.uexp" 7
"D:/Unreal Engine/Projects/BuildingProject/Content/COREThings/FirstPerson/Animations/FirstPersonFire_Montage.uasset" 8
"D:/Unreal Engine/Projects/BuildingProject/Content/COREThings/FirstPerson/Animations/FirstPersonFire_Montage.uexp" 9
"../../../Engine/Content/EditorBlueprintResources/StandardMacros.uasset" 10
"../../../Engine/Content/EditorBlueprintResources/StandardMacros.uexp" 11
"D:/Unreal Engine/Projects/BuildingProject/Content/COREThings/FirstPerson/Animations/FirstPerson_Run.uasset" 12
"D:/Unreal Engine/Projects/BuildingProject/Content/COREThings/FirstPerson/Animations/FirstPerson_Run.uexp" 13
"D:/Unreal Engine/Projects/BuildingProject/Content/COREThings/FirstPerson/Animations/FirstPerson_JumpStart.uasset" 14
"D:/Unreal Engine/Projects/BuildingProject/Content/COREThings/FirstPerson/Animations/FirstPerson_JumpStart.uexp" 15
"D:/Unreal Engine/Projects/BuildingProject/Content/COREThings/FirstPerson/Animations/FirstPerson_JumpLoop.uasset" 16
"D:/Unreal Engine/Projects/BuildingProject/Content/COREThings/FirstPerson/Animations/FirstPerson_JumpLoop.uexp" 17
"D:/Unreal Engine/Projects/BuildingProject/Content/COREThings/FirstPerson/Animations/FirstPerson_JumpEnd.uasset" 18
"D:/Unreal Engine/Projects/BuildingProject/Content/COREThings/FirstPerson/Animations/FirstPerson_JumpEnd.uexp" 19
"D:/Unreal Engine/Projects/BuildingProject/Content/COREThings/FirstPerson/Animations/FirstPerson_Idle.uasset" 20
"D:/Unreal Engine/Projects/BuildingProject/Content/COREThings/FirstPerson/Animations/FirstPerson_Idle.uexp" 21
"D:/Unreal Engine/Projects/BuildingProject/Content/COREThings/FirstPerson/Animations/FirstPerson_AnimBP.uasset" 22
"D:/Unreal Engine/Projects/BuildingProject/Content/COREThings/FirstPerson/Animations/FirstPerson_AnimBP.uexp" 23
"D:/Unreal Engine/Projects/BuildingProject/Content/COREThings/FirstPerson/Audio/FirstPersonTemplateWeaponFire02.uasset" 24
"D:/Unreal Engine/Projects/BuildingProject/Content/COREThings/FirstPerson/Audio/FirstPersonTemplateWeaponFire02.uexp" 25
"D:/Unreal Engine/Projects/BuildingProject/Content/COREThings/FirstPerson/Character/Mesh/SK_Mannequin_Arms_PhysicsAsset.uasset" 26
"D:/Unreal Engine/Projects/BuildingProject/Content/COREThings/FirstPerson/Character/Mesh/SK_Mannequin_Arms_PhysicsAsset.uexp" 27
"D:/Unreal Engine/Projects/BuildingProject/Content/COREThings/FirstPerson/Character/Textures/UE4_Mannequin_MAT_MASKA.uasset" 28
"D:/Unreal Engine/Projects/BuildingProject/Content/COREThings/FirstPerson/Character/Textures/UE4_Mannequin_MAT_MASKA.uexp" 29
"D:/Unreal Engine/Projects/BuildingProject/Content/COREThings/FirstPerson/Character/Textures/UE4_Mannequin_MAT_MASKA.ubulk" 30
"D:/Unreal Engine/Projects/BuildingProject/Content/COREThings/FirstPerson/Character/Textures/UE4_Mannequin__normals.uasset" 31
"D:/Unreal Engine/Projects/BuildingProject/Content/COREThings/FirstPerson/Character/Textures/UE4_Mannequin__normals.uexp" 32
"D:/Unreal Engine/Projects/BuildingProject/Content/COREThings/FirstPerson/Character/Textures/UE4_Mannequin__normals.ubulk" 33
"D:/Unreal Engine/Projects/BuildingProject/Content/COREThings/FirstPerson/Character/Textures/UE4_LOGO_CARD.uasset" 34
"D:/Unreal Engine/Projects/BuildingProject/Content/COREThings/FirstPerson/Character/Textures/UE4_LOGO_CARD.uexp" 35
"D:/Unreal Engine/Projects/BuildingProject/Content/COREThings/FirstPerson/Character/Textures/UE4_LOGO_CARD.ubulk" 36
"D:/Unreal Engine/Projects/BuildingProject/Content/COREThings/FirstPerson/Character/Materials/MaterialLayers/T_ML_Rubber_Blue_01_N.uasset" 37
"D:/Unreal Engine/Projects/BuildingProject/Content/COREThings/FirstPerson/Character/Materials/MaterialLayers/T_ML_Rubber_Blue_01_N.uexp" 38
"D:/Unreal Engine/Projects/BuildingProject/Content/COREThings/FirstPerson/Character/Materials/MaterialLayers/T_ML_Rubber_Blue_01_N.ubulk" 39
"D:/Unreal Engine/Projects/BuildingProject/Content/COREThings/FirstPerson/Character/Materials/MaterialLayers/T_ML_Rubber_Blue_01_D.uasset" 40
"D:/Unreal Engine/Projects/BuildingProject/Content/COREThings/FirstPerson/Character/Materials/MaterialLayers/T_ML_Rubber_Blue_01_D.uexp" 41
"D:/Unreal Engine/Projects/BuildingProject/Content/COREThings/FirstPerson/Character/Materials/MaterialLayers/T_ML_Rubber_Blue_01_D.ubulk" 42
"D:/Unreal Engine/Projects/BuildingProject/Content/COREThings/FirstPerson/Character/Materials/MaterialLayers/T_ML_Aluminum01_N.uasset" 43
"D:/Unreal Engine/Projects/BuildingProject/Content/COREThings/FirstPerson/Character/Materials/MaterialLayers/T_ML_Aluminum01_N.uexp" 44
"D:/Unreal Engine/Projects/BuildingProject/Content/COREThings/FirstPerson/Character/Materials/MaterialLayers/T_ML_Aluminum01_N.ubulk" 45
"D:/Unreal Engine/Projects/BuildingProject/Content/COREThings/FirstPerson/Character/Materials/MaterialLayers/T_ML_Aluminum01.uasset" 46
"D:/Unreal Engine/Projects/BuildingProject/Content/COREThings/FirstPerson/Character/Materials/MaterialLayers/T_ML_Aluminum01.uexp" 47
"D:/Unreal Engine/Projects/BuildingProject/Content/COREThings/FirstPerson/Character/Materials/MaterialLayers/T_ML_Aluminum01.ubulk" 48
"D:/Unreal Engine/Projects/BuildingProject/Content/COREThings/FirstPerson/Character/Materials/MaterialLayers/ML_SoftMetal_UE4.uasset" 49
"D:/Unreal Engine/Projects/BuildingProject/Content/COREThings/FirstPerson/Character/Materials/MaterialLayers/ML_SoftMetal_UE4.uexp" 50
"D:/Unreal Engine/Projects/BuildingProject/Content/COREThings/FirstPerson/Character/Materials/MaterialLayers/ML_Plastic_Shiny_Beige_LOGO.uasset" 51
"D:/Unreal Engine/Projects/BuildingProject/Content/COREThings/FirstPerson/Character/Materials/MaterialLayers/ML_Plastic_Shiny_Beige_LOGO.uexp" 52
"D:/Unreal Engine/Projects/BuildingProject/Content/COREThings/FirstPerson/Character/Materials/MaterialLayers/ML_Plastic_Shiny_Beige.uasset" 53
"D:/Unreal Engine/Projects/BuildingProject/Content/COREThings/FirstPerson/Character/Materials/MaterialLayers/ML_Plastic_Shiny_Beige.uexp" 54
"D:/Unreal Engine/Projects/BuildingProject/Content/COREThings/FirstPerson/Character/Materials/MaterialLayers/ML_GlossyBlack_Latex_UE4.uasset" 55
"D:/Unreal Engine/Projects/BuildingProject/Content/COREThings/FirstPerson/Character/Materials/MaterialLayers/ML_GlossyBlack_Latex_UE4.uexp" 56
"../../../Engine/Content/Functions/MaterialLayerFunctions/MatLayerBlend_Simple.uasset" 57
"../../../Engine/Content/Functions/MaterialLayerFunctions/MatLayerBlend_Simple.uexp" 58
"../../../Engine/Content/Functions/Engine_MaterialFunctions02/Utility/BlendAngleCorrectedNormals.uasset" 59
"../../../Engine/Content/Functions/Engine_MaterialFunctions02/Utility/BlendAngleCorrectedNormals.uexp" 60
"../../../Engine/Content/Functions/MaterialLayerFunctions/MatLayerBlend_NormalBlend.uasset" 61
"../../../Engine/Content/Functions/MaterialLayerFunctions/MatLayerBlend_NormalBlend.uexp" 62
"D:/Unreal Engine/Projects/BuildingProject/Content/COREThings/FirstPerson/Character/Materials/M_UE4Man_Body.uasset" 63
"D:/Unreal Engine/Projects/BuildingProject/Content/COREThings/FirstPerson/Character/Materials/M_UE4Man_Body.uexp" 64
"D:/Unreal Engine/Projects/BuildingProject/Content/COREThings/FirstPerson/Character/Mesh/SK_Mannequin_Arms.uasset" 65
"D:/Unreal Engine/Projects/BuildingProject/Content/COREThings/FirstPerson/Character/Mesh/SK_Mannequin_Arms.uexp" 66
"D:/Unreal Engine/Projects/BuildingProject/Content/COREThings/FirstPerson/Textures/FirstPersonCrosshair.uasset" 67
"D:/Unreal Engine/Projects/BuildingProject/Content/COREThings/FirstPerson/Textures/FirstPersonCrosshair.uexp" 68
"D:/Unreal Engine/Projects/BuildingProject/Content/COREThings/FirstPerson/Meshes/BaseMaterial.uasset" 69
"D:/Unreal Engine/Projects/BuildingProject/Content/COREThings/FirstPerson/Meshes/BaseMaterial.uexp" 70
"D:/Unreal Engine/Projects/BuildingProject/Content/COREThings/FirstPerson/Meshes/FirstPersonProjectileMaterial.uasset" 71
"D:/Unreal Engine/Projects/BuildingProject/Content/COREThings/FirstPerson/Meshes/FirstPersonProjectileMaterial.uexp" 72
"D:/Unreal Engine/Projects/BuildingProject/Content/COREThings/FirstPerson/Meshes/FirstPersonProjectileMesh.uasset" 73
"D:/Unreal Engine/Projects/BuildingProject/Content/COREThings/FirstPerson/Meshes/FirstPersonProjectileMesh.uexp" 74
"D:/Unreal Engine/Projects/BuildingProject/Content/COREThings/FirstPersonBP/Blueprints/FirstPersonProjectile.uasset" 75
"D:/Unreal Engine/Projects/BuildingProject/Content/COREThings/FirstPersonBP/Blueprints/FirstPersonProjectile.uexp" 76
"D:/Unreal Engine/Projects/BuildingProject/Content/COREThings/FPWeapon/Materials/MaterialLayers/T_ML_FineRubber.uasset" 77
"D:/Unreal Engine/Projects/BuildingProject/Content/COREThings/FPWeapon/Materials/MaterialLayers/T_ML_FineRubber.uexp" 78
"D:/Unreal Engine/Projects/BuildingProject/Content/COREThings/FPWeapon/Materials/MaterialLayers/T_ML_FineRubber.ubulk" 79
"D:/Unreal Engine/Projects/BuildingProject/Content/COREThings/FPWeapon/Mesh/SK_FPGun_Skeleton.uasset" 80
"D:/Unreal Engine/Projects/BuildingProject/Content/COREThings/FPWeapon/Mesh/SK_FPGun_Skeleton.uexp" 81
"D:/Unreal Engine/Projects/BuildingProject/Content/COREThings/FPWeapon/Mesh/SK_FPGun_PhysicsAsset.uasset" 82
"D:/Unreal Engine/Projects/BuildingProject/Content/COREThings/FPWeapon/Mesh/SK_FPGun_PhysicsAsset.uexp" 83
"D:/Unreal Engine/Projects/BuildingProject/Content/COREThings/FPWeapon/Textures/T_FPGun_N.uasset" 84
"D:/Unreal Engine/Projects/BuildingProject/Content/COREThings/FPWeapon/Textures/T_FPGun_N.uexp" 85
"D:/Unreal Engine/Projects/BuildingProject/Content/COREThings/FPWeapon/Textures/T_FPGun_N.ubulk" 86
"D:/Unreal Engine/Projects/BuildingProject/Content/COREThings/FPWeapon/Textures/T_FPGun_M.uasset" 87
"D:/Unreal Engine/Projects/BuildingProject/Content/COREThings/FPWeapon/Textures/T_FPGun_M.uexp" 88
"D:/Unreal Engine/Projects/BuildingProject/Content/COREThings/FPWeapon/Textures/T_FPGun_M.ubulk" 89
"D:/Unreal Engine/Projects/BuildingProject/Content/COREThings/FPWeapon/Materials/MaterialLayers/T_ML_Rubber_Blue_01_N.uasset" 90
"D:/Unreal Engine/Projects/BuildingProject/Content/COREThings/FPWeapon/Materials/MaterialLayers/T_ML_Rubber_Blue_01_N.uexp" 91
"D:/Unreal Engine/Projects/BuildingProject/Content/COREThings/FPWeapon/Materials/MaterialLayers/T_ML_Rubber_Blue_01_N.ubulk" 92
"D:/Unreal Engine/Projects/BuildingProject/Content/COREThings/FPWeapon/Materials/MaterialLayers/T_ML_Rubber_Blue_01_D.uasset" 93
"D:/Unreal Engine/Projects/BuildingProject/Content/COREThings/FPWeapon/Materials/MaterialLayers/T_ML_Rubber_Blue_01_D.uexp" 94
"D:/Unreal Engine/Projects/BuildingProject/Content/COREThings/FPWeapon/Materials/MaterialLayers/T_ML_Rubber_Blue_01_D.ubulk" 95
"D:/Unreal Engine/Projects/BuildingProject/Content/COREThings/FPWeapon/Materials/MaterialLayers/T_ML_Aluminum01_N.uasset" 96
"D:/Unreal Engine/Projects/BuildingProject/Content/COREThings/FPWeapon/Materials/MaterialLayers/T_ML_Aluminum01_N.uexp" 97
"D:/Unreal Engine/Projects/BuildingProject/Content/COREThings/FPWeapon/Materials/MaterialLayers/T_ML_Aluminum01_N.ubulk" 98
"D:/Unreal Engine/Projects/BuildingProject/Content/COREThings/FPWeapon/Materials/MaterialLayers/T_ML_Aluminum01.uasset" 99
"D:/Unreal Engine/Projects/BuildingProject/Content/COREThings/FPWeapon/Materials/MaterialLayers/T_ML_Aluminum01.uexp" 100
"D:/Unreal Engine/Projects/BuildingProject/Content/COREThings/FPWeapon/Materials/MaterialLayers/T_ML_Aluminum01.ubulk" 101
"D:/Unreal Engine/Projects/BuildingProject/Content/COREThings/FPWeapon/Materials/MaterialLayers/ML_SoftMetal_UE4.uasset" 102
"D:/Unreal Engine/Projects/BuildingProject/Content/COREThings/FPWeapon/Materials/MaterialLayers/ML_SoftMetal_UE4.uexp" 103
"D:/Unreal Engine/Projects/BuildingProject/Content/COREThings/FPWeapon/Materials/MaterialLayers/ML_Screen.uasset" 104
"D:/Unreal Engine/Projects/BuildingProject/Content/COREThings/FPWeapon/Materials/MaterialLayers/ML_Screen.uexp" 105
"D:/Unreal Engine/Projects/BuildingProject/Content/COREThings/FPWeapon/Materials/MaterialLayers/ML_Plastic_Shiny_Beige.uasset" 106
"D:/Unreal Engine/Projects/BuildingProject/Content/COREThings/FPWeapon/Materials/MaterialLayers/ML_Plastic_Shiny_Beige.uexp" 107
"D:/Unreal Engine/Projects/BuildingProject/Content/COREThings/FPWeapon/Materials/MaterialLayers/ML_GlossyBlack_Latex_UE4.uasset" 108
"D:/Unreal Engine/Projects/BuildingProject/Content/COREThings/FPWeapon/Materials/MaterialLayers/ML_GlossyBlack_Latex_UE4.uexp" 109
"D:/Unreal Engine/Projects/BuildingProject/Content/COREThings/FPWeapon/Materials/M_FPGun.uasset" 110
"D:/Unreal Engine/Projects/BuildingProject/Content/COREThings/FPWeapon/Materials/M_FPGun.uexp" 111
"D:/Unreal Engine/Projects/BuildingProject/Content/COREThings/FPWeapon/Mesh/SK_FPGun.uasset" 112
"D:/Unreal Engine/Projects/BuildingProject/Content/COREThings/FPWeapon/Mesh/SK_FPGun.uexp" 113
"D:/Unreal Engine/Projects/BuildingProject/Content/COREThings/Geometry/Meshes/CubeMaterial.uasset" 114
"D:/Unreal Engine/Projects/BuildingProject/Content/COREThings/Geometry/Meshes/CubeMaterial.uexp" 115
"D:/Unreal Engine/Projects/BuildingProject/Content/COREThings/Geometry/Meshes/1M_Cube_Chamfer.uasset" 116
"D:/Unreal Engine/Projects/BuildingProject/Content/COREThings/Geometry/Meshes/1M_Cube_Chamfer.uexp" 117
"D:/Unreal Engine/Projects/BuildingProject/Content/COREThings/Geometry/Meshes/TemplateFloor.uasset" 118
"D:/Unreal Engine/Projects/BuildingProject/Content/COREThings/Geometry/Meshes/TemplateFloor.uexp" 119
"../../../Engine/Content/EngineMaterials/T_Default_Material_Grid_N.uasset" 120
"../../../Engine/Content/EngineMaterials/T_Default_Material_Grid_N.uexp" 121
"../../../Engine/Content/EngineMaterials/T_Default_Material_Grid_N.ubulk" 122
"../../../Engine/Content/EngineMaterials/T_Default_Material_Grid_M.uasset" 123
"../../../Engine/Content/EngineMaterials/T_Default_Material_Grid_M.uexp" 124
"../../../Engine/Content/EngineMaterials/T_Default_Material_Grid_M.ubulk" 125
"../../../Engine/Content/Functions/Engine_MaterialFunctions01/Opacity/CameraDepthFade.uasset" 126
"../../../Engine/Content/Functions/Engine_MaterialFunctions01/Opacity/CameraDepthFade.uexp" 127
"../../../Engine/Content/EngineMaterials/WorldGridMaterial.uasset" 128
"../../../Engine/Content/EngineMaterials/WorldGridMaterial.uexp" 129
"../../../Engine/Content/ArtTools/RenderToTexture/Meshes/S_1_Unit_Plane.uasset" 130
"../../../Engine/Content/ArtTools/RenderToTexture/Meshes/S_1_Unit_Plane.uexp" 131
"../../../Engine/Content/EngineMaterials/DefaultMaterial.uasset" 132
"../../../Engine/Content/EngineMaterials/DefaultMaterial.uexp" 133
"../../../Engine/Content/BasicShapes/Cone.uasset" 134
"../../../Engine/Content/BasicShapes/Cone.uexp" 135
"../../../Engine/Content/BasicShapes/Plane.uasset" 136
"../../../Engine/Content/BasicShapes/Plane.uexp" 137
"../../../Engine/Content/EditorLandscapeResources/DataLayer.uasset" 138
"../../../Engine/Content/EditorLandscapeResources/DataLayer.uexp" 139
"../../../Engine/Content/EditorLandscapeResources/DefaultAlphaTexture.uasset" 140
"../../../Engine/Content/EditorLandscapeResources/DefaultAlphaTexture.uexp" 141
"../../../Engine/Content/EditorMaterials/MAT_Groups_Toggle.uasset" 142
"../../../Engine/Content/EditorMaterials/MAT_Groups_Toggle.uexp" 143
"../../../Engine/Content/EditorMaterials/MAT_Groups_Visibility.uasset" 144
"../../../Engine/Content/EditorMaterials/MAT_Groups_Visibility.uexp" 145
"../../../Engine/Content/EditorMaterials/PreviewShadowIndicator.uasset" 146
"../../../Engine/Content/EditorMaterials/PreviewShadowIndicator.uexp" 147
"../../../Engine/Content/EditorMaterials/PreviewShadowIndicator.ubulk" 148
"../../../Engine/Content/EditorMaterials/PreviewShadowIndicatorMaterial.uasset" 149
"../../../Engine/Content/EditorMaterials/PreviewShadowIndicatorMaterial.uexp" 150
"../../../Engine/Content/EditorMaterials/MatineeGroups/MAT_ColorTrack.uasset" 151
"../../../Engine/Content/EditorMaterials/MatineeGroups/MAT_ColorTrack.uexp" 152
"../../../Engine/Content/EditorMaterials/MatineeGroups/MAT_Groups_Anim.uasset" 153
"../../../Engine/Content/EditorMaterials/MatineeGroups/MAT_Groups_Anim.uexp" 154
"../../../Engine/Content/EditorMaterials/MatineeGroups/MAT_Groups_AudioMaster.uasset" 155
"../../../Engine/Content/EditorMaterials/MatineeGroups/MAT_Groups_AudioMaster.uexp" 156
"../../../Engine/Content/EditorMaterials/MatineeGroups/MAT_Groups_Director.uasset" 157
"../../../Engine/Content/EditorMaterials/MatineeGroups/MAT_Groups_Director.uexp" 158
"../../../Engine/Content/EditorMaterials/MatineeGroups/MAT_Groups_Event.uasset" 159
"../../../Engine/Content/EditorMaterials/MatineeGroups/MAT_Groups_Event.uexp" 160
"../../../Engine/Content/EditorMaterials/MatineeGroups/MAT_Groups_Fade.uasset" 161
"../../../Engine/Content/EditorMaterials/MatineeGroups/MAT_Groups_Fade.uexp" 162
"../../../Engine/Content/EditorMaterials/MatineeGroups/MAT_Groups_Float.uasset" 163
"../../../Engine/Content/EditorMaterials/MatineeGroups/MAT_Groups_Float.uexp" 164
"../../../Engine/Content/EditorMaterials/MatineeGroups/MAT_Groups_Move.uasset" 165
"../../../Engine/Content/EditorMaterials/MatineeGroups/MAT_Groups_Move.uexp" 166
"../../../Engine/Content/EditorMaterials/MatineeGroups/MAT_Groups_Slomo.uasset" 167
"../../../Engine/Content/EditorMaterials/MatineeGroups/MAT_Groups_Slomo.uexp" 168
"../../../Engine/Content/EditorMaterials/MatineeGroups/MAT_Groups_Sound.uasset" 169
"../../../Engine/Content/EditorMaterials/MatineeGroups/MAT_Groups_Sound.uexp" 170
"../../../Engine/Content/EditorMaterials/MatineeGroups/MAT_Groups_Vector.uasset" 171
"../../../Engine/Content/EditorMaterials/MatineeGroups/MAT_Groups_Vector.uexp" 172
"../../../Engine/Content/EditorMaterials/ParticleSystems/PSysThumbnail_NoImage.uasset" 173
"../../../Engine/Content/EditorMaterials/ParticleSystems/PSysThumbnail_NoImage.uexp" 174
"../../../Engine/Content/EditorMaterials/ParticleSystems/PSysThumbnail_NoImage.ubulk" 175
"../../../Engine/Content/EditorMaterials/ParticleSystems/PSysThumbnail_OOD.uasset" 176
"../../../Engine/Content/EditorMaterials/ParticleSystems/PSysThumbnail_OOD.uexp" 177
"../../../Engine/Content/EditorMaterials/ParticleSystems/PSysThumbnail_OOD.ubulk" 178
"../../../Engine/Content/EditorMaterials/Camera/CineMat.uasset" 179
"../../../Engine/Content/EditorMaterials/Camera/CineMat.uexp" 180
"../../../Engine/Content/EditorMaterials/Camera/MI_CineMat_Rig.uasset" 181
"../../../Engine/Content/EditorMaterials/Camera/MI_CineMat_Rig.uexp" 182
"../../../Engine/Content/EditorMeshes/Camera/SM_CraneRig_Arm.uasset" 183
"../../../Engine/Content/EditorMeshes/Camera/SM_CraneRig_Arm.uexp" 184
"../../../Engine/Content/EditorMeshes/Camera/SM_CraneRig_Base.uasset" 185
"../../../Engine/Content/EditorMeshes/Camera/SM_CraneRig_Base.uexp" 186
"../../../Engine/Content/EditorMeshes/Camera/SM_CraneRig_Body.uasset" 187
"../../../Engine/Content/EditorMeshes/Camera/SM_CraneRig_Body.uexp" 188
"../../../Engine/Content/EditorMeshes/Camera/SM_CraneRig_Mount.uasset" 189
"../../../Engine/Content/EditorMeshes/Camera/SM_CraneRig_Mount.uexp" 190
"../../../Engine/Content/EditorMeshes/Camera/SM_RailRig_Mount.uasset" 191
"../../../Engine/Content/EditorMeshes/Camera/SM_RailRig_Mount.uexp" 192
"../../../Engine/Content/EditorMeshes/Camera/SM_RailRig_Track.uasset" 193
"../../../Engine/Content/EditorMeshes/Camera/SM_RailRig_Track.uexp" 194
"../../../Engine/Content/EditorResources/BSPVertex.uasset" 195
"../../../Engine/Content/EditorResources/BSPVertex.uexp" 196
"../../../Engine/Content/EditorResources/EmptyActor.uasset" 197
"../../../Engine/Content/EditorResources/EmptyActor.uexp" 198
"../../../Engine/Content/EditorResources/S_Actor.uasset" 199
"../../../Engine/Content/EditorResources/S_Actor.uexp" 200
"../../../Engine/Content/EditorResources/S_Actor.ubulk" 201
"../../../Engine/Content/EditorResources/S_Note.uasset" 202
"../../../Engine/Content/EditorResources/S_Note.uexp" 203
"../../../Engine/Content/EditorResources/S_Note.ubulk" 204
"../../../Engine/Content/EditorResources/S_Solver.uasset" 205
"../../../Engine/Content/EditorResources/S_Solver.uexp" 206
"../../../Engine/Content/EditorResources/S_Solver.ubulk" 207
"../../../Engine/Content/EditorResources/S_Terrain.uasset" 208
"../../../Engine/Content/EditorResources/S_Terrain.uexp" 209
"../../../Engine/Content/EditorResources/S_Terrain.ubulk" 210
"../../../Engine/Content/EditorResources/S_Trigger.uasset" 211
"../../../Engine/Content/EditorResources/S_Trigger.uexp" 212
"../../../Engine/Content/EditorResources/S_Trigger.ubulk" 213
"../../../Engine/Content/EditorResources/LightIcons/S_LightError.uasset" 214
"../../../Engine/Content/EditorResources/LightIcons/S_LightError.uexp" 215
"../../../Engine/Content/EditorResources/SequenceRecorder/Countdown.uasset" 216
"../../../Engine/Content/EditorResources/SequenceRecorder/Countdown.uexp" 217
"../../../Engine/Content/EditorResources/SequenceRecorder/RecordingIndicator.uasset" 218
"../../../Engine/Content/EditorResources/SequenceRecorder/RecordingIndicator.uexp" 219
"../../../Engine/Content/EngineDamageTypes/DmgTypeBP_Environmental.uasset" 220
"../../../Engine/Content/EngineDamageTypes/DmgTypeBP_Environmental.uexp" 221
"../../../Engine/Content/EngineDebugMaterials/DebugEditorMaterial.uasset" 222
"../../../Engine/Content/EngineDebugMaterials/DebugEditorMaterial.uexp" 223
"../../../Engine/Content/EngineDebugMaterials/DebugMeshMaterial.uasset" 224
"../../../Engine/Content/EngineDebugMaterials/DebugMeshMaterial.uexp" 225
"../../../Engine/Content/EngineDebugMaterials/M_SimpleUnlitTranslucent.uasset" 226
"../../../Engine/Content/EngineDebugMaterials/M_SimpleUnlitTranslucent.uexp" 227
"../../../Engine/Content/EngineDebugMaterials/VolumeToRender.uasset" 228
"../../../Engine/Content/EngineDebugMaterials/VolumeToRender.uexp" 229
"../../../Engine/Content/Functions/Engine_MaterialFunctions02/Utility/CameraDirectionVector.uasset" 230
"../../../Engine/Content/Functions/Engine_MaterialFunctions02/Utility/CameraDirectionVector.uexp" 231
"../../../Engine/Content/EngineDebugMaterials/M_VolumeRenderSphereTracePP.uasset" 232
"../../../Engine/Content/EngineDebugMaterials/M_VolumeRenderSphereTracePP.uexp" 233
"../../../Engine/Content/Functions/Engine_MaterialFunctions01/Shading/ConvertFromDiffSpec.uasset" 234
"../../../Engine/Content/Functions/Engine_MaterialFunctions01/Shading/ConvertFromDiffSpec.uexp" 235
"../../../Engine/Content/EngineDebugMaterials/VertexColorMaterial.uasset" 236
"../../../Engine/Content/EngineDebugMaterials/VertexColorMaterial.uexp" 237
"../../../Engine/Content/EngineDebugMaterials/WireframeMaterial.uasset" 238
"../../../Engine/Content/EngineDebugMaterials/WireframeMaterial.uexp" 239
"../../../Engine/Content/EngineFonts/Faces/RobotoRegular.uasset" 240
"../../../Engine/Content/EngineFonts/Faces/RobotoRegular.uexp" 241
"../../../Engine/Content/EngineFonts/Faces/RobotoRegular.ufont" 242
"../../../Engine/Content/EngineFonts/Faces/RobotoLight.uasset" 243
"../../../Engine/Content/EngineFonts/Faces/RobotoLight.uexp" 244
"../../../Engine/Content/EngineFonts/Faces/RobotoLight.ufont" 245
"../../../Engine/Content/EngineFonts/Faces/RobotoItalic.uasset" 246
"../../../Engine/Content/EngineFonts/Faces/RobotoItalic.uexp" 247
"../../../Engine/Content/EngineFonts/Faces/RobotoItalic.ufont" 248
"../../../Engine/Content/EngineFonts/Faces/RobotoBoldItalic.uasset" 249
"../../../Engine/Content/EngineFonts/Faces/RobotoBoldItalic.uexp" 250
"../../../Engine/Content/EngineFonts/Faces/RobotoBoldItalic.ufont" 251
"../../../Engine/Content/EngineFonts/Faces/RobotoBold.uasset" 252
"../../../Engine/Content/EngineFonts/Faces/RobotoBold.uexp" 253
"../../../Engine/Content/EngineFonts/Faces/RobotoBold.ufont" 254
"../../../Engine/Content/EngineFonts/Faces/DroidSansFallback.uasset" 255
"../../../Engine/Content/EngineFonts/Faces/DroidSansFallback.uexp" 256
"../../../Engine/Content/EngineFonts/Faces/DroidSansFallback.ufont" 257
"../../../Engine/Content/EngineFonts/Roboto.uasset" 258
"../../../Engine/Content/EngineFonts/Roboto.uexp" 259
"../../../Engine/Content/EngineMaterials/BaseFlattenNormalMap.uasset" 260
"../../../Engine/Content/EngineMaterials/BaseFlattenNormalMap.uexp" 261
"../../../Engine/Content/EngineMaterials/BaseFlattenGrayscaleMap.uasset" 262
"../../../Engine/Content/EngineMaterials/BaseFlattenGrayscaleMap.uexp" 263
"../../../Engine/Content/EngineMaterials/BaseFlattenEmissiveMap.uasset" 264
"../../../Engine/Content/EngineMaterials/BaseFlattenEmissiveMap.uexp" 265
"../../../Engine/Content/EngineMaterials/BaseFlattenDiffuseMap.uasset" 266
"../../../Engine/Content/EngineMaterials/BaseFlattenDiffuseMap.uexp" 267
"../../../Engine/Content/EngineMaterials/BaseFlattenMaterial.uasset" 268
"../../../Engine/Content/EngineMaterials/BaseFlattenMaterial.uexp" 269
"../../../Engine/Content/EngineMaterials/BlueNoise.uasset" 270
"../../../Engine/Content/EngineMaterials/BlueNoise.uexp" 271
"../../../Engine/Content/EngineMaterials/DefaultBloomKernel.uasset" 272
"../../../Engine/Content/EngineMaterials/DefaultBloomKernel.uexp" 273
"../../../Engine/Content/EngineMaterials/DefaultBokeh.uasset" 274
"../../../Engine/Content/EngineMaterials/DefaultBokeh.uexp" 275
"../../../Engine/Content/EngineMaterials/DefaultDiffuse.uasset" 276
"../../../Engine/Content/EngineMaterials/DefaultDiffuse.uexp" 277
"../../../Engine/Content/EngineMaterials/DefaultDiffuse.ubulk" 278
"../../../Engine/Content/EngineMaterials/DefaultDeferredDecalMaterial.uasset" 279
"../../../Engine/Content/EngineMaterials/DefaultDeferredDecalMaterial.uexp" 280
"../../../Engine/Content/EngineMaterials/DefaultLightFunctionMaterial.uasset" 281
"../../../Engine/Content/EngineMaterials/DefaultLightFunctionMaterial.uexp" 282
"../../../Engine/Content/EngineMaterials/DefaultPhysicalMaterial.uasset" 283
"../../../Engine/Content/EngineMaterials/DefaultPhysicalMaterial.uexp" 284
"../../../Engine/Content/Functions/Engine_MaterialFunctions02/Utility/BreakOutFloat2Components.uasset" 285
"../../../Engine/Content/Functions/Engine_MaterialFunctions02/Utility/BreakOutFloat2Components.uexp" 286
"../../../Engine/Content/EngineMaterials/DefaultPostProcessMaterial.uasset" 287
"../../../Engine/Content/EngineMaterials/DefaultPostProcessMaterial.uexp" 288
"../../../Engine/Content/EngineFonts/RobotoDistanceField.uasset" 289
"../../../Engine/Content/EngineFonts/RobotoDistanceField.uexp" 290
"../../../Engine/Content/EngineMaterials/DefaultTextMaterialOpaque.uasset" 291
"../../../Engine/Content/EngineMaterials/DefaultTextMaterialOpaque.uexp" 292
"../../../Engine/Content/EngineMaterials/DefaultWhiteGrid.uasset" 293
"../../../Engine/Content/EngineMaterials/DefaultWhiteGrid.uexp" 294
"../../../Engine/Content/EngineMaterials/DefaultWhiteGrid.ubulk" 295
"../../../Engine/Content/EngineMaterials/DefaultWhiteGrid_Low.uasset" 296
"../../../Engine/Content/EngineMaterials/DefaultWhiteGrid_Low.uexp" 297
"../../../Engine/Content/EngineMaterials/EmissiveMeshMaterial.uasset" 298
"../../../Engine/Content/EngineMaterials/EmissiveMeshMaterial.uexp" 299
"../../../Engine/Content/EngineMaterials/GizmoMaterial.uasset" 300
"../../../Engine/Content/EngineMaterials/GizmoMaterial.uexp" 301
"../../../Engine/Content/EngineMaterials/Good64x64TilingNoiseHighFreq.uasset" 302
"../../../Engine/Content/EngineMaterials/Good64x64TilingNoiseHighFreq.uexp" 303
"../../../Engine/Content/EngineMaterials/MiniFont.uasset" 304
"../../../Engine/Content/EngineMaterials/MiniFont.uexp" 305
"../../../Engine/Content/EngineMaterials/InvalidLightmapSettings.uasset" 306
"../../../Engine/Content/EngineMaterials/InvalidLightmapSettings.uexp" 307
"../../../Engine/Content/EngineMaterials/InvalidLightmapSettings.ubulk" 308
"../../../Engine/Content/EngineMaterials/M_InvalidLightmapSettings.uasset" 309
"../../../Engine/Content/EngineMaterials/M_InvalidLightmapSettings.uexp" 310
"../../../Engine/Content/Functions/Engine_MaterialFunctions02/WorldPositionOffset/CameraOffset.uasset" 311
"../../../Engine/Content/Functions/Engine_MaterialFunctions02/WorldPositionOffset/CameraOffset.uexp" 312
"../../../Engine/Content/EngineMaterials/PhAT_JointLimitMaterial.uasset" 313
"../../../Engine/Content/EngineMaterials/PhAT_JointLimitMaterial.uexp" 314
"../../../Engine/Content/EngineMaterials/DefaultCalibrationColor.uasset" 315
"../../../Engine/Content/EngineMaterials/DefaultCalibrationColor.uexp" 316
"../../../Engine/Content/EngineMaterials/PPM_DefaultCalibrationColor.uasset" 317
"../../../Engine/Content/EngineMaterials/PPM_DefaultCalibrationColor.uexp" 318
"../../../Engine/Content/EngineMaterials/DefaultCalibrationGrayscale.uasset" 319
"../../../Engine/Content/EngineMaterials/DefaultCalibrationGrayscale.uexp" 320
"../../../Engine/Content/EngineMaterials/PPM_DefaultCalibrationGrayscale.uasset" 321
"../../../Engine/Content/EngineMaterials/PPM_DefaultCalibrationGrayscale.uexp" 322
"../../../Engine/Content/EngineMaterials/PreintegratedSkinBRDF.uasset" 323
"../../../Engine/Content/EngineMaterials/PreintegratedSkinBRDF.uexp" 324
"../../../Engine/Content/EngineMaterials/RemoveSurfaceMaterial.uasset" 325
"../../../Engine/Content/EngineMaterials/RemoveSurfaceMaterial.uexp" 326
"../../../Engine/Content/EngineMaterials/WeightMapPlaceholderTexture.uasset" 327
"../../../Engine/Content/EngineMaterials/WeightMapPlaceholderTexture.uexp" 328
"../../../Engine/Content/EngineResources/WhiteSquareTexture.uasset" 329
"../../../Engine/Content/EngineResources/WhiteSquareTexture.uexp" 330
"../../../Engine/Content/EngineMaterials/Widget3DPassThrough.uasset" 331
"../../../Engine/Content/EngineMaterials/Widget3DPassThrough.uexp" 332
"../../../Engine/Content/EngineMaterials/Widget3DPassThrough_Masked.uasset" 333
"../../../Engine/Content/EngineMaterials/Widget3DPassThrough_Masked.uexp" 334
"../../../Engine/Content/EngineMaterials/Widget3DPassThrough_Opaque.uasset" 335
"../../../Engine/Content/EngineMaterials/Widget3DPassThrough_Opaque.uexp" 336
"../../../Engine/Content/EngineMaterials/Widget3DPassThrough_Masked_OneSided.uasset" 337
"../../../Engine/Content/EngineMaterials/Widget3DPassThrough_Masked_OneSided.uexp" 338
"../../../Engine/Content/EngineMaterials/Widget3DPassThrough_Opaque_OneSided.uasset" 339
"../../../Engine/Content/EngineMaterials/Widget3DPassThrough_Opaque_OneSided.uexp" 340
"../../../Engine/Content/EngineMaterials/Widget3DPassThrough_Translucent.uasset" 341
"../../../Engine/Content/EngineMaterials/Widget3DPassThrough_Translucent.uexp" 342
"../../../Engine/Content/EngineMaterials/Widget3DPassThrough_Translucent_OneSided.uasset" 343
"../../../Engine/Content/EngineMaterials/Widget3DPassThrough_Translucent_OneSided.uexp" 344
"../../../Engine/Content/EngineMeshes/Cylinder.uasset" 345
"../../../Engine/Content/EngineMeshes/Cylinder.uexp" 346
"../../../Engine/Content/EngineMeshes/Sphere.uasset" 347
"../../../Engine/Content/EngineMeshes/Sphere.uexp" 348
"../../../Engine/Content/EngineResources/DefaultTexture.uasset" 349
"../../../Engine/Content/EngineResources/DefaultTexture.uexp" 350
"../../../Engine/Content/EngineResources/DefaultTexture.ubulk" 351
"../../../Engine/Content/EngineResources/DefaultTextureCube.uasset" 352
"../../../Engine/Content/EngineResources/DefaultTextureCube.uexp" 353
"../../../Engine/Content/EngineResources/DefaultVolumeTexture2D.uasset" 354
"../../../Engine/Content/EngineResources/DefaultVolumeTexture2D.uexp" 355
"../../../Engine/Content/EngineResources/DefaultVolumeTexture.uasset" 356
"../../../Engine/Content/EngineResources/DefaultVolumeTexture.uexp" 357
"../../../Engine/Content/EngineResources/GradientTexture0.uasset" 358
"../../../Engine/Content/EngineResources/GradientTexture0.uexp" 359
"../../../Engine/Content/EngineSky/VolumetricClouds/T_NoiseShape64.uasset" 360
"../../../Engine/Content/EngineSky/VolumetricClouds/T_NoiseShape64.uexp" 361
"../../../Engine/Content/EngineSky/VolumetricClouds/T_NoiseShape64.ubulk" 362
"../../../Engine/Content/EngineSky/VolumetricClouds/T_VolumeNoiseShape64.uasset" 363
"../../../Engine/Content/EngineSky/VolumetricClouds/T_VolumeNoiseShape64.uexp" 364
"../../../Engine/Content/EngineSky/VolumetricClouds/T_NoiseErosion.uasset" 365
"../../../Engine/Content/EngineSky/VolumetricClouds/T_NoiseErosion.uexp" 366
"../../../Engine/Content/EngineSky/VolumetricClouds/T_NoiseErosion.ubulk" 367
"../../../Engine/Content/EngineSky/VolumetricClouds/T_VolumeNoiseErosion32.uasset" 368
"../../../Engine/Content/EngineSky/VolumetricClouds/T_VolumeNoiseErosion32.uexp" 369
"../../../Engine/Content/EngineSky/VolumetricClouds/CloudWeatherTexture.uasset" 370
"../../../Engine/Content/EngineSky/VolumetricClouds/CloudWeatherTexture.uexp" 371
"../../../Engine/Content/EngineSky/VolumetricClouds/CloudGradientTexture.uasset" 372
"../../../Engine/Content/EngineSky/VolumetricClouds/CloudGradientTexture.uexp" 373
"../../../Engine/Content/Functions/Engine_MaterialFunctions02/Utility/MakeFloat2.uasset" 374
"../../../Engine/Content/Functions/Engine_MaterialFunctions02/Utility/MakeFloat2.uexp" 375
"../../../Engine/Content/EngineSky/VolumetricClouds/m_SimpleVolumetricCloud.uasset" 376
"../../../Engine/Content/EngineSky/VolumetricClouds/m_SimpleVolumetricCloud.uexp" 377
"../../../Engine/Content/EngineSky/VolumetricClouds/m_SimpleVolumetricCloud_Inst.uasset" 378
"../../../Engine/Content/EngineSky/VolumetricClouds/m_SimpleVolumetricCloud_Inst.uexp" 379
"../../../Engine/Content/EngineSounds/Master.uasset" 380
"../../../Engine/Content/EngineSounds/Master.uexp" 381
"../../../Engine/Content/Functions/Engine_MaterialFunctions01/Shading/PowerToRoughness.uasset" 382
"../../../Engine/Content/Functions/Engine_MaterialFunctions01/Shading/PowerToRoughness.uexp" 383
"../../../Engine/Content/Maps/Templates/Thumbnails/Default.uasset" 384
"../../../Engine/Content/Maps/Templates/Thumbnails/Default.uexp" 385
"../../../Engine/Content/Maps/Templates/Thumbnails/TimeOfDay.uasset" 386
"../../../Engine/Content/Maps/Templates/Thumbnails/TimeOfDay.uexp" 387
"../../../Engine/Content/Maps/Templates/Thumbnails/VR-Basic.uasset" 388
"../../../Engine/Content/Maps/Templates/Thumbnails/VR-Basic.uexp" 389
"../../../Engine/Content/MobileResources/T_MobileControls_texture.uasset" 390
"../../../Engine/Content/MobileResources/T_MobileControls_texture.uexp" 391
"../../../Engine/Content/MobileResources/T_MobileMenu2.uasset" 392
"../../../Engine/Content/MobileResources/T_MobileMenu2.uexp" 393
"../../../Engine/Content/MobileResources/HUD/AnalogHat.uasset" 394
"../../../Engine/Content/MobileResources/HUD/AnalogHat.uexp" 395
"../../../Engine/Content/MobileResources/HUD/VirtualJoystick_Thumb.uasset" 396
"../../../Engine/Content/MobileResources/HUD/VirtualJoystick_Thumb.uexp" 397
"../../../Engine/Content/MobileResources/HUD/VirtualJoystick_Background.uasset" 398
"../../../Engine/Content/MobileResources/HUD/VirtualJoystick_Background.uexp" 399
"../../../Engine/Content/MobileResources/HUD/DefaultVirtualJoysticks.uasset" 400
"../../../Engine/Content/MobileResources/HUD/DefaultVirtualJoysticks.uexp" 401
"../../../Engine/Content/MobileResources/HUD/LeftVirtualJoystickOnly.uasset" 402
"../../../Engine/Content/MobileResources/HUD/LeftVirtualJoystickOnly.uexp" 403
"../../../Engine/Content/MobileResources/HUD/MobileHUDButton1_off.uasset" 404
"../../../Engine/Content/MobileResources/HUD/MobileHUDButton1_off.uexp" 405
"../../../Engine/Content/MobileResources/HUD/MobileHUDButton1_on.uasset" 406
"../../../Engine/Content/MobileResources/HUD/MobileHUDButton1_on.uexp" 407
"../../../Engine/Content/MobileResources/HUD/MobileHUDButton2_off.uasset" 408
"../../../Engine/Content/MobileResources/HUD/MobileHUDButton2_off.uexp" 409
"../../../Engine/Content/MobileResources/HUD/MobileHUDButton2_on.uasset" 410
"../../../Engine/Content/MobileResources/HUD/MobileHUDButton2_on.uexp" 411
"../../../Engine/Content/MobileResources/HUD/MobileHUDButton3.uasset" 412
"../../../Engine/Content/MobileResources/HUD/MobileHUDButton3.uexp" 413
"../../../Engine/Content/MobileResources/HUD/MobileHUDButtonFire.uasset" 414
"../../../Engine/Content/MobileResources/HUD/MobileHUDButtonFire.uexp" 415
"../../../Engine/Content/MobileResources/HUD/MobileHUDDirectionPad.uasset" 416
"../../../Engine/Content/MobileResources/HUD/MobileHUDDirectionPad.uexp" 417
"../../../Engine/Content/MobileResources/HUD/MobileHUDDirectionPad2.uasset" 418
"../../../Engine/Content/MobileResources/HUD/MobileHUDDirectionPad2.uexp" 419
"../../../Engine/Content/MobileResources/HUD/MobileHUDDirectionPad3.uasset" 420
"../../../Engine/Content/MobileResources/HUD/MobileHUDDirectionPad3.uexp" 421
"../../../Engine/Content/MobileResources/HUD/MobileHUDDirectionStick.uasset" 422
"../../../Engine/Content/MobileResources/HUD/MobileHUDDirectionStick.uexp" 423
"../../../Engine/Content/MobileResources/HUD/T_Castle_ThumbstickInner.uasset" 424
"../../../Engine/Content/MobileResources/HUD/T_Castle_ThumbstickInner.uexp" 425
"../../../Engine/Content/MobileResources/HUD/T_Castle_ThumbstickOutter.uasset" 426
"../../../Engine/Content/MobileResources/HUD/T_Castle_ThumbstickOutter.uexp" 427
"../../../Engine/Content/Tutorial/ContentIntroCurve.uasset" 428
"../../../Engine/Content/Tutorial/ContentIntroCurve.uexp" 429
"../../../Engine/Content/VREditor/TransformGizmo/TranslucentTransformGizmoMaterial.uasset" 430
"../../../Engine/Content/VREditor/TransformGizmo/TranslucentTransformGizmoMaterial.uexp" 431
"../../../Engine/Content/VREditor/LaserPointer/VR_LaserPower_01.uasset" 432
"../../../Engine/Content/VREditor/LaserPointer/VR_LaserPower_01.uexp" 433
"../../../Engine/Content/VREditor/LaserPointer/VR_LaserPower_01.ubulk" 434
"../../../Engine/Content/VREditor/TransformGizmo/TransformGizmoMaterial.uasset" 435
"../../../Engine/Content/VREditor/TransformGizmo/TransformGizmoMaterial.uexp" 436
"../../../Engine/Content/VREditor/TransformGizmo/BoundingBoxCorner.uasset" 437
"../../../Engine/Content/VREditor/TransformGizmo/BoundingBoxCorner.uexp" 438
"../../../Engine/Content/VREditor/TransformGizmo/BoundingBoxEdge.uasset" 439
"../../../Engine/Content/VREditor/TransformGizmo/BoundingBoxEdge.uexp" 440
"../../../Engine/Content/VREditor/TransformGizmo/PlaneTranslationHandle.uasset" 441
"../../../Engine/Content/VREditor/TransformGizmo/PlaneTranslationHandle.uexp" 442
"../../../Engine/Content/VREditor/TransformGizmo/Main.uasset" 443
"../../../Engine/Content/VREditor/TransformGizmo/Main.uexp" 444
"../../../Engine/Content/VREditor/TransformGizmo/Xray.uasset" 445
"../../../Engine/Content/VREditor/TransformGizmo/Xray.uexp" 446
"../../../Engine/Content/VREditor/TransformGizmo/SM_Sequencer_Key.uasset" 447
"../../../Engine/Content/VREditor/TransformGizmo/SM_Sequencer_Key.uexp" 448
"../../../Engine/Content/VREditor/TransformGizmo/SM_Sequencer_Node.uasset" 449
"../../../Engine/Content/VREditor/TransformGizmo/SM_Sequencer_Node.uexp" 450
"../../../Engine/Plugins/2D/Paper2D/Content/PlaceholderTextures/DummySpriteTexture.uasset" 451
"../../../Engine/Plugins/2D/Paper2D/Content/PlaceholderTextures/DummySpriteTexture.uexp" 452
"../../../Engine/Plugins/2D/Paper2D/Content/PlaceholderTextures/DummySpriteTexture.ubulk" 453
"../../../Engine/Plugins/2D/Paper2D/Content/DummySprite.uasset" 454
"../../../Engine/Plugins/2D/Paper2D/Content/DummySprite.uexp" 455
"../../../Engine/Plugins/2D/Paper2D/Content/DefaultPaperTerrainMaterial.uasset" 456
"../../../Engine/Plugins/2D/Paper2D/Content/DefaultPaperTerrainMaterial.uexp" 457
"../../../Engine/Plugins/2D/Paper2D/Content/DefaultSpriteMaterial.uasset" 458
"../../../Engine/Plugins/2D/Paper2D/Content/DefaultSpriteMaterial.uexp" 459
"../../../Engine/Plugins/2D/Paper2D/Content/MaskedUnlitSpriteMaterial.uasset" 460
"../../../Engine/Plugins/2D/Paper2D/Content/MaskedUnlitSpriteMaterial.uexp" 461
"../../../Engine/Plugins/2D/Paper2D/Content/OpaqueUnlitSpriteMaterial.uasset" 462
"../../../Engine/Plugins/2D/Paper2D/Content/OpaqueUnlitSpriteMaterial.uexp" 463
"../../../Engine/Content/Functions/Engine_MaterialFunctions02/Utility/BreakOutFloat3Components.uasset" 464
"../../../Engine/Content/Functions/Engine_MaterialFunctions02/Utility/BreakOutFloat3Components.uexp" 465
"../../../Engine/Plugins/Editor/SpeedTreeImporter/Content/SpeedTree9/UnpackInteger3.uasset" 466
"../../../Engine/Plugins/Editor/SpeedTreeImporter/Content/SpeedTree9/UnpackInteger3.uexp" 467
"../../../Engine/Plugins/Editor/SpeedTreeImporter/Content/SpeedTree9/UnpackDirection.uasset" 468
"../../../Engine/Plugins/Editor/SpeedTreeImporter/Content/SpeedTree9/UnpackDirection.uexp" 469
"../../../Engine/Plugins/Editor/SpeedTreeImporter/Content/SpeedTree9/game_wind_noise.uasset" 470
"../../../Engine/Plugins/Editor/SpeedTreeImporter/Content/SpeedTree9/game_wind_noise.uexp" 471
"../../../Engine/Plugins/Editor/SpeedTreeImporter/Content/SpeedTree9/game_wind_noise.ubulk" 472
"../../../Engine/Content/Functions/Engine_MaterialFunctions02/SafeNormalize.uasset" 473
"../../../Engine/Content/Functions/Engine_MaterialFunctions02/SafeNormalize.uexp" 474
"../../../Engine/Plugins/Editor/SpeedTreeImporter/Content/SpeedTree9/SpeedTreeWindMotion.uasset" 475
"../../../Engine/Plugins/Editor/SpeedTreeImporter/Content/SpeedTree9/SpeedTreeWindMotion.uexp" 476
"../../../Engine/Plugins/Editor/SpeedTreeImporter/Content/SpeedTree9/SpeedTreeBranchMotion.uasset" 477
"../../../Engine/Plugins/Editor/SpeedTreeImporter/Content/SpeedTree9/SpeedTreeBranchMotion.uexp" 478
"../../../Engine/Content/Functions/Engine_MaterialFunctions02/ObjectLocalBounds.uasset" 479
"../../../Engine/Content/Functions/Engine_MaterialFunctions02/ObjectLocalBounds.uexp" 480
"../../../Engine/Content/Functions/Engine_MaterialFunctions02/UVs/BoundingBoxBased_0-1_UVW.uasset" 481
"../../../Engine/Content/Functions/Engine_MaterialFunctions02/UVs/BoundingBoxBased_0-1_UVW.uexp" 482
"../../../Engine/Content/Functions/Engine_MaterialFunctions02/Utility/VectorLength.uasset" 483
"../../../Engine/Content/Functions/Engine_MaterialFunctions02/Utility/VectorLength.uexp" 484
"../../../Engine/Content/Functions/Engine_MaterialFunctions02/WorldPositionOffset/ObjectScale.uasset" 485
"../../../Engine/Content/Functions/Engine_MaterialFunctions02/WorldPositionOffset/ObjectScale.uexp" 486
"../../../Engine/Plugins/Editor/SpeedTreeImporter/Content/SpeedTree9/SpeedTreeWind.uasset" 487
"../../../Engine/Plugins/Editor/SpeedTreeImporter/Content/SpeedTree9/SpeedTreeWind.uexp" 488
"../../../Engine/Plugins/Editor/SpeedTreeImporter/Content/SpeedTree9/SpeedTreeBillboard.uasset" 489
"../../../Engine/Plugins/Editor/SpeedTreeImporter/Content/SpeedTree9/SpeedTreeBillboard.uexp" 490
"../../../Engine/Plugins/Editor/SpeedTreeImporter/Content/SpeedTree9/EmptyNormal.uasset" 491
"../../../Engine/Plugins/Editor/SpeedTreeImporter/Content/SpeedTree9/EmptyNormal.uexp" 492
"../../../Engine/Plugins/Editor/SpeedTreeImporter/Content/SpeedTree9/Empty.uasset" 493
"../../../Engine/Plugins/Editor/SpeedTreeImporter/Content/SpeedTree9/Empty.uexp" 494
"../../../Engine/Plugins/Editor/SpeedTreeImporter/Content/SpeedTree9/SpeedTreeBillboardMaster.uasset" 495
"../../../Engine/Plugins/Editor/SpeedTreeImporter/Content/SpeedTree9/SpeedTreeBillboardMaster.uexp" 496
"../../../Engine/Plugins/Editor/SpeedTreeImporter/Content/SpeedTree9/SpeedTreeCameraFacing.uasset" 497
"../../../Engine/Plugins/Editor/SpeedTreeImporter/Content/SpeedTree9/SpeedTreeCameraFacing.uexp" 498
"../../../Engine/Plugins/Editor/SpeedTreeImporter/Content/SpeedTree9/SpeedTreeMaster.uasset" 499
"../../../Engine/Plugins/Editor/SpeedTreeImporter/Content/SpeedTree9/SpeedTreeMaster.uexp" 500
"../../../Engine/Content/BasicShapes/Cylinder.uasset" 501
"../../../Engine/Content/BasicShapes/Cylinder.uexp" 502
"../../../Engine/Content/ArtTools/RenderToTexture/Materials/Debug/M_Emissive_Color.uasset" 503
"../../../Engine/Content/ArtTools/RenderToTexture/Materials/Debug/M_Emissive_Color.uexp" 504
"../../../Engine/Plugins/Lumin/MagicLeapPassableWorld/Content/MagicLeapARPinInfoActor.uasset" 505
"../../../Engine/Plugins/Lumin/MagicLeapPassableWorld/Content/MagicLeapARPinInfoActor.uexp" 506
"../../../Engine/Plugins/Runtime/OpenXR/Content/Devices/GoogleDaydream/MRTexture.uasset" 507
"../../../Engine/Plugins/Runtime/OpenXR/Content/Devices/GoogleDaydream/MRTexture.uexp" 508
"../../../Engine/Plugins/Runtime/OpenXR/Content/Devices/GoogleDaydream/MRTexture.ubulk" 509
"../../../Engine/Plugins/Runtime/OpenXR/Content/Devices/GoogleDaydream/BaseTexture.uasset" 510
"../../../Engine/Plugins/Runtime/OpenXR/Content/Devices/GoogleDaydream/BaseTexture.uexp" 511
"../../../Engine/Plugins/Runtime/OpenXR/Content/Devices/GoogleDaydream/BaseTexture.ubulk" 512
"../../../Engine/Content/EngineResources/Black.uasset" 513
"../../../Engine/Content/EngineResources/Black.uexp" 514
"../../../Engine/Plugins/Runtime/OpenXR/Content/Devices/M_XRController.uasset" 515
"../../../Engine/Plugins/Runtime/OpenXR/Content/Devices/M_XRController.uexp" 516
"../../../Engine/Plugins/Runtime/OpenXR/Content/Devices/GoogleDaydream/MI_GoogleDaydream.uasset" 517
"../../../Engine/Plugins/Runtime/OpenXR/Content/Devices/GoogleDaydream/MI_GoogleDaydream.uexp" 518
"../../../Engine/Plugins/Runtime/OpenXR/Content/Devices/GoogleDaydream/GoogleDaydreamController.uasset" 519
"../../../Engine/Plugins/Runtime/OpenXR/Content/Devices/GoogleDaydream/GoogleDaydreamController.uexp" 520
"../../../Engine/Plugins/Runtime/OpenXR/Content/Devices/HTCVive/BaseTexture.uasset" 521
"../../../Engine/Plugins/Runtime/OpenXR/Content/Devices/HTCVive/BaseTexture.uexp" 522
"../../../Engine/Plugins/Runtime/OpenXR/Content/Devices/HTCVive/BaseTexture.ubulk" 523
"../../../Engine/Plugins/Runtime/OpenXR/Content/Devices/HTCVive/MI_HTCVive.uasset" 524
"../../../Engine/Plugins/Runtime/OpenXR/Content/Devices/HTCVive/MI_HTCVive.uexp" 525
"../../../Engine/Plugins/Runtime/OpenXR/Content/Devices/HTCVive/HTCViveController.uasset" 526
"../../../Engine/Plugins/Runtime/OpenXR/Content/Devices/HTCVive/HTCViveController.uexp" 527
"../../../Engine/Plugins/Runtime/OpenXR/Content/Devices/MicrosoftMixedReality/NormalTexture.uasset" 528
"../../../Engine/Plugins/Runtime/OpenXR/Content/Devices/MicrosoftMixedReality/NormalTexture.uexp" 529
"../../../Engine/Plugins/Runtime/OpenXR/Content/Devices/MicrosoftMixedReality/NormalTexture.ubulk" 530
"../../../Engine/Plugins/Runtime/OpenXR/Content/Devices/MicrosoftMixedReality/MRTexture.uasset" 531
"../../../Engine/Plugins/Runtime/OpenXR/Content/Devices/MicrosoftMixedReality/MRTexture.uexp" 532
"../../../Engine/Plugins/Runtime/OpenXR/Content/Devices/MicrosoftMixedReality/MRTexture.ubulk" 533
"../../../Engine/Plugins/Runtime/OpenXR/Content/Devices/MicrosoftMixedReality/EmissiveTexture.uasset" 534
"../../../Engine/Plugins/Runtime/OpenXR/Content/Devices/MicrosoftMixedReality/EmissiveTexture.uexp" 535
"../../../Engine/Plugins/Runtime/OpenXR/Content/Devices/MicrosoftMixedReality/EmissiveTexture.ubulk" 536
"../../../Engine/Plugins/Runtime/OpenXR/Content/Devices/MicrosoftMixedReality/BaseTexture.uasset" 537
"../../../Engine/Plugins/Runtime/OpenXR/Content/Devices/MicrosoftMixedReality/BaseTexture.uexp" 538
"../../../Engine/Plugins/Runtime/OpenXR/Content/Devices/MicrosoftMixedReality/BaseTexture.ubulk" 539
"../../../Engine/Plugins/Runtime/OpenXR/Content/Devices/MicrosoftMixedReality/MI_MicrosoftMixedReality.uasset" 540
"../../../Engine/Plugins/Runtime/OpenXR/Content/Devices/MicrosoftMixedReality/MI_MicrosoftMixedReality.uexp" 541
"../../../Engine/Plugins/Runtime/OpenXR/Content/Devices/MicrosoftMixedReality/Left/left_MicrosoftMixedRealityController.uasset" 542
"../../../Engine/Plugins/Runtime/OpenXR/Content/Devices/MicrosoftMixedReality/Left/left_MicrosoftMixedRealityController.uexp" 543
"../../../Engine/Plugins/Runtime/OpenXR/Content/Devices/MicrosoftMixedReality/Right/right_MicrosoftMixedRealityController.uasset" 544
"../../../Engine/Plugins/Runtime/OpenXR/Content/Devices/MicrosoftMixedReality/Right/right_MicrosoftMixedRealityController.uexp" 545
"../../../Engine/Plugins/Runtime/OpenXR/Content/Devices/OculusGo/BaseTexture.uasset" 546
"../../../Engine/Plugins/Runtime/OpenXR/Content/Devices/OculusGo/BaseTexture.uexp" 547
"../../../Engine/Plugins/Runtime/OpenXR/Content/Devices/OculusGo/BaseTexture.ubulk" 548
"../../../Engine/Plugins/Runtime/OpenXR/Content/Devices/OculusGo/MI_OculusGo.uasset" 549
"../../../Engine/Plugins/Runtime/OpenXR/Content/Devices/OculusGo/MI_OculusGo.uexp" 550
"../../../Engine/Plugins/Runtime/OpenXR/Content/Devices/OculusGo/OculusGoController.uasset" 551
"../../../Engine/Plugins/Runtime/OpenXR/Content/Devices/OculusGo/OculusGoController.uexp" 552
"../../../Engine/Plugins/Runtime/OpenXR/Content/Devices/OculusTouch/MRTexture.uasset" 553
"../../../Engine/Plugins/Runtime/OpenXR/Content/Devices/OculusTouch/MRTexture.uexp" 554
"../../../Engine/Plugins/Runtime/OpenXR/Content/Devices/OculusTouch/MRTexture.ubulk" 555
"../../../Engine/Plugins/Runtime/OpenXR/Content/Devices/OculusTouch/BaseTexture.uasset" 556
"../../../Engine/Plugins/Runtime/OpenXR/Content/Devices/OculusTouch/BaseTexture.uexp" 557
"../../../Engine/Plugins/Runtime/OpenXR/Content/Devices/OculusTouch/BaseTexture.ubulk" 558
"../../../Engine/Plugins/Runtime/OpenXR/Content/Devices/OculusTouch/MI_OculusTouch.uasset" 559
"../../../Engine/Plugins/Runtime/OpenXR/Content/Devices/OculusTouch/MI_OculusTouch.uexp" 560
"../../../Engine/Plugins/Runtime/OpenXR/Content/Devices/OculusTouch/Left/left_OculusTouchController.uasset" 561
"../../../Engine/Plugins/Runtime/OpenXR/Content/Devices/OculusTouch/Left/left_OculusTouchController.uexp" 562
"../../../Engine/Plugins/Runtime/OpenXR/Content/Devices/OculusTouch/Right/right_OculusTouchController.uasset" 563
"../../../Engine/Plugins/Runtime/OpenXR/Content/Devices/OculusTouch/Right/right_OculusTouchController.uexp" 564
"../../../Engine/Plugins/Runtime/OpenXR/Content/Devices/OculusTouch_v2/MRTexture.uasset" 565
"../../../Engine/Plugins/Runtime/OpenXR/Content/Devices/OculusTouch_v2/MRTexture.uexp" 566
"../../../Engine/Plugins/Runtime/OpenXR/Content/Devices/OculusTouch_v2/MRTexture.ubulk" 567
"../../../Engine/Plugins/Runtime/OpenXR/Content/Devices/OculusTouch_v2/BaseTexture.uasset" 568
"../../../Engine/Plugins/Runtime/OpenXR/Content/Devices/OculusTouch_v2/BaseTexture.uexp" 569
"../../../Engine/Plugins/Runtime/OpenXR/Content/Devices/OculusTouch_v2/BaseTexture.ubulk" 570
"../../../Engine/Plugins/Runtime/OpenXR/Content/Devices/OculusTouch_v2/MI_OculusTouch_v2.uasset" 571
"../../../Engine/Plugins/Runtime/OpenXR/Content/Devices/OculusTouch_v2/MI_OculusTouch_v2.uexp" 572
"../../../Engine/Plugins/Runtime/OpenXR/Content/Devices/OculusTouch_v2/Left/left_OculusTouch_v2Controller.uasset" 573
"../../../Engine/Plugins/Runtime/OpenXR/Content/Devices/OculusTouch_v2/Left/left_OculusTouch_v2Controller.uexp" 574
"../../../Engine/Plugins/Runtime/OpenXR/Content/Devices/OculusTouch_v2/Right/right_OculusTouch_v2Controller.uasset" 575
"../../../Engine/Plugins/Runtime/OpenXR/Content/Devices/OculusTouch_v2/Right/right_OculusTouch_v2Controller.uexp" 576
"../../../Engine/Plugins/Runtime/OpenXR/Content/Devices/OculusTouch_v3/MRTexture.uasset" 577
"../../../Engine/Plugins/Runtime/OpenXR/Content/Devices/OculusTouch_v3/MRTexture.uexp" 578
"../../../Engine/Plugins/Runtime/OpenXR/Content/Devices/OculusTouch_v3/MRTexture.ubulk" 579
"../../../Engine/Plugins/Runtime/OpenXR/Content/Devices/OculusTouch_v3/BaseTexture.uasset" 580
"../../../Engine/Plugins/Runtime/OpenXR/Content/Devices/OculusTouch_v3/BaseTexture.uexp" 581
"../../../Engine/Plugins/Runtime/OpenXR/Content/Devices/OculusTouch_v3/BaseTexture.ubulk" 582
"../../../Engine/Plugins/Runtime/OpenXR/Content/Devices/OculusTouch_v3/MI_OculusTouch_v3.uasset" 583
"../../../Engine/Plugins/Runtime/OpenXR/Content/Devices/OculusTouch_v3/MI_OculusTouch_v3.uexp" 584
"../../../Engine/Plugins/Runtime/OpenXR/Content/Devices/OculusTouch_v3/Left/left_OculusTouch_v3Controller.uasset" 585
"../../../Engine/Plugins/Runtime/OpenXR/Content/Devices/OculusTouch_v3/Left/left_OculusTouch_v3Controller.uexp" 586
"../../../Engine/Plugins/Runtime/OpenXR/Content/Devices/OculusTouch_v3/Right/right_OculusTouch_v3Controller.uasset" 587
"../../../Engine/Plugins/Runtime/OpenXR/Content/Devices/OculusTouch_v3/Right/right_OculusTouch_v3Controller.uexp" 588
"../../../Engine/Plugins/Runtime/OpenXR/Content/Devices/ValveIndex/MRTexture.uasset" 589
"../../../Engine/Plugins/Runtime/OpenXR/Content/Devices/ValveIndex/MRTexture.uexp" 590
"../../../Engine/Plugins/Runtime/OpenXR/Content/Devices/ValveIndex/MRTexture.ubulk" 591
"../../../Engine/Plugins/Runtime/OpenXR/Content/Devices/ValveIndex/BaseTexture.uasset" 592
"../../../Engine/Plugins/Runtime/OpenXR/Content/Devices/ValveIndex/BaseTexture.uexp" 593
"../../../Engine/Plugins/Runtime/OpenXR/Content/Devices/ValveIndex/BaseTexture.ubulk" 594
"../../../Engine/Plugins/Runtime/OpenXR/Content/Devices/ValveIndex/Left/MI_left_ValveIndex.uasset" 595
"../../../Engine/Plugins/Runtime/OpenXR/Content/Devices/ValveIndex/Left/MI_left_ValveIndex.uexp" 596
"../../../Engine/Plugins/Runtime/OpenXR/Content/Devices/ValveIndex/Left/left_ValveIndexController.uasset" 597
"../../../Engine/Plugins/Runtime/OpenXR/Content/Devices/ValveIndex/Left/left_ValveIndexController.uexp" 598
"../../../Engine/Plugins/Runtime/OpenXR/Content/Devices/ValveIndex/Right/MI_right_ValveIndex.uasset" 599
"../../../Engine/Plugins/Runtime/OpenXR/Content/Devices/ValveIndex/Right/MI_right_ValveIndex.uexp" 600
"../../../Engine/Plugins/Runtime/OpenXR/Content/Devices/ValveIndex/Right/right_ValveIndexController.uasset" 601
"../../../Engine/Plugins/Runtime/OpenXR/Content/Devices/ValveIndex/Right/right_ValveIndexController.uexp" 602
"../../../Engine/Content/Functions/Engine_MaterialFunctions02/Utility/BreakOutFloat4Components.uasset" 603
"../../../Engine/Content/Functions/Engine_MaterialFunctions02/Utility/BreakOutFloat4Components.uexp" 604
"../../../Engine/Content/Functions/Engine_MaterialFunctions02/Utility/MakeFloat3.uasset" 605
"../../../Engine/Content/Functions/Engine_MaterialFunctions02/Utility/MakeFloat3.uexp" 606
"../../../Engine/Plugins/Runtime/Oculus/OculusVR/Content/Materials/OculusMR_ChromaKey.uasset" 607
"../../../Engine/Plugins/Runtime/Oculus/OculusVR/Content/Materials/OculusMR_ChromaKey.uexp" 608
"../../../Engine/Plugins/Runtime/Oculus/OculusVR/Content/Materials/OculusMR_OpaqueColoredMaterial.uasset" 609
"../../../Engine/Plugins/Runtime/Oculus/OculusVR/Content/Materials/OculusMR_OpaqueColoredMaterial.uexp" 610
"../../../Engine/Plugins/Runtime/Oculus/OculusVR/Content/Materials/PokeAHoleMaterial.uasset" 611
"../../../Engine/Plugins/Runtime/Oculus/OculusVR/Content/Materials/PokeAHoleMaterial.uexp" 612
"../../../Engine/Plugins/Runtime/Oculus/OculusVR/Content/Textures/touchController_controlmap.uasset" 613
"../../../Engine/Plugins/Runtime/Oculus/OculusVR/Content/Textures/touchController_controlmap.uexp" 614
"../../../Engine/Plugins/Runtime/Oculus/OculusVR/Content/Textures/touchController_controlmap.ubulk" 615
"../../../Engine/Plugins/Runtime/Oculus/OculusVR/Content/Textures/touchController_albedo.uasset" 616
"../../../Engine/Plugins/Runtime/Oculus/OculusVR/Content/Textures/touchController_albedo.uexp" 617
"../../../Engine/Plugins/Runtime/Oculus/OculusVR/Content/Textures/touchController_albedo.ubulk" 618
"../../../Engine/Plugins/Runtime/Oculus/OculusVR/Content/Materials/touchController_mat.uasset" 619
"../../../Engine/Plugins/Runtime/Oculus/OculusVR/Content/Materials/touchController_mat.uexp" 620
"../../../Engine/Plugins/Runtime/Oculus/OculusVR/Content/Meshes/LeftTouchController.uasset" 621
"../../../Engine/Plugins/Runtime/Oculus/OculusVR/Content/Meshes/LeftTouchController.uexp" 622
"../../../Engine/Plugins/Runtime/Oculus/OculusVR/Content/Textures/TouchForQuestRiftSController_albedo.uasset" 623
"../../../Engine/Plugins/Runtime/Oculus/OculusVR/Content/Textures/TouchForQuestRiftSController_albedo.uexp" 624
"../../../Engine/Plugins/Runtime/Oculus/OculusVR/Content/Textures/TouchForQuestRiftSController_albedo.ubulk" 625
"../../../Engine/Plugins/Runtime/Oculus/OculusVR/Content/Materials/TouchForQuestRiftSControllerMaterial.uasset" 626
"../../../Engine/Plugins/Runtime/Oculus/OculusVR/Content/Materials/TouchForQuestRiftSControllerMaterial.uexp" 627
"../../../Engine/Plugins/Runtime/Oculus/OculusVR/Content/Meshes/LeftTouchForQuestRiftSController.uasset" 628
"../../../Engine/Plugins/Runtime/Oculus/OculusVR/Content/Meshes/LeftTouchForQuestRiftSController.uexp" 629
"../../../Engine/Plugins/Runtime/Oculus/OculusVR/Content/Meshes/RiftHMD.uasset" 630
"../../../Engine/Plugins/Runtime/Oculus/OculusVR/Content/Meshes/RiftHMD.uexp" 631
"../../../Engine/Plugins/Runtime/Oculus/OculusVR/Content/Meshes/RightTouchController.uasset" 632
"../../../Engine/Plugins/Runtime/Oculus/OculusVR/Content/Meshes/RightTouchController.uexp" 633
"../../../Engine/Plugins/Runtime/Oculus/OculusVR/Content/Meshes/RightTouchForQuestRiftSController.uasset" 634
"../../../Engine/Plugins/Runtime/Oculus/OculusVR/Content/Meshes/RightTouchForQuestRiftSController.uexp" 635
"../../../Engine/Content/BasicShapes/BasicShapeMaterial.uasset" 636
"../../../Engine/Content/BasicShapes/BasicShapeMaterial.uexp" 637
"../../../Engine/Content/BasicShapes/Sphere.uasset" 638
"../../../Engine/Content/BasicShapes/Sphere.uexp" 639
"D:/Unreal Engine/Projects/BuildingProject/Content/Material/M_PortalMaterial.uasset" 640
"D:/Unreal Engine/Projects/BuildingProject/Content/Material/M_PortalMaterial.uexp" 641
"D:/Unreal Engine/Projects/BuildingProject/Content/Material/M_TransmitterMaterial.uasset" 642
"D:/Unreal Engine/Projects/BuildingProject/Content/Material/M_TransmitterMaterial.uexp" 643
"D:/Unreal Engine/Projects/BuildingProject/Content/Material/M_SourceMaterial.uasset" 644
"D:/Unreal Engine/Projects/BuildingProject/Content/Material/M_SourceMaterial.uexp" 645
"D:/Unreal Engine/Projects/BuildingProject/Content/COREThings/Geometry/Meshes/1M_Cube.uasset" 646
"D:/Unreal Engine/Projects/BuildingProject/Content/COREThings/Geometry/Meshes/1M_Cube.uexp" 647
"D:/Unreal Engine/Projects/BuildingProject/Content/Blueprints/Buildings/BP_BuildHub.uasset" 648
"D:/Unreal Engine/Projects/BuildingProject/Content/Blueprints/Buildings/BP_BuildHub.uexp" 649
"D:/Unreal Engine/Projects/BuildingProject/Content/Blueprints/Buildings/BP_BuildSource.uasset" 650
"D:/Unreal Engine/Projects/BuildingProject/Content/Blueprints/Buildings/BP_BuildSource.uexp" 651
"D:/Unreal Engine/Projects/BuildingProject/Content/Blueprints/Buildings/BP_BuildTransmitter.uasset" 652
"D:/Unreal Engine/Projects/BuildingProject/Content/Blueprints/Buildings/BP_BuildTransmitter.uexp" 653
"D:/Unreal Engine/Projects/BuildingProject/Content/Blueprints/Buildings/BP_BuildPortal.uasset" 654
"D:/Unreal Engine/Projects/BuildingProject/Content/Blueprints/Buildings/BP_BuildPortal.uexp" 655
"../../../Engine/Content/BasicShapes/Cube.uasset" 656
"../../../Engine/Content/BasicShapes/Cube.uexp" 657
"D:/Unreal Engine/Projects/BuildingProject/Content/Blueprints/BP_Ground.uasset" 658
"D:/Unreal Engine/Projects/BuildingProject/Content/Blueprints/BP_Ground.uexp" 659
"D:/Unreal Engine/Projects/BuildingProject/Content/Blueprints/Buildings/S_Buildings.uasset" 660
"D:/Unreal Engine/Projects/BuildingProject/Content/Blueprints/Buildings/S_Buildings.uexp" 661
"D:/Unreal Engine/Projects/BuildingProject/Content/Material/M_PreviewMaterial.uasset" 662
"D:/Unreal Engine/Projects/BuildingProject/Content/Material/M_PreviewMaterial.uexp" 663
"D:/Unreal Engine/Projects/BuildingProject/Content/Blueprints/Buildings/DT_BuildData.uasset" 664
"D:/Unreal Engine/Projects/BuildingProject/Content/Blueprints/Buildings/DT_BuildData.uexp" 665
"D:/Unreal Engine/Projects/BuildingProject/Content/Blueprints/BPC_BuildSystem.uasset" 666
"D:/Unreal Engine/Projects/BuildingProject/Content/Blueprints/BPC_BuildSystem.uexp" 667
"D:/Unreal Engine/Projects/BuildingProject/Content/Blueprints/FirstPersonCharacter.uasset" 668
"D:/Unreal Engine/Projects/BuildingProject/Content/Blueprints/FirstPersonCharacter.uexp" 669
"D:/Unreal Engine/Projects/BuildingProject/Content/Blueprints/FirstPersonHUD.uasset" 670
"D:/Unreal Engine/Projects/BuildingProject/Content/Blueprints/FirstPersonHUD.uexp" 671
"D:/Unreal Engine/Projects/BuildingProject/Content/Blueprints/FirstPersonGameMode.uasset" 672
"D:/Unreal Engine/Projects/BuildingProject/Content/Blueprints/FirstPersonGameMode.uexp" 673
"../../../Engine/Content/EngineSky/T_Sky_Stars.uasset" 674
"../../../Engine/Content/EngineSky/T_Sky_Stars.uexp" 675
"../../../Engine/Content/EngineSky/T_Sky_Stars.ubulk" 676
"../../../Engine/Content/EngineSky/T_Sky_Clouds_M.uasset" 677
"../../../Engine/Content/EngineSky/T_Sky_Clouds_M.uexp" 678
"../../../Engine/Content/EngineSky/T_Sky_Clouds_M.ubulk" 679
"../../../Engine/Content/EngineSky/T_Sky_Blue.uasset" 680
"../../../Engine/Content/EngineSky/T_Sky_Blue.uexp" 681
"../../../Engine/Content/EngineSky/T_Sky_Blue.ubulk" 682
"../../../Engine/Content/EngineSky/M_Sky_Panning_Clouds2.uasset" 683
"../../../Engine/Content/EngineSky/M_Sky_Panning_Clouds2.uexp" 684
"../../../Engine/Content/Functions/Engine_MaterialFunctions03/Procedurals/ComputeFilterWidth.uasset" 685
"../../../Engine/Content/Functions/Engine_MaterialFunctions03/Procedurals/ComputeFilterWidth.uexp" 686
"../../../Engine/Content/EngineMaterials/AntiAliasedTextMaterialTranslucent.uasset" 687
"../../../Engine/Content/EngineMaterials/AntiAliasedTextMaterialTranslucent.uexp" 688
"D:/Unreal Engine/Projects/BuildingProject/Content/COREThings/FirstPersonBP/Maps/FirstPersonExampleMap_BuiltData.uasset" 689
"D:/Unreal Engine/Projects/BuildingProject/Content/COREThings/FirstPersonBP/Maps/FirstPersonExampleMap_BuiltData.uexp" 690
"D:/Unreal Engine/Projects/BuildingProject/Content/COREThings/FirstPersonBP/Maps/FirstPersonExampleMap_BuiltData.ubulk" 691
"../../../Engine/Content/EngineSky/SM_SkySphere.uasset" 692
"../../../Engine/Content/EngineSky/SM_SkySphere.uexp" 693
"../../../Engine/Content/EngineSky/C_Sky_Zenith_Color.uasset" 694
"../../../Engine/Content/EngineSky/C_Sky_Zenith_Color.uexp" 695
"../../../Engine/Content/EngineSky/C_Sky_Horizon_Color.uasset" 696
"../../../Engine/Content/EngineSky/C_Sky_Horizon_Color.uexp" 697
"../../../Engine/Content/EngineSky/C_Sky_Cloud_Color.uasset" 698
"../../../Engine/Content/EngineSky/C_Sky_Cloud_Color.uexp" 699
"../../../Engine/Content/EngineSky/BP_Sky_Sphere.uasset" 700
"../../../Engine/Content/EngineSky/BP_Sky_Sphere.uexp" 701
"D:/Unreal Engine/Projects/BuildingProject/Content/COREThings/FirstPerson/Meshes/CubeMaterialOverride.uasset" 702
"D:/Unreal Engine/Projects/BuildingProject/Content/COREThings/FirstPerson/Meshes/CubeMaterialOverride.uexp" 703
"D:/Unreal Engine/Projects/BuildingProject/Content/COREThings/FirstPersonBP/Maps/FirstPersonExampleMap.uexp" 704
"D:/Unreal Engine/Projects/BuildingProject/Content/COREThings/FirstPersonBP/Maps/FirstPersonExampleMap.umap" 705
"D:/Unreal Engine/Projects/BuildingProject/Content/Levels/Level1.uexp" 706
"D:/Unreal Engine/Projects/BuildingProject/Content/Levels/Level1.umap" 707
"../../../Engine/Content/Maps/Entry_BuiltData.uasset" 708
"../../../Engine/Content/Maps/Entry_BuiltData.uexp" 709
"../../../Engine/Content/Maps/Entry.uexp" 710
"../../../Engine/Content/Maps/Entry.umap" 711
