Log file open, 04/10/24 16:25:42
LogWindows: Failed to load 'aqProf.dll' (GetLastError=126)
LogWindows: File 'aqProf.dll' does not exist
LogWindows: Failed to load 'VtuneApi.dll' (GetLastError=126)
LogWindows: File 'VtuneApi.dll' does not exist
LogWindows: Failed to load 'VtuneApi32e.dll' (GetLastError=126)
LogWindows: File 'VtuneApi32e.dll' does not exist
LogConsoleResponse: Display: Failed to find resolution value strings in scalability ini. Falling back to default.
LogConsoleResponse: Display: Failed to find resolution value strings in scalability ini. Falling back to default.
LogInit: Display: Running engine for game: BuildingProject
LogPlatformFile: Not using cached read wrapper
LogTaskGraph: Started task graph with 5 named threads and 71 total threads with 3 sets of task threads.
LogStats: Stats thread started at 62.465135
LogICUInternationalization: ICU TimeZone Detection - Raw Offset: +4:00, Platform Override: ''
LogInit: Display: Loading text-based GConfig....
LogPluginManager: Mounting plugin MeshPainting
LogPluginManager: Mounting plugin XGEController
LogPluginManager: Mounting plugin Paper2D
LogPluginManager: Mounting plugin LiveLink
LogPluginManager: Mounting plugin AISupport
LogPluginManager: Mounting plugin LightPropagationVolume
LogPluginManager: Mounting plugin EnvironmentQueryEditor
LogPluginManager: Mounting plugin CameraShakePreviewer
LogPluginManager: Mounting plugin OodleNetwork
LogPluginManager: Mounting plugin OodleData
LogPluginManager: Mounting plugin DatasmithContent
LogPluginManager: Mounting plugin AssetManagerEditor
LogPluginManager: Mounting plugin VariantManagerContent
LogPluginManager: Mounting plugin CurveEditorTools
LogPluginManager: Mounting plugin Niagara
LogPluginManager: Mounting plugin DataValidation
LogPluginManager: Mounting plugin CryptoKeys
LogPluginManager: Mounting plugin FacialAnimation
LogPluginManager: Mounting plugin GameplayTagsEditor
LogPluginManager: Mounting plugin MacGraphicsSwitching
LogPluginManager: Mounting plugin MaterialAnalyzer
LogPluginManager: Mounting plugin MobileLauncherProfileWizard
LogPluginManager: Mounting plugin PluginBrowser
LogPluginManager: Mounting plugin GeometryMode
LogPluginManager: Mounting plugin SpeedTreeImporter
LogPluginManager: Mounting plugin AlembicImporter
LogPluginManager: Mounting plugin BackChannel
LogPluginManager: Mounting plugin AutomationUtils
LogPluginManager: Mounting plugin ChaosSolverPlugin
LogPluginManager: Mounting plugin ChaosClothEditor
LogPluginManager: Mounting plugin ChaosEditor
LogPluginManager: Mounting plugin ChaosNiagara
LogPluginManager: Mounting plugin MagicLeap
LogPluginManager: Mounting plugin ChaosCloth
LogPluginManager: Mounting plugin GeometryCollectionPlugin
LogPluginManager: Mounting plugin MagicLeapLightEstimation
LogPluginManager: Mounting plugin MagicLeapMedia
LogPluginManager: Mounting plugin MagicLeapPassableWorld
LogPluginManager: Mounting plugin MLSDK
LogPluginManager: Mounting plugin GeometryCache
LogPluginManager: Mounting plugin LuminPlatformFeatures
LogPluginManager: Mounting plugin AvfMedia
LogPluginManager: Mounting plugin AndroidMedia
LogPluginManager: Mounting plugin CharacterAI
LogPluginManager: Mounting plugin ImgMedia
LogPluginManager: Mounting plugin MediaPlayerEditor
LogPluginManager: Mounting plugin MediaCompositing
LogPluginManager: Mounting plugin GeometryProcessing
LogPluginManager: Mounting plugin WebMMedia
LogPluginManager: Mounting plugin WmfMedia
LogPluginManager: Mounting plugin OpenImageDenoise
LogPluginManager: Mounting plugin MotoSynth
LogPluginManager: Mounting plugin PlanarCut
LogPluginManager: Mounting plugin SkeletalReduction
LogPluginManager: Mounting plugin PlatformCrypto
LogPluginManager: Mounting plugin ProxyLODPlugin
LogPluginManager: Mounting plugin PythonScriptPlugin
LogPluginManager: Mounting plugin UdpMessaging
LogPluginManager: Mounting plugin ActorSequence
LogPluginManager: Mounting plugin TcpMessaging
LogPluginManager: Mounting plugin LevelSequenceEditor
LogPluginManager: Mounting plugin OnlineSubsystem
LogPluginManager: Mounting plugin MatineeToLevelSequence
LogPluginManager: Mounting plugin OnlineSubsystemNull
LogPluginManager: Mounting plugin OnlineSubsystemUtils
LogPluginManager: Mounting plugin ActorLayerUtilities
LogPluginManager: Mounting plugin AndroidDeviceProfileSelector
LogPluginManager: Mounting plugin LauncherChunkInstaller
LogPluginManager: Mounting plugin AndroidMoviePlayer
LogPluginManager: Mounting plugin AppleImageUtils
LogPluginManager: Mounting plugin AppleMoviePlayer
LogPluginManager: Mounting plugin TemplateSequence
LogPluginManager: Mounting plugin AudioCapture
LogPluginManager: Mounting plugin ArchVisCharacter
LogPluginManager: Mounting plugin AssetTags
LogPluginManager: Mounting plugin AudioSynesthesia
LogPluginManager: Mounting plugin CustomMeshComponent
LogPluginManager: Mounting plugin ChunkDownloader
LogPluginManager: Mounting plugin AndroidPermission
LogPluginManager: Mounting plugin CableComponent
LogPluginManager: Mounting plugin GoogleCloudMessaging
LogPluginManager: Mounting plugin ExampleDeviceProfileSelector
LogPluginManager: Mounting plugin EditableMesh
LogPluginManager: Mounting plugin GooglePAD
LogPluginManager: Mounting plugin IOSDeviceProfileSelector
LogPluginManager: Mounting plugin LinuxDeviceProfileSelector
LogPluginManager: Mounting plugin LocationServicesBPLibrary
LogPluginManager: Mounting plugin MobilePatchingUtils
LogPluginManager: Mounting plugin OpenXR
LogPluginManager: Mounting plugin OpenXREyeTracker
LogPluginManager: Mounting plugin OpenXRHandTracking
LogPluginManager: Mounting plugin ProceduralMeshComponent
LogPluginManager: Mounting plugin PhysXVehicles
LogPluginManager: Mounting plugin PostSplashScreen
LogPluginManager: Mounting plugin SoundFields
LogPluginManager: Mounting plugin PropertyAccessEditor
LogPluginManager: Mounting plugin RuntimePhysXCooking
LogPluginManager: Mounting plugin SignificanceManager
LogPluginManager: Mounting plugin Synthesis
LogPluginManager: Mounting plugin WindowsMoviePlayer
LogPluginManager: Mounting plugin WebMMoviePlayer
LogPluginManager: Mounting plugin ScreenshotTools
LogPluginManager: Mounting plugin CLionSourceCodeAccess
LogPluginManager: Mounting plugin Takes
LogPluginManager: Mounting plugin AnimationSharing
LogPluginManager: Mounting plugin GitSourceControl
LogPluginManager: Mounting plugin CodeLiteSourceCodeAccess
LogPluginManager: Mounting plugin NullSourceCodeAccess
LogPluginManager: Mounting plugin PixWinPlugin
LogPluginManager: Mounting plugin KDevelopSourceCodeAccess
LogPluginManager: Mounting plugin PerforceSourceControl
LogPluginManager: Mounting plugin PlasticSourceControl
LogPluginManager: Mounting plugin PluginUtils
LogPluginManager: Mounting plugin RiderSourceCodeAccess
LogPluginManager: Mounting plugin PropertyAccessNode
LogPluginManager: Mounting plugin TextureFormatOodle
LogPluginManager: Mounting plugin SubversionSourceControl
LogPluginManager: Mounting plugin UObjectPlugin
LogPluginManager: Mounting plugin XCodeSourceCodeAccess
LogPluginManager: Mounting plugin VisualStudioCodeSourceCodeAccess
LogPluginManager: Mounting plugin VisualStudioSourceCodeAccess
LogPluginManager: Mounting plugin GameplayCameras
LogPluginManager: Mounting plugin ContentBrowserClassDataSource
LogPluginManager: Mounting plugin ContentBrowserFileDataSource
LogPluginManager: Mounting plugin ContentBrowserAssetDataSource
LogPluginManager: Mounting plugin OnlineSubsystemGooglePlay
LogPluginManager: Mounting plugin OnlineSubsystemIOS
LogPluginManager: Mounting plugin OculusVR
LogPluginManager: Mounting plugin SteamVR
LogInit: Using libcurl 7.55.1-DEV
LogInit:  - built for x86_64-pc-win32
LogInit:  - supports SSL with OpenSSL/1.1.1
LogInit:  - supports HTTP deflate (compression) using libz 1.2.8
LogInit:  - other features:
LogInit:      CURL_VERSION_SSL
LogInit:      CURL_VERSION_LIBZ
LogInit:      CURL_VERSION_IPV6
LogInit:      CURL_VERSION_ASYNCHDNS
LogInit:      CURL_VERSION_LARGEFILE
LogInit:      CURL_VERSION_IDN
LogInit:  CurlRequestOptions (configurable via config and command line):
LogInit:  - bVerifyPeer = true  - Libcurl will verify peer certificate
LogInit:  - bUseHttpProxy = false  - Libcurl will NOT use HTTP proxy
LogInit:  - bDontReuseConnections = false  - Libcurl will reuse connections
LogInit:  - MaxHostConnections = 16  - Libcurl will limit the number of connections to a host
LogInit:  - LocalHostAddr = Default
LogInit:  - BufferSize = 65536
LogOnline: OSS: Creating online subsystem instance for: NULL
LogInit: WinSock: version 1.1 (2.2), MaxSocks=32767, MaxUdp=65467
LogOnline: OSS: TryLoadSubsystemAndSetDefault: Loaded subsystem for module [NULL]
PixWinPlugin: PIX capture plugin failed to initialize! Check that the process is launched from PIX.
LogInit: Build: ++UE4+Release-4.27-CL-18319896
LogInit: Engine Version: 4.27.2-18319896+++UE4+Release-4.27
LogInit: Compatible Engine Version: 4.27.0-17155196+++UE4+Release-4.27
LogInit: Net CL: 17155196
LogInit: OS: Windows 10 (Release 2009) (), CPU: Intel(R) Xeon(R) CPU E5-2670 v3 @ 2.30GHz, GPU: NVIDIA GeForce GTX 1080
LogInit: Compiled (64-bit): Nov 30 2021 07:12:08
LogInit: Compiled with Visual C++: 19.24.28315.00
LogInit: Build Configuration: Development
LogInit: Branch Name: ++UE4+Release-4.27
LogInit: Command Line:  "D:\Unreal Engine\Projects\BuildingProject\BuildingProject.uproject" -run=VisualStudioTools -unattended -noshadercompile -nosound -nullrhi -nocpuprofilertrace -nocrashreports -nosplash -ddc=noshared -output=C:\Users\Danila\AppData\Local\Temp\tmp939.tmp
LogInit: Base Directory: D:/Unreal Engine/UE_4.27/Engine/Binaries/Win64/
LogInit: Allocator: TBB
LogInit: Installed Engine Build: 1
LogDevObjectVersion: Number of dev versions registered: 29
LogDevObjectVersion:   Dev-Blueprints (B0D832E4-1F89-4F0D-ACCF-7EB736FD4AA2): 10
LogDevObjectVersion:   Dev-Build (E1C64328-A22C-4D53-A36C-8E866417BD8C): 0
LogDevObjectVersion:   Dev-Core (375EC13C-06E4-48FB-B500-84F0262A717E): 4
LogDevObjectVersion:   Dev-Editor (E4B068ED-F494-42E9-A231-DA0B2E46BB41): 40
LogDevObjectVersion:   Dev-Framework (CFFC743F-43B0-4480-9391-14DF171D2073): 37
LogDevObjectVersion:   Dev-Mobile (B02B49B5-BB20-44E9-A304-32B752E40360): 3
LogDevObjectVersion:   Dev-Networking (A4E4105C-59A1-49B5-A7C5-40C4547EDFEE): 0
LogDevObjectVersion:   Dev-Online (39C831C9-5AE6-47DC-9A44-9C173E1C8E7C): 0
LogDevObjectVersion:   Dev-Physics (78F01B33-EBEA-4F98-B9B4-84EACCB95AA2): 14
LogDevObjectVersion:   Dev-Platform (6631380F-2D4D-43E0-8009-CF276956A95A): 0
LogDevObjectVersion:   Dev-Rendering (12F88B9F-8875-4AFC-A67C-D90C383ABD29): 45
LogDevObjectVersion:   Dev-Sequencer (7B5AE74C-D270-4C10-A958-57980B212A5A): 13
LogDevObjectVersion:   Dev-VR (D7296918-1DD6-4BDD-9DE2-64A83CC13884): 3
LogDevObjectVersion:   Dev-LoadTimes (C2A15278-BFE7-4AFE-6C17-90FF531DF755): 1
LogDevObjectVersion:   Private-Geometry (6EACA3D4-40EC-4CC1-B786-8BED09428FC5): 3
LogDevObjectVersion:   Dev-AnimPhys (29E575DD-E0A3-4627-9D10-D276232CDCEA): 17
LogDevObjectVersion:   Dev-Anim (AF43A65D-7FD3-4947-9873-3E8ED9C1BB05): 15
LogDevObjectVersion:   Dev-ReflectionCapture (6B266CEC-1EC7-4B8F-A30B-E4D90942FC07): 1
LogDevObjectVersion:   Dev-Automation (0DF73D61-A23F-47EA-B727-89E90C41499A): 1
LogDevObjectVersion:   FortniteMain (601D1886-AC64-4F84-AA16-D3DE0DEAC7D6): 47
LogDevObjectVersion:   FortniteRelease (E7086368-6B23-4C58-8439-1B7016265E91): 1
LogDevObjectVersion:   Dev-Enterprise (9DFFBCD6-494F-0158-E221-12823C92A888): 10
LogDevObjectVersion:   Dev-Niagara (F2AED0AC-9AFE-416F-8664-AA7FFA26D6FC): 1
LogDevObjectVersion:   Dev-Destruction (174F1F0B-B4C6-45A5-B13F-2EE8D0FB917D): 10
LogDevObjectVersion:   Dev-Physics-Ext (35F94A83-E258-406C-A318-09F59610247C): 41
LogDevObjectVersion:   Dev-PhysicsMaterial-Chaos (B68FC16E-8B1B-42E2-B453-215C058844FE): 1
LogDevObjectVersion:   Dev-CineCamera (B2E18506-4273-CFC2-A54E-F4BB758BBA07): 1
LogDevObjectVersion:   Dev-VirtualProduction (64F58936-FD1B-42BA-BA96-7289D5D0FA4E): 1
LogDevObjectVersion:   Dev-MediaFramework (6F0ED827-A609-4895-9C91-998D90180EA4): 2
LogInit: Presizing for max 25165824 objects, including 0 objects not considered by GC, pre-allocating 0 bytes for permanent pool.
LogConfig: Applying CVar settings from Section [/Script/Engine.StreamingSettings] File [D:/Unreal Engine/Projects/BuildingProject/Saved/Config/Windows/Engine.ini]
LogConfig: Setting CVar [[s.MinBulkDataSizeForAsyncLoading:131072]]
LogConfig: Setting CVar [[s.AsyncLoadingThreadEnabled:0]]
LogConfig: Setting CVar [[s.EventDrivenLoaderEnabled:1]]
LogConfig: Setting CVar [[s.WarnIfTimeLimitExceeded:0]]
LogConfig: Setting CVar [[s.TimeLimitExceededMultiplier:1.5]]
LogConfig: Setting CVar [[s.TimeLimitExceededMinTime:0.005]]
LogConfig: Setting CVar [[s.UseBackgroundLevelStreaming:1]]
LogConfig: Setting CVar [[s.PriorityAsyncLoadingExtraTime:15.0]]
LogConfig: Setting CVar [[s.LevelStreamingActorsUpdateTimeLimit:5.0]]
LogConfig: Setting CVar [[s.PriorityLevelStreamingActorsUpdateExtraTime:5.0]]
LogConfig: Setting CVar [[s.LevelStreamingComponentsRegistrationGranularity:10]]
LogConfig: Setting CVar [[s.UnregisterComponentsTimeLimit:1.0]]
LogConfig: Setting CVar [[s.LevelStreamingComponentsUnregistrationGranularity:5]]
LogConfig: Setting CVar [[s.FlushStreamingOnExit:1]]
LogInit: Object subsystem initialized
LogConfig: Setting CVar [[con.DebugEarlyDefault:1]]
LogConfig: Setting CVar [[r.setres:1280x720]]
[2024.04.10-12.26.07:769][  0]LogConfig: Setting CVar [[con.DebugEarlyDefault:1]]
[2024.04.10-12.26.07:769][  0]LogConfig: Setting CVar [[r.setres:1280x720]]
[2024.04.10-12.26.07:769][  0]LogConfig: Applying CVar settings from Section [/Script/Engine.RendererSettings] File [D:/Unreal Engine/Projects/BuildingProject/Saved/Config/Windows/Engine.ini]
[2024.04.10-12.26.07:769][  0]LogConfig: Setting CVar [[r.GPUCrashDebugging:0]]
[2024.04.10-12.26.07:769][  0]LogConfig: Applying CVar settings from Section [/Script/Engine.RendererOverrideSettings] File [D:/Unreal Engine/Projects/BuildingProject/Saved/Config/Windows/Engine.ini]
[2024.04.10-12.26.07:769][  0]LogConfig: Applying CVar settings from Section [/Script/Engine.StreamingSettings] File [D:/Unreal Engine/Projects/BuildingProject/Saved/Config/Windows/Engine.ini]
[2024.04.10-12.26.07:769][  0]LogConfig: Setting CVar [[s.MinBulkDataSizeForAsyncLoading:131072]]
[2024.04.10-12.26.07:769][  0]LogConfig: Setting CVar [[s.AsyncLoadingThreadEnabled:0]]
[2024.04.10-12.26.07:769][  0]LogConfig: Setting CVar [[s.EventDrivenLoaderEnabled:1]]
[2024.04.10-12.26.07:769][  0]LogConfig: Setting CVar [[s.WarnIfTimeLimitExceeded:0]]
[2024.04.10-12.26.07:769][  0]LogConfig: Setting CVar [[s.TimeLimitExceededMultiplier:1.5]]
[2024.04.10-12.26.07:769][  0]LogConfig: Setting CVar [[s.TimeLimitExceededMinTime:0.005]]
[2024.04.10-12.26.07:769][  0]LogConfig: Setting CVar [[s.UseBackgroundLevelStreaming:1]]
[2024.04.10-12.26.07:769][  0]LogConfig: Setting CVar [[s.PriorityAsyncLoadingExtraTime:15.0]]
[2024.04.10-12.26.07:769][  0]LogConfig: Setting CVar [[s.LevelStreamingActorsUpdateTimeLimit:5.0]]
[2024.04.10-12.26.07:769][  0]LogConfig: Setting CVar [[s.PriorityLevelStreamingActorsUpdateExtraTime:5.0]]
[2024.04.10-12.26.07:769][  0]LogConfig: Setting CVar [[s.LevelStreamingComponentsRegistrationGranularity:10]]
[2024.04.10-12.26.07:769][  0]LogConfig: Setting CVar [[s.UnregisterComponentsTimeLimit:1.0]]
[2024.04.10-12.26.07:769][  0]LogConfig: Setting CVar [[s.LevelStreamingComponentsUnregistrationGranularity:5]]
[2024.04.10-12.26.07:769][  0]LogConfig: Setting CVar [[s.FlushStreamingOnExit:1]]
[2024.04.10-12.26.07:769][  0]LogConfig: Applying CVar settings from Section [/Script/Engine.GarbageCollectionSettings] File [D:/Unreal Engine/Projects/BuildingProject/Saved/Config/Windows/Engine.ini]
[2024.04.10-12.26.07:769][  0]LogConfig: Setting CVar [[gc.MaxObjectsNotConsideredByGC:1]]
[2024.04.10-12.26.07:769][  0]LogConfig: Setting CVar [[gc.SizeOfPermanentObjectPool:0]]
[2024.04.10-12.26.07:769][  0]LogConfig: Setting CVar [[gc.FlushStreamingOnGC:0]]
[2024.04.10-12.26.07:769][  0]LogConfig: Setting CVar [[gc.NumRetriesBeforeForcingGC:10]]
[2024.04.10-12.26.07:769][  0]LogConfig: Setting CVar [[gc.AllowParallelGC:1]]
[2024.04.10-12.26.07:769][  0]LogConfig: Setting CVar [[gc.TimeBetweenPurgingPendingKillObjects:61.1]]
[2024.04.10-12.26.07:769][  0]LogConfig: Setting CVar [[gc.MaxObjectsInEditor:25165824]]
[2024.04.10-12.26.07:769][  0]LogConfig: Setting CVar [[gc.IncrementalBeginDestroyEnabled:1]]
[2024.04.10-12.26.07:769][  0]LogConfig: Setting CVar [[gc.CreateGCClusters:1]]
[2024.04.10-12.26.07:769][  0]LogConfig: Setting CVar [[gc.MinGCClusterSize:5]]
[2024.04.10-12.26.07:769][  0]LogConfig: Setting CVar [[gc.ActorClusteringEnabled:0]]
[2024.04.10-12.26.07:769][  0]LogConfig: Setting CVar [[gc.BlueprintClusteringEnabled:0]]
[2024.04.10-12.26.07:769][  0]LogConfig: Setting CVar [[gc.UseDisregardForGCOnDedicatedServers:0]]
[2024.04.10-12.26.07:769][  0]LogConfig: Setting CVar [[gc.MultithreadedDestructionEnabled:1]]
[2024.04.10-12.26.07:769][  0]LogConfig: Applying CVar settings from Section [/Script/Engine.NetworkSettings] File [D:/Unreal Engine/Projects/BuildingProject/Saved/Config/Windows/Engine.ini]
[2024.04.10-12.26.07:769][  0]LogConfig: Applying CVar settings from Section [/Script/UnrealEd.CookerSettings] File [D:/Unreal Engine/Projects/BuildingProject/Saved/Config/Windows/Engine.ini]
[2024.04.10-12.26.07:801][  0]LogConfig: Applying CVar settings from Section [ViewDistanceQuality@3] File [D:/Unreal Engine/Projects/BuildingProject/Saved/Config/Windows/Scalability.ini]
[2024.04.10-12.26.07:801][  0]LogConfig: Setting CVar [[r.SkeletalMeshLODBias:0]]
[2024.04.10-12.26.07:801][  0]LogConfig: Setting CVar [[r.ViewDistanceScale:1.0]]
[2024.04.10-12.26.07:801][  0]LogConfig: Applying CVar settings from Section [AntiAliasingQuality@3] File [D:/Unreal Engine/Projects/BuildingProject/Saved/Config/Windows/Scalability.ini]
[2024.04.10-12.26.07:801][  0]LogConfig: Setting CVar [[r.PostProcessAAQuality:4]]
[2024.04.10-12.26.07:801][  0]LogConfig: Applying CVar settings from Section [ShadowQuality@3] File [D:/Unreal Engine/Projects/BuildingProject/Saved/Config/Windows/Scalability.ini]
[2024.04.10-12.26.07:801][  0]LogConfig: Setting CVar [[r.LightFunctionQuality:1]]
[2024.04.10-12.26.07:801][  0]LogConfig: Setting CVar [[r.ShadowQuality:5]]
[2024.04.10-12.26.07:801][  0]LogConfig: Setting CVar [[r.Shadow.CSM.MaxCascades:10]]
[2024.04.10-12.26.07:801][  0]LogConfig: Setting CVar [[r.Shadow.MaxResolution:2048]]
[2024.04.10-12.26.07:801][  0]LogConfig: Setting CVar [[r.Shadow.MaxCSMResolution:2048]]
[2024.04.10-12.26.07:801][  0]LogConfig: Setting CVar [[r.Shadow.RadiusThreshold:0.01]]
[2024.04.10-12.26.07:801][  0]LogConfig: Setting CVar [[r.Shadow.DistanceScale:1.0]]
[2024.04.10-12.26.07:801][  0]LogConfig: Setting CVar [[r.Shadow.CSM.TransitionScale:1.0]]
[2024.04.10-12.26.07:801][  0]LogConfig: Setting CVar [[r.Shadow.PreShadowResolutionFactor:1.0]]
[2024.04.10-12.26.07:801][  0]LogConfig: Setting CVar [[r.DistanceFieldShadowing:1]]
[2024.04.10-12.26.07:801][  0]LogConfig: Setting CVar [[r.DistanceFieldAO:1]]
[2024.04.10-12.26.07:802][  0]LogConfig: Setting CVar [[r.AOQuality:2]]
[2024.04.10-12.26.07:802][  0]LogConfig: Setting CVar [[r.VolumetricFog:1]]
[2024.04.10-12.26.07:802][  0]LogConfig: Setting CVar [[r.VolumetricFog.GridPixelSize:8]]
[2024.04.10-12.26.07:802][  0]LogConfig: Setting CVar [[r.VolumetricFog.GridSizeZ:128]]
[2024.04.10-12.26.07:802][  0]LogConfig: Setting CVar [[r.VolumetricFog.HistoryMissSupersampleCount:4]]
[2024.04.10-12.26.07:802][  0]LogConfig: Setting CVar [[r.LightMaxDrawDistanceScale:1]]
[2024.04.10-12.26.07:802][  0]LogConfig: Setting CVar [[r.CapsuleShadows:1]]
[2024.04.10-12.26.07:802][  0]LogConfig: Applying CVar settings from Section [PostProcessQuality@3] File [D:/Unreal Engine/Projects/BuildingProject/Saved/Config/Windows/Scalability.ini]
[2024.04.10-12.26.07:802][  0]LogConfig: Setting CVar [[r.MotionBlurQuality:4]]
[2024.04.10-12.26.07:802][  0]LogConfig: Setting CVar [[r.AmbientOcclusionMipLevelFactor:0.4]]
[2024.04.10-12.26.07:802][  0]LogConfig: Setting CVar [[r.AmbientOcclusionMaxQuality:100]]
[2024.04.10-12.26.07:802][  0]LogConfig: Setting CVar [[r.AmbientOcclusionLevels:-1]]
[2024.04.10-12.26.07:802][  0]LogConfig: Setting CVar [[r.AmbientOcclusionRadiusScale:1.0]]
[2024.04.10-12.26.07:802][  0]LogConfig: Setting CVar [[r.DepthOfFieldQuality:2]]
[2024.04.10-12.26.07:802][  0]LogConfig: Setting CVar [[r.RenderTargetPoolMin:400]]
[2024.04.10-12.26.07:802][  0]LogConfig: Setting CVar [[r.LensFlareQuality:2]]
[2024.04.10-12.26.07:802][  0]LogConfig: Setting CVar [[r.SceneColorFringeQuality:1]]
[2024.04.10-12.26.07:802][  0]LogConfig: Setting CVar [[r.EyeAdaptationQuality:2]]
[2024.04.10-12.26.07:802][  0]LogConfig: Setting CVar [[r.BloomQuality:5]]
[2024.04.10-12.26.07:802][  0]LogConfig: Setting CVar [[r.FastBlurThreshold:100]]
[2024.04.10-12.26.07:802][  0]LogConfig: Setting CVar [[r.Upscale.Quality:3]]
[2024.04.10-12.26.07:802][  0]LogConfig: Setting CVar [[r.Tonemapper.GrainQuantization:1]]
[2024.04.10-12.26.07:802][  0]LogConfig: Setting CVar [[r.LightShaftQuality:1]]
[2024.04.10-12.26.07:802][  0]LogConfig: Setting CVar [[r.Filter.SizeScale:1]]
[2024.04.10-12.26.07:802][  0]LogConfig: Setting CVar [[r.Tonemapper.Quality:5]]
[2024.04.10-12.26.07:802][  0]LogConfig: Setting CVar [[r.DOF.Gather.AccumulatorQuality:1        ; higher gathering accumulator quality]]
[2024.04.10-12.26.07:802][  0]LogConfig: Setting CVar [[r.DOF.Gather.PostfilterMethod:1          ; Median3x3 postfilering method]]
[2024.04.10-12.26.07:802][  0]LogConfig: Setting CVar [[r.DOF.Gather.EnableBokehSettings:0       ; no bokeh simulation when gathering]]
[2024.04.10-12.26.07:802][  0]LogConfig: Setting CVar [[r.DOF.Gather.RingCount:4                 ; medium number of samples when gathering]]
[2024.04.10-12.26.07:802][  0]LogConfig: Setting CVar [[r.DOF.Scatter.ForegroundCompositing:1    ; additive foreground scattering]]
[2024.04.10-12.26.07:802][  0]LogConfig: Setting CVar [[r.DOF.Scatter.BackgroundCompositing:2    ; additive background scattering]]
[2024.04.10-12.26.07:802][  0]LogConfig: Setting CVar [[r.DOF.Scatter.EnableBokehSettings:1      ; bokeh simulation when scattering]]
[2024.04.10-12.26.07:802][  0]LogConfig: Setting CVar [[r.DOF.Scatter.MaxSpriteRatio:0.1         ; only a maximum of 10% of scattered bokeh]]
[2024.04.10-12.26.07:802][  0]LogConfig: Setting CVar [[r.DOF.Recombine.Quality:1                ; cheap slight out of focus]]
[2024.04.10-12.26.07:802][  0]LogConfig: Setting CVar [[r.DOF.Recombine.EnableBokehSettings:0    ; no bokeh simulation on slight out of focus]]
[2024.04.10-12.26.07:802][  0]LogConfig: Setting CVar [[r.DOF.TemporalAAQuality:1                ; more stable temporal accumulation]]
[2024.04.10-12.26.07:802][  0]LogConfig: Setting CVar [[r.DOF.Kernel.MaxForegroundRadius:0.025]]
[2024.04.10-12.26.07:802][  0]LogConfig: Setting CVar [[r.DOF.Kernel.MaxBackgroundRadius:0.025]]
[2024.04.10-12.26.07:802][  0]LogConfig: Applying CVar settings from Section [TextureQuality@3] File [D:/Unreal Engine/Projects/BuildingProject/Saved/Config/Windows/Scalability.ini]
[2024.04.10-12.26.07:802][  0]LogConfig: Setting CVar [[r.Streaming.MipBias:0]]
[2024.04.10-12.26.07:802][  0]LogConfig: Setting CVar [[r.Streaming.AmortizeCPUToGPUCopy:0]]
[2024.04.10-12.26.07:802][  0]LogConfig: Setting CVar [[r.Streaming.MaxNumTexturesToStreamPerFrame:0]]
[2024.04.10-12.26.07:802][  0]LogConfig: Setting CVar [[r.Streaming.Boost:1]]
[2024.04.10-12.26.07:802][  0]LogConfig: Setting CVar [[r.MaxAnisotropy:8]]
[2024.04.10-12.26.07:802][  0]LogConfig: Setting CVar [[r.VT.MaxAnisotropy:8]]
[2024.04.10-12.26.07:802][  0]LogConfig: Setting CVar [[r.Streaming.LimitPoolSizeToVRAM:0]]
[2024.04.10-12.26.07:802][  0]LogConfig: Setting CVar [[r.Streaming.PoolSize:1000]]
[2024.04.10-12.26.07:802][  0]LogConfig: Setting CVar [[r.Streaming.MaxEffectiveScreenSize:0]]
[2024.04.10-12.26.07:802][  0]LogConfig: Applying CVar settings from Section [EffectsQuality@3] File [D:/Unreal Engine/Projects/BuildingProject/Saved/Config/Windows/Scalability.ini]
[2024.04.10-12.26.07:802][  0]LogConfig: Setting CVar [[r.TranslucencyLightingVolumeDim:64]]
[2024.04.10-12.26.07:802][  0]LogConfig: Setting CVar [[r.RefractionQuality:2]]
[2024.04.10-12.26.07:802][  0]LogConfig: Setting CVar [[r.SSR.Quality:3]]
[2024.04.10-12.26.07:802][  0]LogConfig: Setting CVar [[r.SSR.HalfResSceneColor:0]]
[2024.04.10-12.26.07:802][  0]LogConfig: Setting CVar [[r.SceneColorFormat:4]]
[2024.04.10-12.26.07:802][  0]LogConfig: Setting CVar [[r.DetailMode:2]]
[2024.04.10-12.26.07:802][  0]LogConfig: Setting CVar [[r.TranslucencyVolumeBlur:1]]
[2024.04.10-12.26.07:802][  0]LogConfig: Setting CVar [[r.MaterialQualityLevel:1 ; High quality]]
[2024.04.10-12.26.07:802][  0]LogConfig: Setting CVar [[r.AnisotropicMaterials:1]]
[2024.04.10-12.26.07:802][  0]LogConfig: Setting CVar [[r.SSS.Scale:1]]
[2024.04.10-12.26.07:802][  0]LogConfig: Setting CVar [[r.SSS.SampleSet:2]]
[2024.04.10-12.26.07:802][  0]LogConfig: Setting CVar [[r.SSS.Quality:1]]
[2024.04.10-12.26.07:802][  0]LogConfig: Setting CVar [[r.SSS.HalfRes:0]]
[2024.04.10-12.26.07:802][  0]LogConfig: Setting CVar [[r.SSGI.Quality:3]]
[2024.04.10-12.26.07:802][  0]LogConfig: Setting CVar [[r.EmitterSpawnRateScale:1.0]]
[2024.04.10-12.26.07:802][  0]LogConfig: Setting CVar [[r.ParticleLightQuality:2]]
[2024.04.10-12.26.07:802][  0]LogConfig: Setting CVar [[r.SkyAtmosphere.AerialPerspectiveLUT.FastApplyOnOpaque:1 ; Always have FastSkyLUT 1 in this case to avoid wrong sky]]
[2024.04.10-12.26.07:802][  0]LogConfig: Setting CVar [[r.SkyAtmosphere.AerialPerspectiveLUT.SampleCountMaxPerSlice:4]]
[2024.04.10-12.26.07:802][  0]LogConfig: Setting CVar [[r.SkyAtmosphere.AerialPerspectiveLUT.DepthResolution:16.0]]
[2024.04.10-12.26.07:802][  0]LogConfig: Setting CVar [[r.SkyAtmosphere.FastSkyLUT:1]]
[2024.04.10-12.26.07:803][  0]LogConfig: Setting CVar [[r.SkyAtmosphere.FastSkyLUT.SampleCountMin:4.0]]
[2024.04.10-12.26.07:803][  0]LogConfig: Setting CVar [[r.SkyAtmosphere.FastSkyLUT.SampleCountMax:128.0]]
[2024.04.10-12.26.07:803][  0]LogConfig: Setting CVar [[r.SkyAtmosphere.SampleCountMin:4.0]]
[2024.04.10-12.26.07:803][  0]LogConfig: Setting CVar [[r.SkyAtmosphere.SampleCountMax:128.0]]
[2024.04.10-12.26.07:803][  0]LogConfig: Setting CVar [[r.SkyAtmosphere.TransmittanceLUT.UseSmallFormat:0]]
[2024.04.10-12.26.07:803][  0]LogConfig: Setting CVar [[r.SkyAtmosphere.TransmittanceLUT.SampleCount:10.0]]
[2024.04.10-12.26.07:803][  0]LogConfig: Setting CVar [[r.SkyAtmosphere.MultiScatteringLUT.SampleCount:15.0]]
[2024.04.10-12.26.07:803][  0]LogConfig: Setting CVar [[r.SkyLight.RealTimeReflectionCapture:1]]
[2024.04.10-12.26.07:803][  0]LogConfig: Applying CVar settings from Section [FoliageQuality@3] File [D:/Unreal Engine/Projects/BuildingProject/Saved/Config/Windows/Scalability.ini]
[2024.04.10-12.26.07:803][  0]LogConfig: Setting CVar [[foliage.DensityScale:1.0]]
[2024.04.10-12.26.07:803][  0]LogConfig: Setting CVar [[grass.DensityScale:1.0]]
[2024.04.10-12.26.07:803][  0]LogConfig: Applying CVar settings from Section [ShadingQuality@3] File [D:/Unreal Engine/Projects/BuildingProject/Saved/Config/Windows/Scalability.ini]
[2024.04.10-12.26.07:803][  0]LogConfig: Setting CVar [[r.HairStrands.SkyLighting.IntegrationType:2]]
[2024.04.10-12.26.07:803][  0]LogConfig: Setting CVar [[r.HairStrands.SkyAO.SampleCount:4]]
[2024.04.10-12.26.07:803][  0]LogConfig: Setting CVar [[r.HairStrands.Visibility.MSAA.SamplePerPixel:4]]
[2024.04.10-12.26.07:945][  0]LogInit: Selected Device Profile: [Windows]
[2024.04.10-12.26.07:945][  0]LogInit: Applying CVar settings loaded from the selected device profile: [Windows]
[2024.04.10-12.26.07:945][  0]LogHAL: Display: Platform has ~ 16 GB [17080471552 / 17179869184 / 16], which maps to Larger [LargestMinGB=32, LargerMinGB=12, DefaultMinGB=8, SmallerMinGB=6, SmallestMinGB=0)
[2024.04.10-12.26.07:980][  0]LogInit: Going up to parent DeviceProfile []
[2024.04.10-12.26.07:980][  0]LogConfig: Applying CVar settings from Section [ViewDistanceQuality@3] File [D:/Unreal Engine/Projects/BuildingProject/Saved/Config/Windows/Scalability.ini]
[2024.04.10-12.26.07:980][  0]LogConfig: Setting CVar [[r.SkeletalMeshLODBias:0]]
[2024.04.10-12.26.07:980][  0]LogConfig: Setting CVar [[r.ViewDistanceScale:1.0]]
[2024.04.10-12.26.07:980][  0]LogConfig: Applying CVar settings from Section [AntiAliasingQuality@3] File [D:/Unreal Engine/Projects/BuildingProject/Saved/Config/Windows/Scalability.ini]
[2024.04.10-12.26.07:980][  0]LogConfig: Setting CVar [[r.PostProcessAAQuality:4]]
[2024.04.10-12.26.07:980][  0]LogConfig: Applying CVar settings from Section [ShadowQuality@3] File [D:/Unreal Engine/Projects/BuildingProject/Saved/Config/Windows/Scalability.ini]
[2024.04.10-12.26.07:980][  0]LogConfig: Setting CVar [[r.LightFunctionQuality:1]]
[2024.04.10-12.26.07:980][  0]LogConfig: Setting CVar [[r.ShadowQuality:5]]
[2024.04.10-12.26.07:980][  0]LogConfig: Setting CVar [[r.Shadow.CSM.MaxCascades:10]]
[2024.04.10-12.26.07:980][  0]LogConfig: Setting CVar [[r.Shadow.MaxResolution:2048]]
[2024.04.10-12.26.07:980][  0]LogConfig: Setting CVar [[r.Shadow.MaxCSMResolution:2048]]
[2024.04.10-12.26.07:980][  0]LogConfig: Setting CVar [[r.Shadow.RadiusThreshold:0.01]]
[2024.04.10-12.26.07:980][  0]LogConfig: Setting CVar [[r.Shadow.DistanceScale:1.0]]
[2024.04.10-12.26.07:980][  0]LogConfig: Setting CVar [[r.Shadow.CSM.TransitionScale:1.0]]
[2024.04.10-12.26.07:980][  0]LogConfig: Setting CVar [[r.Shadow.PreShadowResolutionFactor:1.0]]
[2024.04.10-12.26.07:980][  0]LogConfig: Setting CVar [[r.DistanceFieldShadowing:1]]
[2024.04.10-12.26.07:980][  0]LogConfig: Setting CVar [[r.DistanceFieldAO:1]]
[2024.04.10-12.26.07:980][  0]LogConfig: Setting CVar [[r.AOQuality:2]]
[2024.04.10-12.26.07:980][  0]LogConfig: Setting CVar [[r.VolumetricFog:1]]
[2024.04.10-12.26.07:980][  0]LogConfig: Setting CVar [[r.VolumetricFog.GridPixelSize:8]]
[2024.04.10-12.26.07:980][  0]LogConfig: Setting CVar [[r.VolumetricFog.GridSizeZ:128]]
[2024.04.10-12.26.07:980][  0]LogConfig: Setting CVar [[r.VolumetricFog.HistoryMissSupersampleCount:4]]
[2024.04.10-12.26.07:980][  0]LogConfig: Setting CVar [[r.LightMaxDrawDistanceScale:1]]
[2024.04.10-12.26.07:980][  0]LogConfig: Setting CVar [[r.CapsuleShadows:1]]
[2024.04.10-12.26.07:980][  0]LogConfig: Applying CVar settings from Section [PostProcessQuality@3] File [D:/Unreal Engine/Projects/BuildingProject/Saved/Config/Windows/Scalability.ini]
[2024.04.10-12.26.07:980][  0]LogConfig: Setting CVar [[r.MotionBlurQuality:4]]
[2024.04.10-12.26.07:980][  0]LogConfig: Setting CVar [[r.AmbientOcclusionMipLevelFactor:0.4]]
[2024.04.10-12.26.07:980][  0]LogConfig: Setting CVar [[r.AmbientOcclusionMaxQuality:100]]
[2024.04.10-12.26.07:980][  0]LogConfig: Setting CVar [[r.AmbientOcclusionLevels:-1]]
[2024.04.10-12.26.07:980][  0]LogConfig: Setting CVar [[r.AmbientOcclusionRadiusScale:1.0]]
[2024.04.10-12.26.07:980][  0]LogConfig: Setting CVar [[r.DepthOfFieldQuality:2]]
[2024.04.10-12.26.07:980][  0]LogConfig: Setting CVar [[r.RenderTargetPoolMin:400]]
[2024.04.10-12.26.07:980][  0]LogConfig: Setting CVar [[r.LensFlareQuality:2]]
[2024.04.10-12.26.07:980][  0]LogConfig: Setting CVar [[r.SceneColorFringeQuality:1]]
[2024.04.10-12.26.07:980][  0]LogConfig: Setting CVar [[r.EyeAdaptationQuality:2]]
[2024.04.10-12.26.07:980][  0]LogConfig: Setting CVar [[r.BloomQuality:5]]
[2024.04.10-12.26.07:980][  0]LogConfig: Setting CVar [[r.FastBlurThreshold:100]]
[2024.04.10-12.26.07:980][  0]LogConfig: Setting CVar [[r.Upscale.Quality:3]]
[2024.04.10-12.26.07:980][  0]LogConfig: Setting CVar [[r.Tonemapper.GrainQuantization:1]]
[2024.04.10-12.26.07:980][  0]LogConfig: Setting CVar [[r.LightShaftQuality:1]]
[2024.04.10-12.26.07:980][  0]LogConfig: Setting CVar [[r.Filter.SizeScale:1]]
[2024.04.10-12.26.07:980][  0]LogConfig: Setting CVar [[r.Tonemapper.Quality:5]]
[2024.04.10-12.26.07:980][  0]LogConfig: Setting CVar [[r.DOF.Gather.AccumulatorQuality:1        ; higher gathering accumulator quality]]
[2024.04.10-12.26.07:980][  0]LogConfig: Setting CVar [[r.DOF.Gather.PostfilterMethod:1          ; Median3x3 postfilering method]]
[2024.04.10-12.26.07:980][  0]LogConfig: Setting CVar [[r.DOF.Gather.EnableBokehSettings:0       ; no bokeh simulation when gathering]]
[2024.04.10-12.26.07:980][  0]LogConfig: Setting CVar [[r.DOF.Gather.RingCount:4                 ; medium number of samples when gathering]]
[2024.04.10-12.26.07:980][  0]LogConfig: Setting CVar [[r.DOF.Scatter.ForegroundCompositing:1    ; additive foreground scattering]]
[2024.04.10-12.26.07:980][  0]LogConfig: Setting CVar [[r.DOF.Scatter.BackgroundCompositing:2    ; additive background scattering]]
[2024.04.10-12.26.07:980][  0]LogConfig: Setting CVar [[r.DOF.Scatter.EnableBokehSettings:1      ; bokeh simulation when scattering]]
[2024.04.10-12.26.07:980][  0]LogConfig: Setting CVar [[r.DOF.Scatter.MaxSpriteRatio:0.1         ; only a maximum of 10% of scattered bokeh]]
[2024.04.10-12.26.07:981][  0]LogConfig: Setting CVar [[r.DOF.Recombine.Quality:1                ; cheap slight out of focus]]
[2024.04.10-12.26.07:981][  0]LogConfig: Setting CVar [[r.DOF.Recombine.EnableBokehSettings:0    ; no bokeh simulation on slight out of focus]]
[2024.04.10-12.26.07:981][  0]LogConfig: Setting CVar [[r.DOF.TemporalAAQuality:1                ; more stable temporal accumulation]]
[2024.04.10-12.26.07:981][  0]LogConfig: Setting CVar [[r.DOF.Kernel.MaxForegroundRadius:0.025]]
[2024.04.10-12.26.07:981][  0]LogConfig: Setting CVar [[r.DOF.Kernel.MaxBackgroundRadius:0.025]]
[2024.04.10-12.26.07:981][  0]LogConfig: Applying CVar settings from Section [TextureQuality@3] File [D:/Unreal Engine/Projects/BuildingProject/Saved/Config/Windows/Scalability.ini]
[2024.04.10-12.26.07:981][  0]LogConfig: Setting CVar [[r.Streaming.MipBias:0]]
[2024.04.10-12.26.07:981][  0]LogConfig: Setting CVar [[r.Streaming.AmortizeCPUToGPUCopy:0]]
[2024.04.10-12.26.07:981][  0]LogConfig: Setting CVar [[r.Streaming.MaxNumTexturesToStreamPerFrame:0]]
[2024.04.10-12.26.07:981][  0]LogConfig: Setting CVar [[r.Streaming.Boost:1]]
[2024.04.10-12.26.07:981][  0]LogConfig: Setting CVar [[r.MaxAnisotropy:8]]
[2024.04.10-12.26.07:981][  0]LogConfig: Setting CVar [[r.VT.MaxAnisotropy:8]]
[2024.04.10-12.26.07:981][  0]LogConfig: Setting CVar [[r.Streaming.LimitPoolSizeToVRAM:0]]
[2024.04.10-12.26.07:981][  0]LogConfig: Setting CVar [[r.Streaming.PoolSize:1000]]
[2024.04.10-12.26.07:981][  0]LogConfig: Setting CVar [[r.Streaming.MaxEffectiveScreenSize:0]]
[2024.04.10-12.26.07:981][  0]LogConfig: Applying CVar settings from Section [EffectsQuality@3] File [D:/Unreal Engine/Projects/BuildingProject/Saved/Config/Windows/Scalability.ini]
[2024.04.10-12.26.07:981][  0]LogConfig: Setting CVar [[r.TranslucencyLightingVolumeDim:64]]
[2024.04.10-12.26.07:981][  0]LogConfig: Setting CVar [[r.RefractionQuality:2]]
[2024.04.10-12.26.07:981][  0]LogConfig: Setting CVar [[r.SSR.Quality:3]]
[2024.04.10-12.26.07:981][  0]LogConfig: Setting CVar [[r.SSR.HalfResSceneColor:0]]
[2024.04.10-12.26.07:981][  0]LogConfig: Setting CVar [[r.SceneColorFormat:4]]
[2024.04.10-12.26.07:981][  0]LogConfig: Setting CVar [[r.DetailMode:2]]
[2024.04.10-12.26.07:981][  0]LogConfig: Setting CVar [[r.TranslucencyVolumeBlur:1]]
[2024.04.10-12.26.07:981][  0]LogConfig: Setting CVar [[r.MaterialQualityLevel:1 ; High quality]]
[2024.04.10-12.26.07:981][  0]LogConfig: Setting CVar [[r.AnisotropicMaterials:1]]
[2024.04.10-12.26.07:981][  0]LogConfig: Setting CVar [[r.SSS.Scale:1]]
[2024.04.10-12.26.07:981][  0]LogConfig: Setting CVar [[r.SSS.SampleSet:2]]
[2024.04.10-12.26.07:981][  0]LogConfig: Setting CVar [[r.SSS.Quality:1]]
[2024.04.10-12.26.07:981][  0]LogConfig: Setting CVar [[r.SSS.HalfRes:0]]
[2024.04.10-12.26.07:981][  0]LogConfig: Setting CVar [[r.SSGI.Quality:3]]
[2024.04.10-12.26.07:981][  0]LogConfig: Setting CVar [[r.EmitterSpawnRateScale:1.0]]
[2024.04.10-12.26.07:981][  0]LogConfig: Setting CVar [[r.ParticleLightQuality:2]]
[2024.04.10-12.26.07:981][  0]LogConfig: Setting CVar [[r.SkyAtmosphere.AerialPerspectiveLUT.FastApplyOnOpaque:1 ; Always have FastSkyLUT 1 in this case to avoid wrong sky]]
[2024.04.10-12.26.07:981][  0]LogConfig: Setting CVar [[r.SkyAtmosphere.AerialPerspectiveLUT.SampleCountMaxPerSlice:4]]
[2024.04.10-12.26.07:981][  0]LogConfig: Setting CVar [[r.SkyAtmosphere.AerialPerspectiveLUT.DepthResolution:16.0]]
[2024.04.10-12.26.07:981][  0]LogConfig: Setting CVar [[r.SkyAtmosphere.FastSkyLUT:1]]
[2024.04.10-12.26.07:981][  0]LogConfig: Setting CVar [[r.SkyAtmosphere.FastSkyLUT.SampleCountMin:4.0]]
[2024.04.10-12.26.07:981][  0]LogConfig: Setting CVar [[r.SkyAtmosphere.FastSkyLUT.SampleCountMax:128.0]]
[2024.04.10-12.26.07:981][  0]LogConfig: Setting CVar [[r.SkyAtmosphere.SampleCountMin:4.0]]
[2024.04.10-12.26.07:981][  0]LogConfig: Setting CVar [[r.SkyAtmosphere.SampleCountMax:128.0]]
[2024.04.10-12.26.07:981][  0]LogConfig: Setting CVar [[r.SkyAtmosphere.TransmittanceLUT.UseSmallFormat:0]]
[2024.04.10-12.26.07:981][  0]LogConfig: Setting CVar [[r.SkyAtmosphere.TransmittanceLUT.SampleCount:10.0]]
[2024.04.10-12.26.07:981][  0]LogConfig: Setting CVar [[r.SkyAtmosphere.MultiScatteringLUT.SampleCount:15.0]]
[2024.04.10-12.26.07:981][  0]LogConfig: Setting CVar [[r.SkyLight.RealTimeReflectionCapture:1]]
[2024.04.10-12.26.07:981][  0]LogConfig: Applying CVar settings from Section [FoliageQuality@3] File [D:/Unreal Engine/Projects/BuildingProject/Saved/Config/Windows/Scalability.ini]
[2024.04.10-12.26.07:981][  0]LogConfig: Setting CVar [[foliage.DensityScale:1.0]]
[2024.04.10-12.26.07:981][  0]LogConfig: Setting CVar [[grass.DensityScale:1.0]]
[2024.04.10-12.26.07:981][  0]LogConfig: Applying CVar settings from Section [ShadingQuality@3] File [D:/Unreal Engine/Projects/BuildingProject/Saved/Config/Windows/Scalability.ini]
[2024.04.10-12.26.07:981][  0]LogConfig: Setting CVar [[r.HairStrands.SkyLighting.IntegrationType:2]]
[2024.04.10-12.26.07:981][  0]LogConfig: Setting CVar [[r.HairStrands.SkyAO.SampleCount:4]]
[2024.04.10-12.26.07:981][  0]LogConfig: Setting CVar [[r.HairStrands.Visibility.MSAA.SamplePerPixel:4]]
[2024.04.10-12.26.07:981][  0]LogConfig: Applying CVar settings from Section [Startup] File [../../../Engine/Config/ConsoleVariables.ini]
[2024.04.10-12.26.08:005][  0]LogConfig: Setting CVar [[net.UseAdaptiveNetUpdateFrequency:0]]
[2024.04.10-12.26.08:005][  0]LogConfig: Setting CVar [[p.chaos.AllowCreatePhysxBodies:1]]
[2024.04.10-12.26.08:005][  0]LogConfig: Setting CVar [[fx.SkipVectorVMBackendOptimizations:1]]
[2024.04.10-12.26.08:005][  0]LogConfig: Applying CVar settings from Section [ConsoleVariables] File [D:/Unreal Engine/Projects/BuildingProject/Saved/Config/Windows/Engine.ini]
[2024.04.10-12.26.08:005][  0]LogConfig: Applying CVar settings from Section [ConsoleVariables] File [D:/Unreal Engine/Projects/BuildingProject/Saved/Config/Windows/Editor.ini]
[2024.04.10-12.26.08:055][  0]LogInit: Computer: KOMPUTER
[2024.04.10-12.26.08:055][  0]LogInit: User: Danila
[2024.04.10-12.26.08:055][  0]LogInit: CPU Page size=4096, Cores=12
[2024.04.10-12.26.08:055][  0]LogInit: High frequency timer resolution =10.000000 MHz
[2024.04.10-12.26.08:055][  0]LogMemory: Memory total: Physical=15.9GB (16GB approx)
[2024.04.10-12.26.08:055][  0]LogMemory: Platform Memory Stats for Windows
[2024.04.10-12.26.08:055][  0]LogMemory: Process Physical Memory: 146.48 MB used, 146.48 MB peak
[2024.04.10-12.26.08:055][  0]LogMemory: Process Virtual Memory: 131.54 MB used, 131.54 MB peak
[2024.04.10-12.26.08:055][  0]LogMemory: Physical Memory: 13185.55 MB used,  3103.65 MB free, 16289.21 MB total
[2024.04.10-12.26.08:055][  0]LogMemory: Virtual Memory: 134180936.00 MB used,  36793.32 MB free, 134217728.00 MB total
[2024.04.10-12.26.08:064][  0]LogWindows: WindowsPlatformFeatures enabled
[2024.04.10-12.26.12:334][  0]LogInit: Physics initialised using underlying interface: PhysX
[2024.04.10-12.26.12:334][  0]LogInit: Using OS detected language (ru-RU).
[2024.04.10-12.26.12:334][  0]LogInit: Using OS detected locale (ru-RU).
[2024.04.10-12.26.13:144][  0]LogTextLocalizationManager: No specific localization for 'ru-RU' exists, so the 'ru' localization will be used.
[2024.04.10-12.26.13:189][  0]LogTextLocalizationResource: LocRes '../../../Engine/Content/Localization/Editor/ru/Editor.locres' could not be opened for reading!
[2024.04.10-12.26.13:189][  0]LogTextLocalizationResource: LocRes '../../../Engine/Content/Localization/EditorTutorials/ru/EditorTutorials.locres' could not be opened for reading!
[2024.04.10-12.26.13:189][  0]LogTextLocalizationResource: LocRes '../../../Engine/Content/Localization/Keywords/ru/Keywords.locres' could not be opened for reading!
[2024.04.10-12.26.13:190][  0]LogTextLocalizationResource: LocRes '../../../Engine/Content/Localization/Category/ru/Category.locres' could not be opened for reading!
[2024.04.10-12.26.13:259][  0]LogTextLocalizationResource: LocRes '../../../Engine/Content/Localization/ToolTips/ru/ToolTips.locres' could not be opened for reading!
[2024.04.10-12.26.13:282][  0]LogTextLocalizationResource: LocRes '../../../Engine/Content/Localization/PropertyNames/ru/PropertyNames.locres' could not be opened for reading!
[2024.04.10-12.26.13:282][  0]LogTextLocalizationResource: LocRes '../../../Engine/Content/Localization/Engine/ru/Engine.locres' could not be opened for reading!
[2024.04.10-12.26.26:976][  0]LogTargetPlatformManager: Display: Loaded TargetPlatform 'AllDesktop'
[2024.04.10-12.26.27:245][  0]LogTargetPlatformManager: Display: Loaded TargetPlatform 'Android'
[2024.04.10-12.26.27:245][  0]LogTargetPlatformManager: Display: Loaded TargetPlatform 'Android_ASTC'
[2024.04.10-12.26.27:245][  0]LogTargetPlatformManager: Display: Loaded TargetPlatform 'Android_DXT'
[2024.04.10-12.26.27:245][  0]LogTargetPlatformManager: Display: Loaded TargetPlatform 'Android_ETC2'
[2024.04.10-12.26.27:245][  0]LogTargetPlatformManager: Display: Loaded TargetPlatform 'AndroidClient'
[2024.04.10-12.26.27:245][  0]LogTargetPlatformManager: Display: Loaded TargetPlatform 'Android_ASTCClient'
[2024.04.10-12.26.27:245][  0]LogTargetPlatformManager: Display: Loaded TargetPlatform 'Android_DXTClient'
[2024.04.10-12.26.27:245][  0]LogTargetPlatformManager: Display: Loaded TargetPlatform 'Android_ETC2Client'
[2024.04.10-12.26.27:245][  0]LogTargetPlatformManager: Display: Loaded TargetPlatform 'Android_Multi'
[2024.04.10-12.26.27:245][  0]LogTargetPlatformManager: Display: Loaded TargetPlatform 'Android_MultiClient'
[2024.04.10-12.26.27:636][  0]LogTargetPlatformManager: Display: Loaded TargetPlatform 'IOSClient'
[2024.04.10-12.26.27:636][  0]LogTargetPlatformManager: Display: Loaded TargetPlatform 'IOS'
[2024.04.10-12.26.27:950][  0]LogTargetPlatformManager: Display: Loaded TargetPlatform 'Linux'
[2024.04.10-12.26.28:048][  0]LogTargetPlatformManager: Display: Loaded TargetPlatform 'LinuxNoEditor'
[2024.04.10-12.26.28:222][  0]LogTargetPlatformManager: Display: Loaded TargetPlatform 'LinuxClient'
[2024.04.10-12.26.28:340][  0]LogTargetPlatformManager: Display: Loaded TargetPlatform 'LinuxServer'
[2024.04.10-12.26.28:465][  0]LogTargetPlatformManager: Display: Loaded TargetPlatform 'LinuxAArch64NoEditor'
[2024.04.10-12.26.28:608][  0]LogTargetPlatformManager: Display: Loaded TargetPlatform 'LinuxAArch64Client'
[2024.04.10-12.26.28:777][  0]LogTargetPlatformManager: Display: Loaded TargetPlatform 'LinuxAArch64Server'
[2024.04.10-12.26.28:855][  0]LogTargetPlatformManager: Display: Loaded TargetPlatform 'Lumin'
[2024.04.10-12.26.28:855][  0]LogTargetPlatformManager: Display: Loaded TargetPlatform 'LuminClient'
[2024.04.10-12.26.29:001][  0]LogTargetPlatformManager: Display: Loaded TargetPlatform 'MacNoEditor'
[2024.04.10-12.26.29:129][  0]LogTargetPlatformManager: Display: Loaded TargetPlatform 'Mac'
[2024.04.10-12.26.29:228][  0]LogTargetPlatformManager: Display: Loaded TargetPlatform 'MacClient'
[2024.04.10-12.26.29:298][  0]LogTargetPlatformManager: Display: Loaded TargetPlatform 'MacServer'
[2024.04.10-12.26.29:380][  0]LogTargetPlatformManager: Display: Loaded TargetPlatform 'TVOSClient'
[2024.04.10-12.26.29:380][  0]LogTargetPlatformManager: Display: Loaded TargetPlatform 'TVOS'
[2024.04.10-12.26.29:510][  0]LogTargetPlatformManager: Display: Loaded TargetPlatform 'WindowsNoEditor'
[2024.04.10-12.26.29:678][  0]LogTargetPlatformManager: Display: Loaded TargetPlatform 'Windows'
[2024.04.10-12.26.29:830][  0]LogTargetPlatformManager: Display: Loaded TargetPlatform 'WindowsClient'
[2024.04.10-12.26.29:952][  0]LogTargetPlatformManager: Display: Loaded TargetPlatform 'WindowsServer'
[2024.04.10-12.26.29:952][  0]LogTargetPlatformManager: Display: Building Assets For Windows
[2024.04.10-12.26.30:344][  0]LogAudioDebug: Display: Lib vorbis DLL was dynamically loaded.
[2024.04.10-12.26.32:015][  0]LogTextureFormatOodle: Display: Oodle Texture 2.9.0 init RDO Off
[2024.04.10-12.26.39:870][  0]LogRendererCore: Ray tracing is disabled. Reason: r.RayTracing=0.
[2024.04.10-12.26.40:461][  0]LogDerivedDataCache: Display: Max Cache Size: 512 MB
[2024.04.10-12.26.40:461][  0]LogDerivedDataCache: Display: Starting with empty Boot cache
[2024.04.10-12.26.40:517][  0]LogDerivedDataCache: FDerivedDataBackendGraph:  Pak pak cache file ../../../../Projects/BuildingProject/DerivedDataCache/DDC.ddp not found, will not use a pak cache.
[2024.04.10-12.26.40:517][  0]LogDerivedDataCache: Unable to find inner node Pak for hierarchical cache Hierarchy.
[2024.04.10-12.26.40:944][  0]LogDerivedDataCache: Speed tests for ../../../Engine/DerivedDataCache took 0.35 seconds
[2024.04.10-12.26.40:944][  0]LogDerivedDataCache: Display: Performance to ../../../Engine/DerivedDataCache: Latency=10.51ms. RandomReadSpeed=4.61MBs, RandomWriteSpeed=39.14MBs. Assigned SpeedClass 'Ok'
[2024.04.10-12.26.40:945][  0]LogDerivedDataCache: Using Local data cache path ../../../Engine/DerivedDataCache: Writable
[2024.04.10-12.26.41:108][  0]LogAssetRegistry: FAssetRegistry took 0.0024 seconds to start up
[2024.04.10-12.26.45:416][  0]LogInit: Selected Device Profile: [Windows]
[2024.04.10-12.26.45:416][  0]LogInit: Active device profile: [00000237D49A3F00][00000237C7B0D800 49] Windows
[2024.04.10-12.26.45:416][  0]LogInit: Profiles: [00000237D49A3F00][00000237C7B0D800 49] Windows, [00000237D49B7F00][00000237C7B1B980 49] WindowsNoEditor, [00000237D49A0200][00000237C7B1FB00 49] WindowsServer, [00000237D49B6100][00000237C7B22100 49] WindowsClient, [00000237D49A1E00][00000237C7B26280 49] IOS, [00000237D49B7400][00000237C7B103C0 49] iPadAir, [00000237D49A3A00][00000237D206E500 49] iPadAir2, [00000237D495C600][00000237D207C740 49] IPadPro, [00000237D495C700][00000237D2072780 49] iPadAir3, [00000237D49A0500][00000237D208A900 49] iPadAir4, [00000237D495FD00][00000237D208EA80 49] iPadMini2, [00000237D49A0300][00000237D2092C00 49] iPadMini3, [00000237D495D400][00000237D2096D80 49] iPadMini4, [00000237D49A3D00][00000237D209AF00 49] iPadMini5, [00000237D494FE00][00000237D20A31C0 49] iPhone6, [00000237D494FF00][00000237D209F200 49] iPodTouch6, [00000237D49B6000][00000237D30714C0 49] iPhone7, [00000237D495F600][00000237D306D500 49] iPodTouch7, [00000237D494C500][00000237D3075680 49] iPhone5S, [00000237D495E400][00000237D3079800 49] iPhone6Plus, [00000237D494F300][00000237D307D980 49] iPhone6S, [00000237D495FB00][00000237D3081B00 49] iPhone6SPlus, [00000237D494CE00][00000237D3084100 49] iPhone7Plus, [00000237D495D000][00000237D3088280 49] iPhoneSE, [00000237D494EB00][00000237D308C400 49] iPhone8, [00000237D495DA00][00000237D3090580 49] iPhone8Plus, [00000237D494D600][00000237D20866C0 49] iPhoneX, [00000237D495D100][00000237D3094800 49] iPhoneXS, [00000237D494E300][00000237D3098940 49] iPhoneXSMax, [00000237D495E100][00000237D30A0AC0 49] iPhoneXR, [00000237D494F700][00000237D30A4C40 49] iPhone11, [00000237D495FF00][00000237D30A8DC0 49] iPhone11Pro, [00000237D494CB00][00000237D30ACF40 49] iPhone11ProMax, [00000237D495CE00][00000237D2DB10C0 49] iPhoneSE2, [00000237D494C200][00000237D2DB5240 49] iPhone12Mini, [00000237D495DB00][00000237D2DB93C0 49] iPhone12, [00000237D494CD00][00000237D2DBD540 49] iPhone12Pro, [00000237D495E800][00000237D2DC16C0 49] iPhone12ProMax, [00000237D494E200][00000237D2DC5840 49] iPadPro105, [00000237D495F900][00000237D2DC99C0 49] iPadPro129, [00000237D494EC00][00000237D2DCDB40 49] iPadPro97, [00000237D495DC00][00000237D2DD0140 49] iPadPro2_129, [00000237D494CA00][00000237D2DD42C0 49] iPad5, [00000237D495F700][00000237D2DD8440 49] iPad6, [00000237D494DA00][00000237D2DDC5C0 49] iPad7, [00000237D495F300][00000237D2DE0740 49] iPad8, [00000237D494F800][00000237D309C880 49] iPadPro11, [00000237D495FC00][00000237D2DE49C0 49] iPadPro2_11, [00000237D494C400][00000237D2DE8B00 49] iPadPro3_129, [00000237D495FE00][00000237D2DECC40 49] iPadPro4_129, [00000237D494D000][00000237D2DF4DC0 49] AppleTV, [00000237D495F200][00000237D2DF8F40 49] AppleTV4K, [00000237D494D200][00000237D2DFD0C0 49] TVOS, [00000237D495CB00][00000237D2E01240 49] Mac, [00000237D494C600][00000237D2E053C0 49] MacClient, [00000237D495C200][00000237D2E09540 49] MacNoEditor, [00000237D494E600][00000237D2E0D6C0 49] MacServer, [00000237D495F800][00000237D2E11840 49] Linux, [00000237D494F400][00000237D2E159C0 49] LinuxAArch64, [00000237D495C800][00000237D2E19B40 49] LinuxNoEditor, [00000237D494D100][00000237D2E1C140 49] LinuxAArch64NoEditor, [00000237D495EC00][00000237D2E202C0 49] LinuxClient, [00000237D494D900][00000237D2E24440 49] LinuxAArch64Client, [00000237D495CF00][00000237D2E285C0 49] LinuxServer, [00000237D494CC00][00000237D3F02740 49] LinuxAArch64Server, [00000237D495E500][00000237D3F068C0 49] Android, [00000237D494DB00][00000237D2DF0A00 49] Android_Low, [00000237D495C400][00000237D3F0AB40 49] Android_Mid, [00000237D494ED00][00000237D3F0EC80 49] Android_High, [00000237D4A20E00][00000237D3F12DC0 49] Android_Default, [00000237D49B7D00][00000237D3F1AF40 49] Android_Adreno4xx, [00000237D4A20900][00000237D3F1F0C0 49] Android_Adreno5xx_Low, [00000237D49B6300][00000237D3F23240 49] Android_Adreno5xx, [00000237D4A20A00][00000237D3F273C0 49] Android_Adreno6xx, [00000237D49B5500][00000237D3F2B540 49] Android_Adreno6xx_Vulkan, [00000237D4A22200][00000237D3F2F6C0 49] Android_Mali_T6xx, [00000237D49B4300][00000237D3F33840 49] Android_Mali_T7xx, [00000237D4A21900][00000237D3F379C0 49] Android_Mali_T8xx, [00000237D49B4A00][00000237D3F3BB40 49] Android_Mali_G71, [00000237D4A21100][00000237D3F3E140 49] Android_Mali_G72, [00000237D49B5E00][00000237D3F422C0 49] Android_Mali_G72_Vulkan, [00000237D4A22300][00000237D3F46440 49] Android_Mali_G76, [00000237D49B6400][00000237D3F4A5C0 49] Android_Mali_G76_Vulkan, [00000237D4A20400][00000237D3F4E740 49] Android_Mali_G77, [00000237D49B4500][00000237D3F528C0 49] Android_Mali_G77_Vulkan, [00000237D4A22D00][00000237D3F56A40 49] Android_Mali_G78, [00000237D49B5900][00000237D3F5ABC0 49] Android_Mali_G78_Vulkan, [00000237D4A21C00][00000237D3F16D00 49] Android_Mali_G710, [00000237D49B6F00][00000237D3F5EE40 49] Android_Mali_G710_Vulkan, [00000237D4A20600][00000237D3F62F80 49] Android_Vulkan_SM5, [00000237D49B6E00][00000237D3F6B100 49] Android_PowerVR_G6xxx, [00000237D4A21B00][00000237D3F6F280 49] Android_PowerVR_GT7xxx, [00000237D49B7000][00000237D3F73400 49] Android_PowerVR_GE8xxx, [00000237D4A22B00][00000237D3F77580 49] Android_PowerVR_GM9xxx, [00000237D49B5300][00000237D3F7B700 49] Android_PowerVR_GM9xxx_Vulkan, [00000237D4A20100][00000237D3F7F880 49] Android_TegraK1, [00000237D49B5400][00000237D3F83A00 49] Android_Unknown_Vulkan, [00000237D4A22A00][00000237D3F87B80 49] Lumin, [00000237D495D300][00000237D3F8A180 49] Lumin_Desktop, [00000237D4A21700][00000237D3F8E300 49] HoloLens, 
[2024.04.10-12.26.46:358][  0]LogMeshReduction: Using QuadricMeshReduction for automatic static mesh reduction
[2024.04.10-12.26.46:358][  0]LogMeshReduction: Using SimplygonMeshReduction for automatic skeletal mesh reduction
[2024.04.10-12.26.46:358][  0]LogMeshReduction: Using ProxyLODMeshReduction for automatic mesh merging
[2024.04.10-12.26.46:358][  0]LogMeshReduction: No distributed automatic mesh merging module available
[2024.04.10-12.26.46:374][  0]LogMeshMerging: No distributed automatic mesh merging module available
[2024.04.10-12.26.46:909][  0]LogNetVersion: BuildingProject 1.0.0, NetCL: 17155196, EngineNetVer: 17, GameNetVer: 0 (Checksum: 2393332515)
[2024.04.10-12.26.51:395][  0]LogHMD: PokeAHoleMaterial loaded successfully
[2024.04.10-12.26.53:093][  0]LogCollectionManager: Loaded 0 collections in 0.000998 seconds
[2024.04.10-12.26.53:105][  0]LogFileCache: Scanning file cache for directory 'D:/Unreal Engine/Projects/BuildingProject/Saved/Collections/' took 0.00s
[2024.04.10-12.26.53:105][  0]LogFileCache: Scanning file cache for directory 'D:/Unreal Engine/Projects/BuildingProject/Content/Developers/Danila/Collections/' took 0.00s
[2024.04.10-12.26.53:105][  0]LogFileCache: Scanning file cache for directory 'D:/Unreal Engine/Projects/BuildingProject/Content/Collections/' took 0.00s
[2024.04.10-12.26.53:105][  0]LogCollectionManager: Fixed up redirectors for 0 collections in 0.000003 seconds (updated 0 objects)
[2024.04.10-12.26.54:471][  0]LogNiagaraDebuggerClient: Niagara Debugger Client Initialized | Session: FCE97A754E99B41CF1C0CA8DC74BB245 | Instance: 9EE6B39545BA6F4797ACD386D513BC76 (KOMPUTER-24228).
[2024.04.10-12.26.56:574][  0]LogPython: Using Python 3.7.7
[2024.04.10-12.27.01:730][  0]LogOpenImageDenoise: OIDN starting up
[2024.04.10-12.27.02:061][  0]LogAudioCaptureCore: Display: No Audio Capture implementations found. Audio input will be silent.
[2024.04.10-12.27.02:061][  0]LogAudioCaptureCore: Display: No Audio Capture implementations found. Audio input will be silent.
[2024.04.10-12.27.02:367][  0]LogAndroidPermission: UAndroidPermissionCallbackProxy::GetInstance
[2024.04.10-12.27.04:370][  0]SourceControl: Source control is disabled
[2024.04.10-12.27.04:370][  0]SourceControl: Source control is disabled
[2024.04.10-12.27.04:527][  0]SourceControl: Source control is disabled
[2024.04.10-12.27.04:556][  0]SourceControl: Source control is disabled
[2024.04.10-12.27.04:571][  0]SourceControl: Source control is disabled
[2024.04.10-12.27.04:593][  0]LogUProjectInfo: Found projects:
[2024.04.10-12.27.04:842][  0]LogOcInput: OculusInput pre-init called
[2024.04.10-12.27.05:729][  0]LogUObjectArray: 23044 objects as part of root set at end of initial load.
[2024.04.10-12.27.05:729][  0]LogUObjectAllocator: 6348224 out of 0 bytes used by permanent object pool.
[2024.04.10-12.27.05:729][  0]LogUObjectArray: CloseDisregardForGC: 0/0 objects in disregard for GC pool
[2024.04.10-12.27.05:737][  0]LogInit: Error: VisualStudioToolsCommandlet looked like a commandlet, but we could not find the class.
[2024.04.10-12.27.05:748][  0]LogCore: Engine exit requested (reason: Failed to find commandlet class VisualStudioToolsCommandlet)
[2024.04.10-12.27.05:748][  0]LogCore: Engine exit requested (reason: EngineExit() was called; note: exit was already requested)
[2024.04.10-12.27.05:813][  0]LogExit: Preparing to exit.
[2024.04.10-12.27.06:011][  0]LogUObjectHash: Compacting FUObjectHashTables data took   0.94ms
[2024.04.10-12.27.07:134][  0]LogDemo: Cleaned up 0 splitscreen connections with owner deletion
[2024.04.10-12.27.10:316][  0]LogExit: Object subsystem successfully closed.
[2024.04.10-12.27.12:809][  0]LogModuleManager: Shutting down and abandoning module AudioSynesthesiaEditor (594)
[2024.04.10-12.27.12:809][  0]LogModuleManager: Shutting down and abandoning module OculusEditor (592)
[2024.04.10-12.27.12:897][  0]LogModuleManager: Shutting down and abandoning module OculusInput (590)
[2024.04.10-12.27.12:897][  0]LogModuleManager: Shutting down and abandoning module ContentBrowserAssetDataSource (588)
[2024.04.10-12.27.12:897][  0]LogModuleManager: Shutting down and abandoning module ContentBrowserFileDataSource (586)
[2024.04.10-12.27.12:897][  0]LogModuleManager: Shutting down and abandoning module ContentBrowserClassDataSource (584)
[2024.04.10-12.27.12:897][  0]LogModuleManager: Shutting down and abandoning module ToolMenus (583)
[2024.04.10-12.27.12:897][  0]LogModuleManager: Shutting down and abandoning module VisualStudioSourceCodeAccess (580)
[2024.04.10-12.27.12:897][  0]LogModuleManager: Shutting down and abandoning module VisualStudioCodeSourceCodeAccess (578)
[2024.04.10-12.27.12:897][  0]LogModuleManager: Shutting down and abandoning module UObjectPlugin (576)
[2024.04.10-12.27.12:897][  0]LogModuleManager: Shutting down and abandoning module SubversionSourceControl (574)
[2024.04.10-12.27.12:940][  0]LogModuleManager: Shutting down and abandoning module PluginUtils (572)
[2024.04.10-12.27.12:953][  0]LogModuleManager: Shutting down and abandoning module PlasticSourceControl (570)
[2024.04.10-12.27.12:954][  0]LogModuleManager: Shutting down and abandoning module PerforceSourceControl (568)
[2024.04.10-12.27.12:979][  0]LogModuleManager: Shutting down and abandoning module GitSourceControl (566)
[2024.04.10-12.27.13:008][  0]LogModuleManager: Shutting down and abandoning module SourceControl (565)
[2024.04.10-12.27.13:125][  0]LogModuleManager: Shutting down and abandoning module AnimationSharingEd (562)
[2024.04.10-12.27.13:125][  0]LogModuleManager: Shutting down and abandoning module TakeSequencer (560)
[2024.04.10-12.27.13:135][  0]LogModuleManager: Shutting down and abandoning module TakeMovieScene (558)
[2024.04.10-12.27.13:135][  0]LogModuleManager: Shutting down and abandoning module CLionSourceCodeAccess (556)
[2024.04.10-12.27.13:135][  0]LogModuleManager: Shutting down and abandoning module ScreenshotTools (554)
[2024.04.10-12.27.13:135][  0]LogModuleManager: Shutting down and abandoning module SynthesisEditor (552)
[2024.04.10-12.27.13:135][  0]LogModuleManager: Shutting down and abandoning module Synthesis (550)
[2024.04.10-12.27.13:161][  0]LogModuleManager: Shutting down and abandoning module ProceduralMeshComponentEditor (548)
[2024.04.10-12.27.13:177][  0]LogModuleManager: Shutting down and abandoning module ProceduralMeshComponent (546)
[2024.04.10-12.27.13:177][  0]LogModuleManager: Shutting down and abandoning module OpenXREditor (544)
[2024.04.10-12.27.13:194][  0]LogModuleManager: Shutting down and abandoning module MobilePatchingUtils (542)
[2024.04.10-12.27.13:206][  0]LogModuleManager: Shutting down and abandoning module GooglePAD (540)
[2024.04.10-12.27.13:206][  0]LogModuleManager: Shutting down and abandoning module EditableMesh (538)
[2024.04.10-12.27.13:211][  0]LogModuleManager: Shutting down and abandoning module CableComponent (536)
[2024.04.10-12.27.13:211][  0]LogModuleManager: Shutting down and abandoning module AndroidPermission (534)
[2024.04.10-12.27.13:211][  0]LogModuleManager: Shutting down and abandoning module CustomMeshComponent (532)
[2024.04.10-12.27.13:211][  0]LogModuleManager: Shutting down and abandoning module AssetTags (530)
[2024.04.10-12.27.13:211][  0]LogModuleManager: Shutting down and abandoning module ArchVisCharacter (528)
[2024.04.10-12.27.13:211][  0]LogModuleManager: Shutting down and abandoning module AudioCapture (526)
[2024.04.10-12.27.13:211][  0]LogModuleManager: Shutting down and abandoning module AudioCaptureRtAudio (525)
[2024.04.10-12.27.13:226][  0]LogModuleManager: Shutting down and abandoning module TemplateSequence (522)
[2024.04.10-12.27.13:233][  0]LogModuleManager: Shutting down and abandoning module AppleImageUtilsBlueprintSupport (520)
[2024.04.10-12.27.13:234][  0]LogModuleManager: Shutting down and abandoning module AppleImageUtils (518)
[2024.04.10-12.27.13:234][  0]LogModuleManager: Shutting down and abandoning module ActorLayerUtilitiesEditor (516)
[2024.04.10-12.27.13:250][  0]LogModuleManager: Shutting down and abandoning module ActorLayerUtilities (514)
[2024.04.10-12.27.13:250][  0]LogModuleManager: Shutting down and abandoning module MotoSynthEditor (512)
[2024.04.10-12.27.13:250][  0]LogModuleManager: Shutting down and abandoning module MotoSynth (510)
[2024.04.10-12.27.13:250][  0]LogModuleManager: Shutting down and abandoning module OpenImageDenoise (508)
[2024.04.10-12.27.13:250][  0]LogOpenImageDenoise: OIDN shutting down
[2024.04.10-12.27.13:250][  0]LogModuleManager: Shutting down and abandoning module MeshConversion (506)
[2024.04.10-12.27.13:264][  0]LogModuleManager: Shutting down and abandoning module DynamicMesh (504)
[2024.04.10-12.27.13:285][  0]LogModuleManager: Shutting down and abandoning module GeometryAlgorithms (502)
[2024.04.10-12.27.13:344][  0]LogModuleManager: Shutting down and abandoning module GeometricObjects (500)
[2024.04.10-12.27.13:374][  0]LogModuleManager: Shutting down and abandoning module MediaCompositing (498)
[2024.04.10-12.27.13:374][  0]LogModuleManager: Shutting down and abandoning module GeometryCacheTracks (496)
[2024.04.10-12.27.13:374][  0]LogModuleManager: Shutting down and abandoning module GeometryCacheStreamer (494)
[2024.04.10-12.27.13:386][  0]LogModuleManager: Shutting down and abandoning module GeometryCacheSequencer (492)
[2024.04.10-12.27.13:386][  0]LogModuleManager: Shutting down and abandoning module MagicLeapSharedWorld (490)
[2024.04.10-12.27.13:386][  0]LogModuleManager: Shutting down and abandoning module MagicLeapLightEstimation (488)
[2024.04.10-12.27.13:386][  0]LogModuleManager: Shutting down and abandoning module GeometryCollectionTracks (486)
[2024.04.10-12.27.13:386][  0]LogModuleManager: Shutting down and abandoning module GeometryCollectionSequencer (485)
[2024.04.10-12.27.13:386][  0]LogModuleManager: Shutting down and abandoning module GeometryCollectionEditor (482)
[2024.04.10-12.27.13:395][  0]LogModuleManager: Shutting down and abandoning module MagicLeapHelperVulkan (480)
[2024.04.10-12.27.13:395][  0]LogModuleManager: Shutting down and abandoning module MagicLeapHelperOpenGL (478)
[2024.04.10-12.27.13:395][  0]LogModuleManager: Shutting down and abandoning module MagicLeapAudio (476)
[2024.04.10-12.27.13:398][  0]LogModuleManager: Shutting down and abandoning module ChaosNiagara (474)
[2024.04.10-12.27.13:402][  0]LogModuleManager: Shutting down and abandoning module FractureEditor (472)
[2024.04.10-12.27.13:427][  0]LogModuleManager: Shutting down and abandoning module ChaosClothEditor (470)
[2024.04.10-12.27.13:436][  0]LogModuleManager: Shutting down and abandoning module ChaosSolverEditor (468)
[2024.04.10-12.27.13:436][  0]LogModuleManager: Shutting down and abandoning module FieldSystemEngine (467)
[2024.04.10-12.27.13:436][  0]LogModuleManager: Shutting down and abandoning module AutomationUtilsEditor (464)
[2024.04.10-12.27.13:436][  0]LogModuleManager: Shutting down and abandoning module AutomationUtils (462)
[2024.04.10-12.27.13:436][  0]LogModuleManager: Shutting down and abandoning module AlembicImporter (460)
[2024.04.10-12.27.13:436][  0]LogModuleManager: Shutting down and abandoning module AlembicLibrary (459)
[2024.04.10-12.27.13:436][  0]LogModuleManager: Shutting down and abandoning module GeometryCache (458)
[2024.04.10-12.27.13:436][  0]LogModuleManager: Shutting down and abandoning module GeometryCacheEd (457)
[2024.04.10-12.27.13:436][  0]LogModuleManager: Shutting down and abandoning module SpeedTreeImporter (452)
[2024.04.10-12.27.13:436][  0]LogModuleManager: Shutting down and abandoning module PluginBrowser (450)
[2024.04.10-12.27.13:493][  0]LogModuleManager: Shutting down and abandoning module MobileLauncherProfileWizard (448)
[2024.04.10-12.27.13:503][  0]LogModuleManager: Shutting down and abandoning module MaterialAnalyzer (446)
[2024.04.10-12.27.13:516][  0]LogModuleManager: Shutting down and abandoning module CryptoKeysOpenSSL (444)
[2024.04.10-12.27.13:516][  0]LogModuleManager: Shutting down and abandoning module CryptoKeys (442)
[2024.04.10-12.27.13:516][  0]LogModuleManager: Shutting down and abandoning module NiagaraEditorWidgets (440)
[2024.04.10-12.27.13:615][  0]LogModuleManager: Shutting down and abandoning module CurveEditorTools (438)
[2024.04.10-12.27.13:642][  0]LogModuleManager: Shutting down and abandoning module VariantManagerContentEditor (436)
[2024.04.10-12.27.13:655][  0]LogModuleManager: Shutting down and abandoning module DatasmithContentEditor (434)
[2024.04.10-12.27.13:666][  0]LogModuleManager: Shutting down and abandoning module OodleNetworkHandlerComponent (432)
[2024.04.10-12.27.13:666][  0]LogModuleManager: Shutting down and abandoning module LightPropagationVolumeEditor (430)
[2024.04.10-12.27.13:666][  0]LogModuleManager: Shutting down and abandoning module LiveLinkSequencer (428)
[2024.04.10-12.27.13:666][  0]LogModuleManager: Shutting down and abandoning module LiveLinkMovieScene (426)
[2024.04.10-12.27.13:666][  0]LogModuleManager: Shutting down and abandoning module LiveLinkGraphNode (424)
[2024.04.10-12.27.13:666][  0]LogModuleManager: Shutting down and abandoning module LiveLinkEditor (422)
[2024.04.10-12.27.13:687][  0]LogModuleManager: Shutting down and abandoning module LiveLinkComponents (420)
[2024.04.10-12.27.13:687][  0]LogModuleManager: Shutting down and abandoning module LiveLink (418)
[2024.04.10-12.27.14:287][  0]LogModuleManager: Shutting down and abandoning module PaperTiledImporter (416)
[2024.04.10-12.27.14:288][  0]LogModuleManager: Shutting down and abandoning module PaperSpriteSheetImporter (414)
[2024.04.10-12.27.14:294][  0]LogModuleManager: Shutting down and abandoning module Paper2DEditor (412)
[2024.04.10-12.27.14:328][  0]LogModuleManager: Shutting down and abandoning module MeshPaintingToolset (410)
[2024.04.10-12.27.14:347][  0]LogModuleManager: Shutting down and abandoning module MeshPaintEditorMode (408)
[2024.04.10-12.27.14:353][  0]LogModuleManager: Shutting down and abandoning module BuildingProject (406)
[2024.04.10-12.27.14:353][  0]LogModuleManager: Shutting down and abandoning module GameplayCameras (404)
[2024.04.10-12.27.14:353][  0]LogModuleManager: Shutting down and abandoning module PropertyAccessNode (402)
[2024.04.10-12.27.14:353][  0]LogModuleManager: Shutting down and abandoning module AnimationSharing (400)
[2024.04.10-12.27.14:354][  0]LogModuleManager: Shutting down and abandoning module SignificanceManager (398)
[2024.04.10-12.27.14:354][  0]LogModuleManager: Shutting down and abandoning module RuntimePhysXCooking (396)
[2024.04.10-12.27.14:354][  0]LogModuleManager: Shutting down and abandoning module PropertyAccessEditor (394)
[2024.04.10-12.27.14:386][  0]LogModuleManager: Shutting down and abandoning module SoundFields (392)
[2024.04.10-12.27.14:386][  0]LogModuleManager: Shutting down and abandoning module PhysXVehiclesEditor (390)
[2024.04.10-12.27.14:386][  0]LogModuleManager: Shutting down and abandoning module LocationServicesBPLibrary (386)
[2024.04.10-12.27.14:386][  0]LogModuleManager: Shutting down and abandoning module AudioSynesthesia (384)
[2024.04.10-12.27.14:394][  0]LogModuleManager: Shutting down and abandoning module AudioSynesthesiaCore (382)
[2024.04.10-12.27.14:394][  0]LogModuleManager: Shutting down and abandoning module TcpMessaging (380)
[2024.04.10-12.27.14:432][  0]LogModuleManager: Shutting down and abandoning module ActorSequence (378)
[2024.04.10-12.27.14:432][  0]LogModuleManager: Shutting down and abandoning module UdpMessaging (376)
[2024.04.10-12.27.14:442][  0]LogModuleManager: Shutting down and abandoning module PythonScriptPlugin (374)
[2024.04.10-12.27.14:442][  0]LogModuleManager: Shutting down and abandoning module MagicLeapARPin (372)
[2024.04.10-12.27.14:442][  0]LogModuleManager: Shutting down and abandoning module MagicLeapHandMeshing (370)
[2024.04.10-12.27.14:442][  0]LogModuleManager: Shutting down and abandoning module MagicLeapSecureStorage (368)
[2024.04.10-12.27.14:442][  0]LogModuleManager: Shutting down and abandoning module MagicLeapPrivileges (366)
[2024.04.10-12.27.14:450][  0]LogModuleManager: Shutting down and abandoning module MagicLeapPlanes (364)
[2024.04.10-12.27.14:513][  0]LogMagicLeapPlanes: Planes tracker already destroyed.
[2024.04.10-12.27.14:513][  0]LogModuleManager: Shutting down and abandoning module MagicLeapImageTracker (362)
[2024.04.10-12.27.14:513][  0]LogModuleManager: Shutting down and abandoning module MagicLeapIdentity (360)
[2024.04.10-12.27.14:513][  0]LogModuleManager: Shutting down and abandoning module MagicLeapHandTracking (358)
[2024.04.10-12.27.14:517][  0]LogModuleManager: Shutting down and abandoning module MagicLeapEyeTracker (356)
[2024.04.10-12.27.14:517][  0]LogModuleManager: Shutting down and abandoning module MagicLeapController (354)
[2024.04.10-12.27.14:517][  0]LogModuleManager: Shutting down and abandoning module MagicLeapARPinImpl (352)
[2024.04.10-12.27.14:517][  0]LogModuleManager: Shutting down and abandoning module MagicLeapAR (350)
[2024.04.10-12.27.14:517][  0]LogModuleManager: Shutting down and abandoning module GameplayTagsEditor (348)
[2024.04.10-12.27.14:517][  0]LogModuleManager: Shutting down and abandoning module FacialAnimationEditor (346)
[2024.04.10-12.27.14:517][  0]LogModuleManager: Shutting down and abandoning module FacialAnimation (344)
[2024.04.10-12.27.14:517][  0]LogModuleManager: Shutting down and abandoning module DataValidation (342)
[2024.04.10-12.27.14:517][  0]LogModuleManager: Shutting down and abandoning module NiagaraAnimNotifies (340)
[2024.04.10-12.27.14:517][  0]LogModuleManager: Shutting down and abandoning module Niagara (338)
[2024.04.10-12.27.14:575][  0]LogModuleManager: Shutting down and abandoning module SignalProcessing (337)
[2024.04.10-12.27.14:583][  0]LogModuleManager: Shutting down and abandoning module NiagaraEditor (335)
[2024.04.10-12.27.14:639][  0]LogModuleManager: Shutting down and abandoning module NiagaraCore (332)
[2024.04.10-12.27.14:639][  0]LogModuleManager: Shutting down and abandoning module AssetManagerEditor (330)
[2024.04.10-12.27.14:663][  0]LogModuleManager: Shutting down and abandoning module TreeMap (329)
[2024.04.10-12.27.14:671][  0]LogModuleManager: Shutting down and abandoning module EnvironmentQueryEditor (326)
[2024.04.10-12.27.14:686][  0]LogModuleManager: Shutting down and abandoning module LightPropagationVolumeRuntime (324)
[2024.04.10-12.27.14:686][  0]LogModuleManager: Shutting down and abandoning module Paper2D (322)
[2024.04.10-12.27.14:698][  0]LogModuleManager: Shutting down and abandoning module NetworkReplayStreaming (320)
[2024.04.10-12.27.14:698][  0]LogModuleManager: Shutting down and abandoning module PacketHandler (318)
[2024.04.10-12.27.14:698][  0]LogModuleManager: Shutting down and abandoning module ClothingSystemEditor (316)
[2024.04.10-12.27.14:698][  0]LogModuleManager: Shutting down and abandoning module ClothingSystemRuntimeNv (314)
[2024.04.10-12.27.14:755][  0]LogModuleManager: Shutting down and abandoning module MediaAssets (312)
[2024.04.10-12.27.14:755][  0]LogModuleManager: Shutting down and abandoning module Overlay (310)
[2024.04.10-12.27.14:755][  0]LogModuleManager: Shutting down and abandoning module OverlayEditor (309)
[2024.04.10-12.27.14:755][  0]LogModuleManager: Shutting down and abandoning module Blutility (306)
[2024.04.10-12.27.14:769][  0]LogModuleManager: Shutting down and abandoning module LevelEditor (305)
[2024.04.10-12.27.14:898][  0]LogModuleManager: Shutting down and abandoning module PixelInspectorModule (304)
[2024.04.10-12.27.14:929][  0]LogModuleManager: Shutting down and abandoning module CommonMenuExtensions (302)
[2024.04.10-12.27.14:933][  0]LogModuleManager: Shutting down and abandoning module MainFrame (300)
[2024.04.10-12.27.14:981][  0]LogModuleManager: Shutting down and abandoning module HotReload (299)
[2024.04.10-12.27.14:989][  0]LogModuleManager: Shutting down and abandoning module ContentBrowser (295)
[2024.04.10-12.27.14:998][  0]LogModuleManager: Shutting down and abandoning module CollectionManager (294)
[2024.04.10-12.27.15:024][  0]LogModuleManager: Shutting down and abandoning module ContentBrowserData (292)
[2024.04.10-12.27.15:024][  0]LogModuleManager: Shutting down and abandoning module IntroTutorials (288)
[2024.04.10-12.27.15:042][  0]LogModuleManager: Shutting down and abandoning module VREditor (286)
[2024.04.10-12.27.15:054][  0]LogModuleManager: Shutting down and abandoning module StringTableEditor (284)
[2024.04.10-12.27.15:114][  0]LogModuleManager: Shutting down and abandoning module GameplayTasksEditor (282)
[2024.04.10-12.27.15:116][  0]LogModuleManager: Shutting down and abandoning module BehaviorTreeEditor (280)
[2024.04.10-12.27.15:343][  0]LogModuleManager: Shutting down and abandoning module FunctionalTesting (278)
[2024.04.10-12.27.15:357][  0]LogModuleManager: Shutting down and abandoning module CollisionAnalyzer (276)
[2024.04.10-12.27.15:385][  0]LogModuleManager: Shutting down and abandoning module WorkspaceMenuStructure (275)
[2024.04.10-12.27.15:385][  0]LogModuleManager: Shutting down and abandoning module UMG (272)
[2024.04.10-12.27.15:409][  0]LogModuleManager: Shutting down and abandoning module UMGEditor (271)
[2024.04.10-12.27.15:458][  0]LogModuleManager: Shutting down and abandoning module MessageLog (269)
[2024.04.10-12.27.15:458][  0]LogModuleManager: Shutting down and abandoning module SlateReflector (264)
[2024.04.10-12.27.15:612][  0]LogModuleManager: Shutting down and abandoning module Slate (262)
[2024.04.10-12.27.15:612][  0]LogModuleManager: Shutting down and abandoning module SlateCore (260)
[2024.04.10-12.27.15:613][  0]LogModuleManager: Shutting down and abandoning module LandscapeEditorUtilities (258)
[2024.04.10-12.27.15:613][  0]LogModuleManager: Shutting down and abandoning module UnrealEd (256)
[2024.04.10-12.27.15:613][  0]LogModuleManager: Shutting down and abandoning module MRMesh (254)
[2024.04.10-12.27.15:622][  0]LogModuleManager: Shutting down and abandoning module SourceCodeAccess (252)
[2024.04.10-12.27.15:622][  0]LogModuleManager: Shutting down and abandoning module HeadMountedDisplay (250)
[2024.04.10-12.27.15:622][  0]LogModuleManager: Shutting down and abandoning module XAudio2 (248)
[2024.04.10-12.27.15:633][  0]LogModuleManager: Shutting down and abandoning module Networking (246)
[2024.04.10-12.27.15:634][  0]LogModuleManager: Shutting down and abandoning module Core (244)
[2024.04.10-12.27.15:634][  0]LogModuleManager: Shutting down and abandoning module MaterialEditor (242)
[2024.04.10-12.27.15:687][  0]LogModuleManager: Shutting down and abandoning module Settings (241)
[2024.04.10-12.27.15:687][  0]LogModuleManager: Shutting down and abandoning module MovieSceneTools (238)
[2024.04.10-12.27.15:721][  0]LogModuleManager: Shutting down and abandoning module CurveEditor (237)
[2024.04.10-12.27.15:742][  0]LogModuleManager: Shutting down and abandoning module Sequencer (235)
[2024.04.10-12.27.15:855][  0]LogModuleManager: Shutting down and abandoning module EditorStyle (234)
[2024.04.10-12.27.15:856][  0]LogModuleManager: Shutting down and abandoning module KismetCompiler (230)
[2024.04.10-12.27.15:856][  0]LogModuleManager: Shutting down and abandoning module MeshBuilder (228)
[2024.04.10-12.27.15:862][  0]LogModuleManager: Shutting down and abandoning module MeshUtilities (226)
[2024.04.10-12.27.15:873][  0]LogModuleManager: Shutting down and abandoning module MeshMergeUtilities (225)
[2024.04.10-12.27.15:883][  0]LogModuleManager: Shutting down and abandoning module MeshReductionInterface (224)
[2024.04.10-12.27.15:883][  0]LogModuleManager: Shutting down and abandoning module MeshBoneReduction (223)
[2024.04.10-12.27.15:894][  0]LogModuleManager: Shutting down and abandoning module ProxyLODMeshReduction (221)
[2024.04.10-12.27.15:930][  0]LogModuleManager: Shutting down and abandoning module SkeletalMeshReduction (219)
[2024.04.10-12.27.15:947][  0]LogModuleManager: Shutting down and abandoning module QuadricMeshReduction (217)
[2024.04.10-12.27.15:951][  0]LogModuleManager: Shutting down and abandoning module MaterialBaking (213)
[2024.04.10-12.27.15:964][  0]LogModuleManager: Shutting down and abandoning module DirectoryWatcher (209)
[2024.04.10-12.27.15:964][  0]LogModuleManager: Shutting down and abandoning module NullInstallBundleManager (206)
[2024.04.10-12.27.15:965][  0]LogModuleManager: Shutting down and abandoning module DerivedDataCache (204)
[2024.04.10-12.27.15:973][  0]LogModuleManager: Shutting down and abandoning module TargetPlatform (202)
[2024.04.10-12.27.15:989][  0]LogModuleManager: Shutting down and abandoning module VulkanShaderFormat (201)
[2024.04.10-12.27.16:079][  0]LogModuleManager: Shutting down and abandoning module ShaderFormatVectorVM (199)
[2024.04.10-12.27.16:093][  0]LogModuleManager: Shutting down and abandoning module ShaderFormatOpenGL (197)
[2024.04.10-12.27.16:100][  0]LogModuleManager: Shutting down and abandoning module ShaderFormatD3D (195)
[2024.04.10-12.27.16:104][  0]LogModuleManager: Shutting down and abandoning module MetalShaderFormat (193)
[2024.04.10-12.27.16:108][  0]LogModuleManager: Shutting down and abandoning module TextureFormatOodle (191)
[2024.04.10-12.27.16:120][  0]LogModuleManager: Shutting down and abandoning module TextureFormatUncompressed (189)
[2024.04.10-12.27.16:120][  0]LogModuleManager: Shutting down and abandoning module TextureFormatPVR (187)
[2024.04.10-12.27.16:120][  0]LogModuleManager: Shutting down and abandoning module TextureFormatETC2 (185)
[2024.04.10-12.27.16:120][  0]LogModuleManager: Shutting down and abandoning module TextureFormatDXT (183)
[2024.04.10-12.27.16:137][  0]LogModuleManager: Shutting down and abandoning module TextureFormatIntelISPCTexComp (181)
[2024.04.10-12.27.16:140][  0]LogModuleManager: Shutting down and abandoning module TextureFormatASTC (179)
[2024.04.10-12.27.16:140][  0]LogModuleManager: Shutting down and abandoning module ImageWrapper (178)
[2024.04.10-12.27.16:140][  0]LogModuleManager: Shutting down and abandoning module AudioFormatOpus (175)
[2024.04.10-12.27.16:140][  0]LogModuleManager: Shutting down and abandoning module AudioFormatOgg (173)
[2024.04.10-12.27.16:140][  0]LogModuleManager: Shutting down and abandoning module AudioFormatADPCM (171)
[2024.04.10-12.27.16:153][  0]LogModuleManager: Shutting down and abandoning module WindowsServerTargetPlatform (169)
[2024.04.10-12.27.16:153][  0]LogModuleManager: Shutting down and abandoning module WindowsClientTargetPlatform (167)
[2024.04.10-12.27.16:153][  0]LogModuleManager: Shutting down and abandoning module WindowsTargetPlatform (165)
[2024.04.10-12.27.16:153][  0]LogModuleManager: Shutting down and abandoning module WindowsNoEditorTargetPlatform (163)
[2024.04.10-12.27.16:153][  0]LogModuleManager: Shutting down and abandoning module TVOSTargetPlatform (161)
[2024.04.10-12.27.16:155][  0]LogModuleManager: Shutting down and abandoning module MacServerTargetPlatform (159)
[2024.04.10-12.27.16:155][  0]LogModuleManager: Shutting down and abandoning module MacClientTargetPlatform (157)
[2024.04.10-12.27.16:155][  0]LogModuleManager: Shutting down and abandoning module MacTargetPlatform (155)
[2024.04.10-12.27.16:155][  0]LogModuleManager: Shutting down and abandoning module MacNoEditorTargetPlatform (153)
[2024.04.10-12.27.16:155][  0]LogModuleManager: Shutting down and abandoning module LuminTargetPlatform (151)
[2024.04.10-12.27.16:156][  0]LogModuleManager: Shutting down and abandoning module LinuxAArch64ServerTargetPlatform (149)
[2024.04.10-12.27.16:156][  0]LogModuleManager: Shutting down and abandoning module LinuxAArch64ClientTargetPlatform (147)
[2024.04.10-12.27.16:156][  0]LogModuleManager: Shutting down and abandoning module LinuxAArch64NoEditorTargetPlatform (145)
[2024.04.10-12.27.16:156][  0]LogModuleManager: Shutting down and abandoning module LinuxServerTargetPlatform (143)
[2024.04.10-12.27.16:156][  0]LogModuleManager: Shutting down and abandoning module LinuxClientTargetPlatform (141)
[2024.04.10-12.27.16:156][  0]LogModuleManager: Shutting down and abandoning module LinuxNoEditorTargetPlatform (139)
[2024.04.10-12.27.16:156][  0]LogModuleManager: Shutting down and abandoning module LinuxTargetPlatform (137)
[2024.04.10-12.27.16:156][  0]LogModuleManager: Shutting down and abandoning module Messaging (135)
[2024.04.10-12.27.16:156][  0]LogModuleManager: Shutting down and abandoning module IOSTargetPlatform (133)
[2024.04.10-12.27.16:157][  0]LogModuleManager: Shutting down and abandoning module AndroidTargetPlatform (131)
[2024.04.10-12.27.16:161][  0]LogModuleManager: Shutting down and abandoning module AllDesktopTargetPlatform (129)
[2024.04.10-12.27.16:161][  0]LogModuleManager: Shutting down and abandoning module NullDrv (126)
[2024.04.10-12.27.16:161][  0]LogModuleManager: Shutting down and abandoning module PhysXCooking (124)
[2024.04.10-12.27.16:161][  0]LogModuleManager: Shutting down and abandoning module Chaos (122)
[2024.04.10-12.27.16:180][  0]LogModuleManager: Shutting down and abandoning module WindowsPlatformFeatures (120)
[2024.04.10-12.27.16:195][  0]LogModuleManager: Shutting down and abandoning module GameplayMediaEncoder (119)
[2024.04.10-12.27.16:206][  0]LogModuleManager: Shutting down and abandoning module AVEncoder (118)
[2024.04.10-12.27.16:208][  0]LogModuleManager: Shutting down and abandoning module ExampleDeviceProfileSelector (114)
[2024.04.10-12.27.16:208][  0]LogModuleManager: Shutting down and abandoning module SteamVRInputDevice (112)
[2024.04.10-12.27.16:208][  0]LogModuleManager: Shutting down and abandoning module SteamVRInput (110)
[2024.04.10-12.27.16:209][  0]LogModuleManager: Shutting down and abandoning module SteamVR (108)
[2024.04.10-12.27.16:222][  0]LogHMD: Freeing OpenVRDLLHandle.
[2024.04.10-12.27.16:222][  0]LogModuleManager: Shutting down and abandoning module OculusHMD (106)
[2024.04.10-12.27.16:231][  0]LogModuleManager: Shutting down and abandoning module PixWinPlugin (104)
[2024.04.10-12.27.16:243][  0]LogModuleManager: Shutting down and abandoning module OpenXRHandTracking (102)
[2024.04.10-12.27.16:243][  0]LogModuleManager: Shutting down and abandoning module OpenXREyeTracker (100)
[2024.04.10-12.27.16:243][  0]LogModuleManager: Shutting down and abandoning module OpenXRAR (98)
[2024.04.10-12.27.16:256][  0]LogModuleManager: Shutting down and abandoning module AugmentedReality (97)
[2024.04.10-12.27.16:256][  0]LogModuleManager: Shutting down and abandoning module OpenXRHMD (94)
[2024.04.10-12.27.16:325][  0]LogModuleManager: Shutting down and abandoning module ChunkDownloader (92)
[2024.04.10-12.27.16:325][  0]LogModuleManager: Shutting down and abandoning module LauncherChunkInstaller (90)
[2024.04.10-12.27.16:325][  0]LogModuleManager: Shutting down and abandoning module OnlineBlueprintSupport (88)
[2024.04.10-12.27.16:325][  0]LogModuleManager: Shutting down and abandoning module OnlineSubsystem (84)
[2024.04.10-12.27.16:353][  0]LogModuleManager: Shutting down and abandoning module XMPP (79)
[2024.04.10-12.27.16:375][  0]LogModuleManager: Shutting down and abandoning module WebSockets (78)
[2024.04.10-12.27.16:428][  0]LogModuleManager: Shutting down and abandoning module HTTP (75)
[2024.04.10-12.27.16:428][  0]LogHttp: Display: cleaning up 0 outstanding Http requests.
[2024.04.10-12.27.16:456][  0]LogModuleManager: Shutting down and abandoning module SSL (74)
[2024.04.10-12.27.16:457][  0]LogModuleManager: Shutting down and abandoning module WmfMedia (70)
[2024.04.10-12.27.16:474][  0]LogModuleManager: Shutting down and abandoning module Media (69)
[2024.04.10-12.27.16:474][  0]LogModuleManager: Shutting down and abandoning module MediaInfo (68)
[2024.04.10-12.27.16:474][  0]LogModuleManager: Shutting down and abandoning module ExrReaderGpu (64)
[2024.04.10-12.27.16:485][  0]LogModuleManager: Shutting down and abandoning module MLSDK (62)
[2024.04.10-12.27.16:500][  0]LogModuleManager: Shutting down and abandoning module ChaosCloth (60)
[2024.04.10-12.27.16:603][  0]LogModuleManager: Shutting down and abandoning module MagicLeap (58)
[2024.04.10-12.27.16:603][  0]LogModuleManager: Shutting down and abandoning module NiagaraVertexFactories (56)
[2024.04.10-12.27.16:603][  0]LogModuleManager: Shutting down and abandoning module NiagaraShader (54)
[2024.04.10-12.27.16:617][  0]LogModuleManager: Shutting down and abandoning module VariantManagerContent (52)
[2024.04.10-12.27.16:617][  0]LogModuleManager: Shutting down and abandoning module DatasmithContent (50)
[2024.04.10-12.27.16:617][  0]LogModuleManager: Shutting down and abandoning module AISupportModule (48)
[2024.04.10-12.27.16:617][  0]LogModuleManager: Shutting down and abandoning module PythonScriptPluginPreload (46)
[2024.04.10-12.27.16:617][  0]LogModuleManager: Shutting down and abandoning module PlatformCryptoOpenSSL (44)
[2024.04.10-12.27.16:626][  0]LogModuleManager: Shutting down and abandoning module PlatformCryptoTypes (42)
[2024.04.10-12.27.16:626][  0]LogModuleManager: Shutting down and abandoning module PlatformCrypto (40)
[2024.04.10-12.27.16:626][  0]LogModuleManager: Shutting down and abandoning module OodleDataCompressionFormat (38)
[2024.04.10-12.27.16:636][  0]LogModuleManager: Shutting down and abandoning module XGEController (36)
[2024.04.10-12.27.16:659][  0]LogModuleManager: Shutting down and abandoning module AnimationModifiers (34)
[2024.04.10-12.27.16:667][  0]LogModuleManager: Shutting down and abandoning module AudioEditor (32)
[2024.04.10-12.27.16:688][  0]LogModuleManager: Shutting down and abandoning module PropertyEditor (31)
[2024.04.10-12.27.16:696][  0]LogModuleManager: Shutting down and abandoning module TextureCompressor (28)
[2024.04.10-12.27.16:711][  0]LogModuleManager: Shutting down and abandoning module RenderCore (26)
[2024.04.10-12.27.16:711][  0]LogModuleManager: Shutting down and abandoning module Landscape (24)
[2024.04.10-12.27.16:711][  0]LogModuleManager: Shutting down and abandoning module SlateRHIRenderer (22)
[2024.04.10-12.27.16:711][  0]LogModuleManager: Shutting down and abandoning module AnimGraphRuntime (20)
[2024.04.10-12.27.16:737][  0]LogModuleManager: Shutting down and abandoning module Renderer (18)
[2024.04.10-12.27.16:756][  0]LogModuleManager: Shutting down and abandoning module Engine (16)
[2024.04.10-12.27.16:756][  0]LogModuleManager: Shutting down and abandoning module CoreUObject (14)
[2024.04.10-12.27.16:756][  0]LogModuleManager: Shutting down and abandoning module NetworkFile (12)
[2024.04.10-12.27.16:769][  0]LogModuleManager: Shutting down and abandoning module CookedIterativeFile (10)
[2024.04.10-12.27.16:769][  0]LogModuleManager: Shutting down and abandoning module StreamingFile (8)
[2024.04.10-12.27.16:782][  0]LogModuleManager: Shutting down and abandoning module SandboxFile (6)
[2024.04.10-12.27.16:788][  0]LogModuleManager: Shutting down and abandoning module PakFile (4)
[2024.04.10-12.27.16:888][  0]LogModuleManager: Shutting down and abandoning module RSA (3)
[2024.04.10-12.27.17:408][  0]LogContentStreaming: Display: There are 1 unreleased StreamingManagers
[2024.04.10-12.27.17:481][  0]LogExit: Exiting.
[2024.04.10-12.27.17:494][  0]Log file closed, 04/10/24 16:27:17
