Log file open, 04/10/24 17:40:03
LogWindows: Failed to load 'aqProf.dll' (GetLastError=126)
LogWindows: File 'aqProf.dll' does not exist
LogWindows: Failed to load 'VtuneApi.dll' (GetLastError=126)
LogWindows: File 'VtuneApi.dll' does not exist
LogWindows: Failed to load 'VtuneApi32e.dll' (GetLastError=126)
LogWindows: File 'VtuneApi32e.dll' does not exist
LogConsoleResponse: Display: Failed to find resolution value strings in scalability ini. Falling back to default.
LogConsoleResponse: Display: Failed to find resolution value strings in scalability ini. Falling back to default.
LogInit: Display: Running engine for game: BuildingProject
LogPlatformFile: Not using cached read wrapper
LogTaskGraph: Started task graph with 5 named threads and 71 total threads with 3 sets of task threads.
LogStats: Stats thread started at 20.421733
LogICUInternationalization: ICU TimeZone Detection - Raw Offset: +4:00, Platform Override: ''
LogInit: Display: Loading text-based GConfig....
LogPluginManager: Mounting plugin MeshPainting
LogPluginManager: Mounting plugin XGEController
LogPluginManager: Mounting plugin Paper2D
LogPluginManager: Mounting plugin LiveLink
LogPluginManager: Mounting plugin AISupport
LogPluginManager: Mounting plugin CameraShakePreviewer
LogPluginManager: Mounting plugin GameplayCameras
LogPluginManager: Mounting plugin AnimationSharing
LogPluginManager: Mounting plugin NullSourceCodeAccess
LogPluginManager: Mounting plugin PerforceSourceControl
LogPluginManager: Mounting plugin KDevelopSourceCodeAccess
LogPluginManager: Mounting plugin GitSourceControl
LogPluginManager: Mounting plugin CodeLiteSourceCodeAccess
LogPluginManager: Mounting plugin RiderSourceCodeAccess
LogPluginManager: Mounting plugin PluginUtils
LogPluginManager: Mounting plugin PlasticSourceControl
LogPluginManager: Mounting plugin PropertyAccessNode
LogPluginManager: Mounting plugin PixWinPlugin
LogPluginManager: Mounting plugin TextureFormatOodle
LogPluginManager: Mounting plugin SubversionSourceControl
LogPluginManager: Mounting plugin VisualStudioCodeSourceCodeAccess
LogPluginManager: Mounting plugin UObjectPlugin
LogPluginManager: Mounting plugin XCodeSourceCodeAccess
LogPluginManager: Mounting plugin OodleData
LogPluginManager: Mounting plugin OodleNetwork
LogPluginManager: Mounting plugin VisualStudioSourceCodeAccess
LogPluginManager: Mounting plugin DatasmithContent
LogPluginManager: Mounting plugin VariantManagerContent
LogPluginManager: Mounting plugin ChaosCloth
LogPluginManager: Mounting plugin Niagara
LogPluginManager: Mounting plugin AlembicImporter
LogPluginManager: Mounting plugin BackChannel
LogPluginManager: Mounting plugin AutomationUtils
LogPluginManager: Mounting plugin ChaosEditor
LogPluginManager: Mounting plugin ChaosNiagara
LogPluginManager: Mounting plugin ChaosClothEditor
LogPluginManager: Mounting plugin LuminPlatformFeatures
LogPluginManager: Mounting plugin CharacterAI
LogPluginManager: Mounting plugin ChaosSolverPlugin
LogPluginManager: Mounting plugin MagicLeap
LogPluginManager: Mounting plugin MagicLeapMedia
LogPluginManager: Mounting plugin MagicLeapLightEstimation
LogPluginManager: Mounting plugin MagicLeapPassableWorld
LogPluginManager: Mounting plugin MLSDK
LogPluginManager: Mounting plugin GeometryCache
LogPluginManager: Mounting plugin GeometryProcessing
LogPluginManager: Mounting plugin GeometryCollectionPlugin
LogPluginManager: Mounting plugin MotoSynth
LogPluginManager: Mounting plugin OpenImageDenoise
LogPluginManager: Mounting plugin PlanarCut
LogPluginManager: Mounting plugin ProxyLODPlugin
LogPluginManager: Mounting plugin PlatformCrypto
LogPluginManager: Mounting plugin PythonScriptPlugin
LogPluginManager: Mounting plugin SkeletalReduction
LogPluginManager: Mounting plugin TcpMessaging
LogPluginManager: Mounting plugin UdpMessaging
LogPluginManager: Mounting plugin AndroidMedia
LogPluginManager: Mounting plugin AvfMedia
LogPluginManager: Mounting plugin ImgMedia
LogPluginManager: Mounting plugin MediaCompositing
LogPluginManager: Mounting plugin WmfMedia
LogPluginManager: Mounting plugin MediaPlayerEditor
LogPluginManager: Mounting plugin LevelSequenceEditor
LogPluginManager: Mounting plugin MatineeToLevelSequence
LogPluginManager: Mounting plugin WebMMedia
LogPluginManager: Mounting plugin ActorSequence
LogPluginManager: Mounting plugin TemplateSequence
LogPluginManager: Mounting plugin OnlineSubsystem
LogPluginManager: Mounting plugin OnlineSubsystemNull
LogPluginManager: Mounting plugin LauncherChunkInstaller
LogPluginManager: Mounting plugin ActorLayerUtilities
LogPluginManager: Mounting plugin OnlineSubsystemUtils
LogPluginManager: Mounting plugin AndroidDeviceProfileSelector
LogPluginManager: Mounting plugin AndroidMoviePlayer
LogPluginManager: Mounting plugin AppleImageUtils
LogPluginManager: Mounting plugin AppleMoviePlayer
LogPluginManager: Mounting plugin AndroidPermission
LogPluginManager: Mounting plugin ArchVisCharacter
LogPluginManager: Mounting plugin AssetTags
LogPluginManager: Mounting plugin AudioCapture
LogPluginManager: Mounting plugin ScreenshotTools
LogPluginManager: Mounting plugin AudioSynesthesia
LogPluginManager: Mounting plugin CableComponent
LogPluginManager: Mounting plugin ChunkDownloader
LogPluginManager: Mounting plugin EditableMesh
LogPluginManager: Mounting plugin CustomMeshComponent
LogPluginManager: Mounting plugin ExampleDeviceProfileSelector
LogPluginManager: Mounting plugin GoogleCloudMessaging
LogPluginManager: Mounting plugin GooglePAD
LogPluginManager: Mounting plugin LinuxDeviceProfileSelector
LogPluginManager: Mounting plugin LocationServicesBPLibrary
LogPluginManager: Mounting plugin IOSDeviceProfileSelector
LogPluginManager: Mounting plugin MobilePatchingUtils
LogPluginManager: Mounting plugin OpenXREyeTracker
LogPluginManager: Mounting plugin OpenXR
LogPluginManager: Mounting plugin OpenXRHandTracking
LogPluginManager: Mounting plugin PhysXVehicles
LogPluginManager: Mounting plugin PostSplashScreen
LogPluginManager: Mounting plugin PropertyAccessEditor
LogPluginManager: Mounting plugin ProceduralMeshComponent
LogPluginManager: Mounting plugin RuntimePhysXCooking
LogPluginManager: Mounting plugin SignificanceManager
LogPluginManager: Mounting plugin SoundFields
LogPluginManager: Mounting plugin Synthesis
LogPluginManager: Mounting plugin Takes
LogPluginManager: Mounting plugin WebMMoviePlayer
LogPluginManager: Mounting plugin AssetManagerEditor
LogPluginManager: Mounting plugin WindowsMoviePlayer
LogPluginManager: Mounting plugin FacialAnimation
LogPluginManager: Mounting plugin CurveEditorTools
LogPluginManager: Mounting plugin GameplayTagsEditor
LogPluginManager: Mounting plugin MaterialAnalyzer
LogPluginManager: Mounting plugin CryptoKeys
LogPluginManager: Mounting plugin DataValidation
LogPluginManager: Mounting plugin GeometryMode
LogPluginManager: Mounting plugin MobileLauncherProfileWizard
LogPluginManager: Mounting plugin MacGraphicsSwitching
LogPluginManager: Mounting plugin PluginBrowser
LogPluginManager: Mounting plugin SpeedTreeImporter
LogPluginManager: Mounting plugin LightPropagationVolume
LogPluginManager: Mounting plugin EnvironmentQueryEditor
LogPluginManager: Mounting plugin CLionSourceCodeAccess
LogPluginManager: Mounting plugin OnlineSubsystemGooglePlay
LogPluginManager: Mounting plugin OnlineSubsystemIOS
LogPluginManager: Mounting plugin OculusVR
LogPluginManager: Mounting plugin SteamVR
LogPluginManager: Mounting plugin ContentBrowserAssetDataSource
LogPluginManager: Mounting plugin ContentBrowserClassDataSource
LogPluginManager: Mounting plugin ContentBrowserFileDataSource
PixWinPlugin: PIX capture plugin failed to initialize! Check that the process is launched from PIX.
LogInit: Using libcurl 7.55.1-DEV
LogInit:  - built for x86_64-pc-win32
LogInit:  - supports SSL with OpenSSL/1.1.1
LogInit:  - supports HTTP deflate (compression) using libz 1.2.8
LogInit:  - other features:
LogInit:      CURL_VERSION_SSL
LogInit:      CURL_VERSION_LIBZ
LogInit:      CURL_VERSION_IPV6
LogInit:      CURL_VERSION_ASYNCHDNS
LogInit:      CURL_VERSION_LARGEFILE
LogInit:      CURL_VERSION_IDN
LogInit:  CurlRequestOptions (configurable via config and command line):
LogInit:  - bVerifyPeer = true  - Libcurl will verify peer certificate
LogInit:  - bUseHttpProxy = false  - Libcurl will NOT use HTTP proxy
LogInit:  - bDontReuseConnections = false  - Libcurl will reuse connections
LogInit:  - MaxHostConnections = 16  - Libcurl will limit the number of connections to a host
LogInit:  - LocalHostAddr = Default
LogInit:  - BufferSize = 65536
LogOnline: OSS: Creating online subsystem instance for: NULL
LogInit: WinSock: version 1.1 (2.2), MaxSocks=32767, MaxUdp=65467
LogOnline: OSS: TryLoadSubsystemAndSetDefault: Loaded subsystem for module [NULL]
LogInit: Build: ++UE4+Release-4.27-CL-18319896
LogInit: Engine Version: 4.27.2-18319896+++UE4+Release-4.27
LogInit: Compatible Engine Version: 4.27.0-17155196+++UE4+Release-4.27
LogInit: Net CL: 17155196
LogInit: OS: Windows 10 (Release 2009) (), CPU: Intel(R) Xeon(R) CPU E5-2670 v3 @ 2.30GHz, GPU: NVIDIA GeForce GTX 1080
LogInit: Compiled (64-bit): Nov 30 2021 07:12:08
LogInit: Compiled with Visual C++: 19.24.28315.00
LogInit: Build Configuration: Development
LogInit: Branch Name: ++UE4+Release-4.27
LogInit: Command Line:  "D:\Unreal Engine\Projects\BuildingProject\BuildingProject.uproject" -run=VisualStudioTools -unattended -noshadercompile -nosound -nullrhi -nocpuprofilertrace -nocrashreports -nosplash -ddc=noshared -output=C:\Users\Danila\AppData\Local\Temp\tmp3480.tmp
LogInit: Base Directory: D:/Unreal Engine/UE_4.27/Engine/Binaries/Win64/
LogInit: Allocator: TBB
LogInit: Installed Engine Build: 1
LogDevObjectVersion: Number of dev versions registered: 29
LogDevObjectVersion:   Dev-Blueprints (B0D832E4-1F89-4F0D-ACCF-7EB736FD4AA2): 10
LogDevObjectVersion:   Dev-Build (E1C64328-A22C-4D53-A36C-8E866417BD8C): 0
LogDevObjectVersion:   Dev-Core (375EC13C-06E4-48FB-B500-84F0262A717E): 4
LogDevObjectVersion:   Dev-Editor (E4B068ED-F494-42E9-A231-DA0B2E46BB41): 40
LogDevObjectVersion:   Dev-Framework (CFFC743F-43B0-4480-9391-14DF171D2073): 37
LogDevObjectVersion:   Dev-Mobile (B02B49B5-BB20-44E9-A304-32B752E40360): 3
LogDevObjectVersion:   Dev-Networking (A4E4105C-59A1-49B5-A7C5-40C4547EDFEE): 0
LogDevObjectVersion:   Dev-Online (39C831C9-5AE6-47DC-9A44-9C173E1C8E7C): 0
LogDevObjectVersion:   Dev-Physics (78F01B33-EBEA-4F98-B9B4-84EACCB95AA2): 14
LogDevObjectVersion:   Dev-Platform (6631380F-2D4D-43E0-8009-CF276956A95A): 0
LogDevObjectVersion:   Dev-Rendering (12F88B9F-8875-4AFC-A67C-D90C383ABD29): 45
LogDevObjectVersion:   Dev-Sequencer (7B5AE74C-D270-4C10-A958-57980B212A5A): 13
LogDevObjectVersion:   Dev-VR (D7296918-1DD6-4BDD-9DE2-64A83CC13884): 3
LogDevObjectVersion:   Dev-LoadTimes (C2A15278-BFE7-4AFE-6C17-90FF531DF755): 1
LogDevObjectVersion:   Private-Geometry (6EACA3D4-40EC-4CC1-B786-8BED09428FC5): 3
LogDevObjectVersion:   Dev-AnimPhys (29E575DD-E0A3-4627-9D10-D276232CDCEA): 17
LogDevObjectVersion:   Dev-Anim (AF43A65D-7FD3-4947-9873-3E8ED9C1BB05): 15
LogDevObjectVersion:   Dev-ReflectionCapture (6B266CEC-1EC7-4B8F-A30B-E4D90942FC07): 1
LogDevObjectVersion:   Dev-Automation (0DF73D61-A23F-47EA-B727-89E90C41499A): 1
LogDevObjectVersion:   FortniteMain (601D1886-AC64-4F84-AA16-D3DE0DEAC7D6): 47
LogDevObjectVersion:   FortniteRelease (E7086368-6B23-4C58-8439-1B7016265E91): 1
LogDevObjectVersion:   Dev-Enterprise (9DFFBCD6-494F-0158-E221-12823C92A888): 10
LogDevObjectVersion:   Dev-Niagara (F2AED0AC-9AFE-416F-8664-AA7FFA26D6FC): 1
LogDevObjectVersion:   Dev-Destruction (174F1F0B-B4C6-45A5-B13F-2EE8D0FB917D): 10
LogDevObjectVersion:   Dev-Physics-Ext (35F94A83-E258-406C-A318-09F59610247C): 41
LogDevObjectVersion:   Dev-PhysicsMaterial-Chaos (B68FC16E-8B1B-42E2-B453-215C058844FE): 1
LogDevObjectVersion:   Dev-CineCamera (B2E18506-4273-CFC2-A54E-F4BB758BBA07): 1
LogDevObjectVersion:   Dev-VirtualProduction (64F58936-FD1B-42BA-BA96-7289D5D0FA4E): 1
LogDevObjectVersion:   Dev-MediaFramework (6F0ED827-A609-4895-9C91-998D90180EA4): 2
LogInit: Presizing for max 25165824 objects, including 0 objects not considered by GC, pre-allocating 0 bytes for permanent pool.
LogConfig: Applying CVar settings from Section [/Script/Engine.StreamingSettings] File [D:/Unreal Engine/Projects/BuildingProject/Saved/Config/Windows/Engine.ini]
LogConfig: Setting CVar [[s.MinBulkDataSizeForAsyncLoading:131072]]
LogConfig: Setting CVar [[s.AsyncLoadingThreadEnabled:0]]
LogConfig: Setting CVar [[s.EventDrivenLoaderEnabled:1]]
LogConfig: Setting CVar [[s.WarnIfTimeLimitExceeded:0]]
LogConfig: Setting CVar [[s.TimeLimitExceededMultiplier:1.5]]
LogConfig: Setting CVar [[s.TimeLimitExceededMinTime:0.005]]
LogConfig: Setting CVar [[s.UseBackgroundLevelStreaming:1]]
LogConfig: Setting CVar [[s.PriorityAsyncLoadingExtraTime:15.0]]
LogConfig: Setting CVar [[s.LevelStreamingActorsUpdateTimeLimit:5.0]]
LogConfig: Setting CVar [[s.PriorityLevelStreamingActorsUpdateExtraTime:5.0]]
LogConfig: Setting CVar [[s.LevelStreamingComponentsRegistrationGranularity:10]]
LogConfig: Setting CVar [[s.UnregisterComponentsTimeLimit:1.0]]
LogConfig: Setting CVar [[s.LevelStreamingComponentsUnregistrationGranularity:5]]
LogConfig: Setting CVar [[s.FlushStreamingOnExit:1]]
LogInit: Object subsystem initialized
LogConfig: Setting CVar [[con.DebugEarlyDefault:1]]
LogConfig: Setting CVar [[r.setres:1280x720]]
[2024.04.10-13.40.06:002][  0]LogConfig: Setting CVar [[con.DebugEarlyDefault:1]]
[2024.04.10-13.40.06:002][  0]LogConfig: Setting CVar [[r.setres:1280x720]]
[2024.04.10-13.40.06:005][  0]LogConfig: Applying CVar settings from Section [/Script/Engine.RendererSettings] File [D:/Unreal Engine/Projects/BuildingProject/Saved/Config/Windows/Engine.ini]
[2024.04.10-13.40.06:005][  0]LogConfig: Setting CVar [[r.GPUCrashDebugging:0]]
[2024.04.10-13.40.06:005][  0]LogConfig: Applying CVar settings from Section [/Script/Engine.RendererOverrideSettings] File [D:/Unreal Engine/Projects/BuildingProject/Saved/Config/Windows/Engine.ini]
[2024.04.10-13.40.06:005][  0]LogConfig: Applying CVar settings from Section [/Script/Engine.StreamingSettings] File [D:/Unreal Engine/Projects/BuildingProject/Saved/Config/Windows/Engine.ini]
[2024.04.10-13.40.06:005][  0]LogConfig: Setting CVar [[s.MinBulkDataSizeForAsyncLoading:131072]]
[2024.04.10-13.40.06:005][  0]LogConfig: Setting CVar [[s.AsyncLoadingThreadEnabled:0]]
[2024.04.10-13.40.06:005][  0]LogConfig: Setting CVar [[s.EventDrivenLoaderEnabled:1]]
[2024.04.10-13.40.06:005][  0]LogConfig: Setting CVar [[s.WarnIfTimeLimitExceeded:0]]
[2024.04.10-13.40.06:005][  0]LogConfig: Setting CVar [[s.TimeLimitExceededMultiplier:1.5]]
[2024.04.10-13.40.06:005][  0]LogConfig: Setting CVar [[s.TimeLimitExceededMinTime:0.005]]
[2024.04.10-13.40.06:005][  0]LogConfig: Setting CVar [[s.UseBackgroundLevelStreaming:1]]
[2024.04.10-13.40.06:005][  0]LogConfig: Setting CVar [[s.PriorityAsyncLoadingExtraTime:15.0]]
[2024.04.10-13.40.06:005][  0]LogConfig: Setting CVar [[s.LevelStreamingActorsUpdateTimeLimit:5.0]]
[2024.04.10-13.40.06:006][  0]LogConfig: Setting CVar [[s.PriorityLevelStreamingActorsUpdateExtraTime:5.0]]
[2024.04.10-13.40.06:006][  0]LogConfig: Setting CVar [[s.LevelStreamingComponentsRegistrationGranularity:10]]
[2024.04.10-13.40.06:006][  0]LogConfig: Setting CVar [[s.UnregisterComponentsTimeLimit:1.0]]
[2024.04.10-13.40.06:006][  0]LogConfig: Setting CVar [[s.LevelStreamingComponentsUnregistrationGranularity:5]]
[2024.04.10-13.40.06:006][  0]LogConfig: Setting CVar [[s.FlushStreamingOnExit:1]]
[2024.04.10-13.40.06:006][  0]LogConfig: Applying CVar settings from Section [/Script/Engine.GarbageCollectionSettings] File [D:/Unreal Engine/Projects/BuildingProject/Saved/Config/Windows/Engine.ini]
[2024.04.10-13.40.06:006][  0]LogConfig: Setting CVar [[gc.MaxObjectsNotConsideredByGC:1]]
[2024.04.10-13.40.06:006][  0]LogConfig: Setting CVar [[gc.SizeOfPermanentObjectPool:0]]
[2024.04.10-13.40.06:006][  0]LogConfig: Setting CVar [[gc.FlushStreamingOnGC:0]]
[2024.04.10-13.40.06:006][  0]LogConfig: Setting CVar [[gc.NumRetriesBeforeForcingGC:10]]
[2024.04.10-13.40.06:006][  0]LogConfig: Setting CVar [[gc.AllowParallelGC:1]]
[2024.04.10-13.40.06:006][  0]LogConfig: Setting CVar [[gc.TimeBetweenPurgingPendingKillObjects:61.1]]
[2024.04.10-13.40.06:006][  0]LogConfig: Setting CVar [[gc.MaxObjectsInEditor:25165824]]
[2024.04.10-13.40.06:006][  0]LogConfig: Setting CVar [[gc.IncrementalBeginDestroyEnabled:1]]
[2024.04.10-13.40.06:006][  0]LogConfig: Setting CVar [[gc.CreateGCClusters:1]]
[2024.04.10-13.40.06:006][  0]LogConfig: Setting CVar [[gc.MinGCClusterSize:5]]
[2024.04.10-13.40.06:006][  0]LogConfig: Setting CVar [[gc.ActorClusteringEnabled:0]]
[2024.04.10-13.40.06:006][  0]LogConfig: Setting CVar [[gc.BlueprintClusteringEnabled:0]]
[2024.04.10-13.40.06:006][  0]LogConfig: Setting CVar [[gc.UseDisregardForGCOnDedicatedServers:0]]
[2024.04.10-13.40.06:006][  0]LogConfig: Setting CVar [[gc.MultithreadedDestructionEnabled:1]]
[2024.04.10-13.40.06:006][  0]LogConfig: Applying CVar settings from Section [/Script/Engine.NetworkSettings] File [D:/Unreal Engine/Projects/BuildingProject/Saved/Config/Windows/Engine.ini]
[2024.04.10-13.40.06:006][  0]LogConfig: Applying CVar settings from Section [/Script/UnrealEd.CookerSettings] File [D:/Unreal Engine/Projects/BuildingProject/Saved/Config/Windows/Engine.ini]
[2024.04.10-13.40.06:011][  0]LogConfig: Applying CVar settings from Section [ViewDistanceQuality@3] File [D:/Unreal Engine/Projects/BuildingProject/Saved/Config/Windows/Scalability.ini]
[2024.04.10-13.40.06:011][  0]LogConfig: Setting CVar [[r.SkeletalMeshLODBias:0]]
[2024.04.10-13.40.06:011][  0]LogConfig: Setting CVar [[r.ViewDistanceScale:1.0]]
[2024.04.10-13.40.06:011][  0]LogConfig: Applying CVar settings from Section [AntiAliasingQuality@3] File [D:/Unreal Engine/Projects/BuildingProject/Saved/Config/Windows/Scalability.ini]
[2024.04.10-13.40.06:011][  0]LogConfig: Setting CVar [[r.PostProcessAAQuality:4]]
[2024.04.10-13.40.06:011][  0]LogConfig: Applying CVar settings from Section [ShadowQuality@3] File [D:/Unreal Engine/Projects/BuildingProject/Saved/Config/Windows/Scalability.ini]
[2024.04.10-13.40.06:011][  0]LogConfig: Setting CVar [[r.LightFunctionQuality:1]]
[2024.04.10-13.40.06:011][  0]LogConfig: Setting CVar [[r.ShadowQuality:5]]
[2024.04.10-13.40.06:011][  0]LogConfig: Setting CVar [[r.Shadow.CSM.MaxCascades:10]]
[2024.04.10-13.40.06:011][  0]LogConfig: Setting CVar [[r.Shadow.MaxResolution:2048]]
[2024.04.10-13.40.06:011][  0]LogConfig: Setting CVar [[r.Shadow.MaxCSMResolution:2048]]
[2024.04.10-13.40.06:011][  0]LogConfig: Setting CVar [[r.Shadow.RadiusThreshold:0.01]]
[2024.04.10-13.40.06:011][  0]LogConfig: Setting CVar [[r.Shadow.DistanceScale:1.0]]
[2024.04.10-13.40.06:011][  0]LogConfig: Setting CVar [[r.Shadow.CSM.TransitionScale:1.0]]
[2024.04.10-13.40.06:011][  0]LogConfig: Setting CVar [[r.Shadow.PreShadowResolutionFactor:1.0]]
[2024.04.10-13.40.06:011][  0]LogConfig: Setting CVar [[r.DistanceFieldShadowing:1]]
[2024.04.10-13.40.06:011][  0]LogConfig: Setting CVar [[r.DistanceFieldAO:1]]
[2024.04.10-13.40.06:011][  0]LogConfig: Setting CVar [[r.AOQuality:2]]
[2024.04.10-13.40.06:011][  0]LogConfig: Setting CVar [[r.VolumetricFog:1]]
[2024.04.10-13.40.06:011][  0]LogConfig: Setting CVar [[r.VolumetricFog.GridPixelSize:8]]
[2024.04.10-13.40.06:011][  0]LogConfig: Setting CVar [[r.VolumetricFog.GridSizeZ:128]]
[2024.04.10-13.40.06:011][  0]LogConfig: Setting CVar [[r.VolumetricFog.HistoryMissSupersampleCount:4]]
[2024.04.10-13.40.06:012][  0]LogConfig: Setting CVar [[r.LightMaxDrawDistanceScale:1]]
[2024.04.10-13.40.06:012][  0]LogConfig: Setting CVar [[r.CapsuleShadows:1]]
[2024.04.10-13.40.06:012][  0]LogConfig: Applying CVar settings from Section [PostProcessQuality@3] File [D:/Unreal Engine/Projects/BuildingProject/Saved/Config/Windows/Scalability.ini]
[2024.04.10-13.40.06:012][  0]LogConfig: Setting CVar [[r.MotionBlurQuality:4]]
[2024.04.10-13.40.06:012][  0]LogConfig: Setting CVar [[r.AmbientOcclusionMipLevelFactor:0.4]]
[2024.04.10-13.40.06:012][  0]LogConfig: Setting CVar [[r.AmbientOcclusionMaxQuality:100]]
[2024.04.10-13.40.06:012][  0]LogConfig: Setting CVar [[r.AmbientOcclusionLevels:-1]]
[2024.04.10-13.40.06:012][  0]LogConfig: Setting CVar [[r.AmbientOcclusionRadiusScale:1.0]]
[2024.04.10-13.40.06:012][  0]LogConfig: Setting CVar [[r.DepthOfFieldQuality:2]]
[2024.04.10-13.40.06:012][  0]LogConfig: Setting CVar [[r.RenderTargetPoolMin:400]]
[2024.04.10-13.40.06:012][  0]LogConfig: Setting CVar [[r.LensFlareQuality:2]]
[2024.04.10-13.40.06:012][  0]LogConfig: Setting CVar [[r.SceneColorFringeQuality:1]]
[2024.04.10-13.40.06:012][  0]LogConfig: Setting CVar [[r.EyeAdaptationQuality:2]]
[2024.04.10-13.40.06:012][  0]LogConfig: Setting CVar [[r.BloomQuality:5]]
[2024.04.10-13.40.06:012][  0]LogConfig: Setting CVar [[r.FastBlurThreshold:100]]
[2024.04.10-13.40.06:012][  0]LogConfig: Setting CVar [[r.Upscale.Quality:3]]
[2024.04.10-13.40.06:012][  0]LogConfig: Setting CVar [[r.Tonemapper.GrainQuantization:1]]
[2024.04.10-13.40.06:012][  0]LogConfig: Setting CVar [[r.LightShaftQuality:1]]
[2024.04.10-13.40.06:012][  0]LogConfig: Setting CVar [[r.Filter.SizeScale:1]]
[2024.04.10-13.40.06:012][  0]LogConfig: Setting CVar [[r.Tonemapper.Quality:5]]
[2024.04.10-13.40.06:012][  0]LogConfig: Setting CVar [[r.DOF.Gather.AccumulatorQuality:1        ; higher gathering accumulator quality]]
[2024.04.10-13.40.06:012][  0]LogConfig: Setting CVar [[r.DOF.Gather.PostfilterMethod:1          ; Median3x3 postfilering method]]
[2024.04.10-13.40.06:012][  0]LogConfig: Setting CVar [[r.DOF.Gather.EnableBokehSettings:0       ; no bokeh simulation when gathering]]
[2024.04.10-13.40.06:012][  0]LogConfig: Setting CVar [[r.DOF.Gather.RingCount:4                 ; medium number of samples when gathering]]
[2024.04.10-13.40.06:012][  0]LogConfig: Setting CVar [[r.DOF.Scatter.ForegroundCompositing:1    ; additive foreground scattering]]
[2024.04.10-13.40.06:012][  0]LogConfig: Setting CVar [[r.DOF.Scatter.BackgroundCompositing:2    ; additive background scattering]]
[2024.04.10-13.40.06:012][  0]LogConfig: Setting CVar [[r.DOF.Scatter.EnableBokehSettings:1      ; bokeh simulation when scattering]]
[2024.04.10-13.40.06:012][  0]LogConfig: Setting CVar [[r.DOF.Scatter.MaxSpriteRatio:0.1         ; only a maximum of 10% of scattered bokeh]]
[2024.04.10-13.40.06:012][  0]LogConfig: Setting CVar [[r.DOF.Recombine.Quality:1                ; cheap slight out of focus]]
[2024.04.10-13.40.06:012][  0]LogConfig: Setting CVar [[r.DOF.Recombine.EnableBokehSettings:0    ; no bokeh simulation on slight out of focus]]
[2024.04.10-13.40.06:012][  0]LogConfig: Setting CVar [[r.DOF.TemporalAAQuality:1                ; more stable temporal accumulation]]
[2024.04.10-13.40.06:012][  0]LogConfig: Setting CVar [[r.DOF.Kernel.MaxForegroundRadius:0.025]]
[2024.04.10-13.40.06:012][  0]LogConfig: Setting CVar [[r.DOF.Kernel.MaxBackgroundRadius:0.025]]
[2024.04.10-13.40.06:012][  0]LogConfig: Applying CVar settings from Section [TextureQuality@3] File [D:/Unreal Engine/Projects/BuildingProject/Saved/Config/Windows/Scalability.ini]
[2024.04.10-13.40.06:012][  0]LogConfig: Setting CVar [[r.Streaming.MipBias:0]]
[2024.04.10-13.40.06:012][  0]LogConfig: Setting CVar [[r.Streaming.AmortizeCPUToGPUCopy:0]]
[2024.04.10-13.40.06:012][  0]LogConfig: Setting CVar [[r.Streaming.MaxNumTexturesToStreamPerFrame:0]]
[2024.04.10-13.40.06:012][  0]LogConfig: Setting CVar [[r.Streaming.Boost:1]]
[2024.04.10-13.40.06:012][  0]LogConfig: Setting CVar [[r.MaxAnisotropy:8]]
[2024.04.10-13.40.06:012][  0]LogConfig: Setting CVar [[r.VT.MaxAnisotropy:8]]
[2024.04.10-13.40.06:012][  0]LogConfig: Setting CVar [[r.Streaming.LimitPoolSizeToVRAM:0]]
[2024.04.10-13.40.06:012][  0]LogConfig: Setting CVar [[r.Streaming.PoolSize:1000]]
[2024.04.10-13.40.06:012][  0]LogConfig: Setting CVar [[r.Streaming.MaxEffectiveScreenSize:0]]
[2024.04.10-13.40.06:012][  0]LogConfig: Applying CVar settings from Section [EffectsQuality@3] File [D:/Unreal Engine/Projects/BuildingProject/Saved/Config/Windows/Scalability.ini]
[2024.04.10-13.40.06:012][  0]LogConfig: Setting CVar [[r.TranslucencyLightingVolumeDim:64]]
[2024.04.10-13.40.06:012][  0]LogConfig: Setting CVar [[r.RefractionQuality:2]]
[2024.04.10-13.40.06:012][  0]LogConfig: Setting CVar [[r.SSR.Quality:3]]
[2024.04.10-13.40.06:012][  0]LogConfig: Setting CVar [[r.SSR.HalfResSceneColor:0]]
[2024.04.10-13.40.06:012][  0]LogConfig: Setting CVar [[r.SceneColorFormat:4]]
[2024.04.10-13.40.06:012][  0]LogConfig: Setting CVar [[r.DetailMode:2]]
[2024.04.10-13.40.06:012][  0]LogConfig: Setting CVar [[r.TranslucencyVolumeBlur:1]]
[2024.04.10-13.40.06:012][  0]LogConfig: Setting CVar [[r.MaterialQualityLevel:1 ; High quality]]
[2024.04.10-13.40.06:012][  0]LogConfig: Setting CVar [[r.AnisotropicMaterials:1]]
[2024.04.10-13.40.06:012][  0]LogConfig: Setting CVar [[r.SSS.Scale:1]]
[2024.04.10-13.40.06:012][  0]LogConfig: Setting CVar [[r.SSS.SampleSet:2]]
[2024.04.10-13.40.06:012][  0]LogConfig: Setting CVar [[r.SSS.Quality:1]]
[2024.04.10-13.40.06:012][  0]LogConfig: Setting CVar [[r.SSS.HalfRes:0]]
[2024.04.10-13.40.06:012][  0]LogConfig: Setting CVar [[r.SSGI.Quality:3]]
[2024.04.10-13.40.06:012][  0]LogConfig: Setting CVar [[r.EmitterSpawnRateScale:1.0]]
[2024.04.10-13.40.06:012][  0]LogConfig: Setting CVar [[r.ParticleLightQuality:2]]
[2024.04.10-13.40.06:012][  0]LogConfig: Setting CVar [[r.SkyAtmosphere.AerialPerspectiveLUT.FastApplyOnOpaque:1 ; Always have FastSkyLUT 1 in this case to avoid wrong sky]]
[2024.04.10-13.40.06:012][  0]LogConfig: Setting CVar [[r.SkyAtmosphere.AerialPerspectiveLUT.SampleCountMaxPerSlice:4]]
[2024.04.10-13.40.06:012][  0]LogConfig: Setting CVar [[r.SkyAtmosphere.AerialPerspectiveLUT.DepthResolution:16.0]]
[2024.04.10-13.40.06:012][  0]LogConfig: Setting CVar [[r.SkyAtmosphere.FastSkyLUT:1]]
[2024.04.10-13.40.06:012][  0]LogConfig: Setting CVar [[r.SkyAtmosphere.FastSkyLUT.SampleCountMin:4.0]]
[2024.04.10-13.40.06:012][  0]LogConfig: Setting CVar [[r.SkyAtmosphere.FastSkyLUT.SampleCountMax:128.0]]
[2024.04.10-13.40.06:012][  0]LogConfig: Setting CVar [[r.SkyAtmosphere.SampleCountMin:4.0]]
[2024.04.10-13.40.06:012][  0]LogConfig: Setting CVar [[r.SkyAtmosphere.SampleCountMax:128.0]]
[2024.04.10-13.40.06:012][  0]LogConfig: Setting CVar [[r.SkyAtmosphere.TransmittanceLUT.UseSmallFormat:0]]
[2024.04.10-13.40.06:012][  0]LogConfig: Setting CVar [[r.SkyAtmosphere.TransmittanceLUT.SampleCount:10.0]]
[2024.04.10-13.40.06:012][  0]LogConfig: Setting CVar [[r.SkyAtmosphere.MultiScatteringLUT.SampleCount:15.0]]
[2024.04.10-13.40.06:012][  0]LogConfig: Setting CVar [[r.SkyLight.RealTimeReflectionCapture:1]]
[2024.04.10-13.40.06:012][  0]LogConfig: Applying CVar settings from Section [FoliageQuality@3] File [D:/Unreal Engine/Projects/BuildingProject/Saved/Config/Windows/Scalability.ini]
[2024.04.10-13.40.06:012][  0]LogConfig: Setting CVar [[foliage.DensityScale:1.0]]
[2024.04.10-13.40.06:013][  0]LogConfig: Setting CVar [[grass.DensityScale:1.0]]
[2024.04.10-13.40.06:013][  0]LogConfig: Applying CVar settings from Section [ShadingQuality@3] File [D:/Unreal Engine/Projects/BuildingProject/Saved/Config/Windows/Scalability.ini]
[2024.04.10-13.40.06:013][  0]LogConfig: Setting CVar [[r.HairStrands.SkyLighting.IntegrationType:2]]
[2024.04.10-13.40.06:013][  0]LogConfig: Setting CVar [[r.HairStrands.SkyAO.SampleCount:4]]
[2024.04.10-13.40.06:013][  0]LogConfig: Setting CVar [[r.HairStrands.Visibility.MSAA.SamplePerPixel:4]]
[2024.04.10-13.40.06:024][  0]LogInit: Selected Device Profile: [Windows]
[2024.04.10-13.40.06:024][  0]LogInit: Applying CVar settings loaded from the selected device profile: [Windows]
[2024.04.10-13.40.06:034][  0]LogHAL: Display: Platform has ~ 16 GB [17080471552 / 17179869184 / 16], which maps to Larger [LargestMinGB=32, LargerMinGB=12, DefaultMinGB=8, SmallerMinGB=6, SmallestMinGB=0)
[2024.04.10-13.40.06:046][  0]LogInit: Going up to parent DeviceProfile []
[2024.04.10-13.40.06:046][  0]LogConfig: Applying CVar settings from Section [ViewDistanceQuality@3] File [D:/Unreal Engine/Projects/BuildingProject/Saved/Config/Windows/Scalability.ini]
[2024.04.10-13.40.06:046][  0]LogConfig: Setting CVar [[r.SkeletalMeshLODBias:0]]
[2024.04.10-13.40.06:046][  0]LogConfig: Setting CVar [[r.ViewDistanceScale:1.0]]
[2024.04.10-13.40.06:046][  0]LogConfig: Applying CVar settings from Section [AntiAliasingQuality@3] File [D:/Unreal Engine/Projects/BuildingProject/Saved/Config/Windows/Scalability.ini]
[2024.04.10-13.40.06:046][  0]LogConfig: Setting CVar [[r.PostProcessAAQuality:4]]
[2024.04.10-13.40.06:046][  0]LogConfig: Applying CVar settings from Section [ShadowQuality@3] File [D:/Unreal Engine/Projects/BuildingProject/Saved/Config/Windows/Scalability.ini]
[2024.04.10-13.40.06:046][  0]LogConfig: Setting CVar [[r.LightFunctionQuality:1]]
[2024.04.10-13.40.06:046][  0]LogConfig: Setting CVar [[r.ShadowQuality:5]]
[2024.04.10-13.40.06:046][  0]LogConfig: Setting CVar [[r.Shadow.CSM.MaxCascades:10]]
[2024.04.10-13.40.06:046][  0]LogConfig: Setting CVar [[r.Shadow.MaxResolution:2048]]
[2024.04.10-13.40.06:046][  0]LogConfig: Setting CVar [[r.Shadow.MaxCSMResolution:2048]]
[2024.04.10-13.40.06:046][  0]LogConfig: Setting CVar [[r.Shadow.RadiusThreshold:0.01]]
[2024.04.10-13.40.06:046][  0]LogConfig: Setting CVar [[r.Shadow.DistanceScale:1.0]]
[2024.04.10-13.40.06:046][  0]LogConfig: Setting CVar [[r.Shadow.CSM.TransitionScale:1.0]]
[2024.04.10-13.40.06:046][  0]LogConfig: Setting CVar [[r.Shadow.PreShadowResolutionFactor:1.0]]
[2024.04.10-13.40.06:046][  0]LogConfig: Setting CVar [[r.DistanceFieldShadowing:1]]
[2024.04.10-13.40.06:046][  0]LogConfig: Setting CVar [[r.DistanceFieldAO:1]]
[2024.04.10-13.40.06:046][  0]LogConfig: Setting CVar [[r.AOQuality:2]]
[2024.04.10-13.40.06:046][  0]LogConfig: Setting CVar [[r.VolumetricFog:1]]
[2024.04.10-13.40.06:046][  0]LogConfig: Setting CVar [[r.VolumetricFog.GridPixelSize:8]]
[2024.04.10-13.40.06:046][  0]LogConfig: Setting CVar [[r.VolumetricFog.GridSizeZ:128]]
[2024.04.10-13.40.06:046][  0]LogConfig: Setting CVar [[r.VolumetricFog.HistoryMissSupersampleCount:4]]
[2024.04.10-13.40.06:046][  0]LogConfig: Setting CVar [[r.LightMaxDrawDistanceScale:1]]
[2024.04.10-13.40.06:046][  0]LogConfig: Setting CVar [[r.CapsuleShadows:1]]
[2024.04.10-13.40.06:046][  0]LogConfig: Applying CVar settings from Section [PostProcessQuality@3] File [D:/Unreal Engine/Projects/BuildingProject/Saved/Config/Windows/Scalability.ini]
[2024.04.10-13.40.06:046][  0]LogConfig: Setting CVar [[r.MotionBlurQuality:4]]
[2024.04.10-13.40.06:046][  0]LogConfig: Setting CVar [[r.AmbientOcclusionMipLevelFactor:0.4]]
[2024.04.10-13.40.06:046][  0]LogConfig: Setting CVar [[r.AmbientOcclusionMaxQuality:100]]
[2024.04.10-13.40.06:046][  0]LogConfig: Setting CVar [[r.AmbientOcclusionLevels:-1]]
[2024.04.10-13.40.06:046][  0]LogConfig: Setting CVar [[r.AmbientOcclusionRadiusScale:1.0]]
[2024.04.10-13.40.06:046][  0]LogConfig: Setting CVar [[r.DepthOfFieldQuality:2]]
[2024.04.10-13.40.06:046][  0]LogConfig: Setting CVar [[r.RenderTargetPoolMin:400]]
[2024.04.10-13.40.06:046][  0]LogConfig: Setting CVar [[r.LensFlareQuality:2]]
[2024.04.10-13.40.06:046][  0]LogConfig: Setting CVar [[r.SceneColorFringeQuality:1]]
[2024.04.10-13.40.06:046][  0]LogConfig: Setting CVar [[r.EyeAdaptationQuality:2]]
[2024.04.10-13.40.06:046][  0]LogConfig: Setting CVar [[r.BloomQuality:5]]
[2024.04.10-13.40.06:046][  0]LogConfig: Setting CVar [[r.FastBlurThreshold:100]]
[2024.04.10-13.40.06:046][  0]LogConfig: Setting CVar [[r.Upscale.Quality:3]]
[2024.04.10-13.40.06:046][  0]LogConfig: Setting CVar [[r.Tonemapper.GrainQuantization:1]]
[2024.04.10-13.40.06:046][  0]LogConfig: Setting CVar [[r.LightShaftQuality:1]]
[2024.04.10-13.40.06:046][  0]LogConfig: Setting CVar [[r.Filter.SizeScale:1]]
[2024.04.10-13.40.06:046][  0]LogConfig: Setting CVar [[r.Tonemapper.Quality:5]]
[2024.04.10-13.40.06:046][  0]LogConfig: Setting CVar [[r.DOF.Gather.AccumulatorQuality:1        ; higher gathering accumulator quality]]
[2024.04.10-13.40.06:046][  0]LogConfig: Setting CVar [[r.DOF.Gather.PostfilterMethod:1          ; Median3x3 postfilering method]]
[2024.04.10-13.40.06:046][  0]LogConfig: Setting CVar [[r.DOF.Gather.EnableBokehSettings:0       ; no bokeh simulation when gathering]]
[2024.04.10-13.40.06:046][  0]LogConfig: Setting CVar [[r.DOF.Gather.RingCount:4                 ; medium number of samples when gathering]]
[2024.04.10-13.40.06:046][  0]LogConfig: Setting CVar [[r.DOF.Scatter.ForegroundCompositing:1    ; additive foreground scattering]]
[2024.04.10-13.40.06:046][  0]LogConfig: Setting CVar [[r.DOF.Scatter.BackgroundCompositing:2    ; additive background scattering]]
[2024.04.10-13.40.06:046][  0]LogConfig: Setting CVar [[r.DOF.Scatter.EnableBokehSettings:1      ; bokeh simulation when scattering]]
[2024.04.10-13.40.06:046][  0]LogConfig: Setting CVar [[r.DOF.Scatter.MaxSpriteRatio:0.1         ; only a maximum of 10% of scattered bokeh]]
[2024.04.10-13.40.06:046][  0]LogConfig: Setting CVar [[r.DOF.Recombine.Quality:1                ; cheap slight out of focus]]
[2024.04.10-13.40.06:046][  0]LogConfig: Setting CVar [[r.DOF.Recombine.EnableBokehSettings:0    ; no bokeh simulation on slight out of focus]]
[2024.04.10-13.40.06:046][  0]LogConfig: Setting CVar [[r.DOF.TemporalAAQuality:1                ; more stable temporal accumulation]]
[2024.04.10-13.40.06:046][  0]LogConfig: Setting CVar [[r.DOF.Kernel.MaxForegroundRadius:0.025]]
[2024.04.10-13.40.06:046][  0]LogConfig: Setting CVar [[r.DOF.Kernel.MaxBackgroundRadius:0.025]]
[2024.04.10-13.40.06:046][  0]LogConfig: Applying CVar settings from Section [TextureQuality@3] File [D:/Unreal Engine/Projects/BuildingProject/Saved/Config/Windows/Scalability.ini]
[2024.04.10-13.40.06:046][  0]LogConfig: Setting CVar [[r.Streaming.MipBias:0]]
[2024.04.10-13.40.06:046][  0]LogConfig: Setting CVar [[r.Streaming.AmortizeCPUToGPUCopy:0]]
[2024.04.10-13.40.06:046][  0]LogConfig: Setting CVar [[r.Streaming.MaxNumTexturesToStreamPerFrame:0]]
[2024.04.10-13.40.06:046][  0]LogConfig: Setting CVar [[r.Streaming.Boost:1]]
[2024.04.10-13.40.06:046][  0]LogConfig: Setting CVar [[r.MaxAnisotropy:8]]
[2024.04.10-13.40.06:046][  0]LogConfig: Setting CVar [[r.VT.MaxAnisotropy:8]]
[2024.04.10-13.40.06:046][  0]LogConfig: Setting CVar [[r.Streaming.LimitPoolSizeToVRAM:0]]
[2024.04.10-13.40.06:046][  0]LogConfig: Setting CVar [[r.Streaming.PoolSize:1000]]
[2024.04.10-13.40.06:046][  0]LogConfig: Setting CVar [[r.Streaming.MaxEffectiveScreenSize:0]]
[2024.04.10-13.40.06:047][  0]LogConfig: Applying CVar settings from Section [EffectsQuality@3] File [D:/Unreal Engine/Projects/BuildingProject/Saved/Config/Windows/Scalability.ini]
[2024.04.10-13.40.06:047][  0]LogConfig: Setting CVar [[r.TranslucencyLightingVolumeDim:64]]
[2024.04.10-13.40.06:047][  0]LogConfig: Setting CVar [[r.RefractionQuality:2]]
[2024.04.10-13.40.06:047][  0]LogConfig: Setting CVar [[r.SSR.Quality:3]]
[2024.04.10-13.40.06:047][  0]LogConfig: Setting CVar [[r.SSR.HalfResSceneColor:0]]
[2024.04.10-13.40.06:047][  0]LogConfig: Setting CVar [[r.SceneColorFormat:4]]
[2024.04.10-13.40.06:047][  0]LogConfig: Setting CVar [[r.DetailMode:2]]
[2024.04.10-13.40.06:047][  0]LogConfig: Setting CVar [[r.TranslucencyVolumeBlur:1]]
[2024.04.10-13.40.06:047][  0]LogConfig: Setting CVar [[r.MaterialQualityLevel:1 ; High quality]]
[2024.04.10-13.40.06:047][  0]LogConfig: Setting CVar [[r.AnisotropicMaterials:1]]
[2024.04.10-13.40.06:047][  0]LogConfig: Setting CVar [[r.SSS.Scale:1]]
[2024.04.10-13.40.06:047][  0]LogConfig: Setting CVar [[r.SSS.SampleSet:2]]
[2024.04.10-13.40.06:047][  0]LogConfig: Setting CVar [[r.SSS.Quality:1]]
[2024.04.10-13.40.06:047][  0]LogConfig: Setting CVar [[r.SSS.HalfRes:0]]
[2024.04.10-13.40.06:047][  0]LogConfig: Setting CVar [[r.SSGI.Quality:3]]
[2024.04.10-13.40.06:047][  0]LogConfig: Setting CVar [[r.EmitterSpawnRateScale:1.0]]
[2024.04.10-13.40.06:047][  0]LogConfig: Setting CVar [[r.ParticleLightQuality:2]]
[2024.04.10-13.40.06:047][  0]LogConfig: Setting CVar [[r.SkyAtmosphere.AerialPerspectiveLUT.FastApplyOnOpaque:1 ; Always have FastSkyLUT 1 in this case to avoid wrong sky]]
[2024.04.10-13.40.06:047][  0]LogConfig: Setting CVar [[r.SkyAtmosphere.AerialPerspectiveLUT.SampleCountMaxPerSlice:4]]
[2024.04.10-13.40.06:047][  0]LogConfig: Setting CVar [[r.SkyAtmosphere.AerialPerspectiveLUT.DepthResolution:16.0]]
[2024.04.10-13.40.06:047][  0]LogConfig: Setting CVar [[r.SkyAtmosphere.FastSkyLUT:1]]
[2024.04.10-13.40.06:047][  0]LogConfig: Setting CVar [[r.SkyAtmosphere.FastSkyLUT.SampleCountMin:4.0]]
[2024.04.10-13.40.06:047][  0]LogConfig: Setting CVar [[r.SkyAtmosphere.FastSkyLUT.SampleCountMax:128.0]]
[2024.04.10-13.40.06:047][  0]LogConfig: Setting CVar [[r.SkyAtmosphere.SampleCountMin:4.0]]
[2024.04.10-13.40.06:047][  0]LogConfig: Setting CVar [[r.SkyAtmosphere.SampleCountMax:128.0]]
[2024.04.10-13.40.06:047][  0]LogConfig: Setting CVar [[r.SkyAtmosphere.TransmittanceLUT.UseSmallFormat:0]]
[2024.04.10-13.40.06:047][  0]LogConfig: Setting CVar [[r.SkyAtmosphere.TransmittanceLUT.SampleCount:10.0]]
[2024.04.10-13.40.06:047][  0]LogConfig: Setting CVar [[r.SkyAtmosphere.MultiScatteringLUT.SampleCount:15.0]]
[2024.04.10-13.40.06:047][  0]LogConfig: Setting CVar [[r.SkyLight.RealTimeReflectionCapture:1]]
[2024.04.10-13.40.06:047][  0]LogConfig: Applying CVar settings from Section [FoliageQuality@3] File [D:/Unreal Engine/Projects/BuildingProject/Saved/Config/Windows/Scalability.ini]
[2024.04.10-13.40.06:047][  0]LogConfig: Setting CVar [[foliage.DensityScale:1.0]]
[2024.04.10-13.40.06:047][  0]LogConfig: Setting CVar [[grass.DensityScale:1.0]]
[2024.04.10-13.40.06:047][  0]LogConfig: Applying CVar settings from Section [ShadingQuality@3] File [D:/Unreal Engine/Projects/BuildingProject/Saved/Config/Windows/Scalability.ini]
[2024.04.10-13.40.06:047][  0]LogConfig: Setting CVar [[r.HairStrands.SkyLighting.IntegrationType:2]]
[2024.04.10-13.40.06:047][  0]LogConfig: Setting CVar [[r.HairStrands.SkyAO.SampleCount:4]]
[2024.04.10-13.40.06:047][  0]LogConfig: Setting CVar [[r.HairStrands.Visibility.MSAA.SamplePerPixel:4]]
[2024.04.10-13.40.06:047][  0]LogConfig: Applying CVar settings from Section [Startup] File [../../../Engine/Config/ConsoleVariables.ini]
[2024.04.10-13.40.06:047][  0]LogConfig: Setting CVar [[net.UseAdaptiveNetUpdateFrequency:0]]
[2024.04.10-13.40.06:047][  0]LogConfig: Setting CVar [[p.chaos.AllowCreatePhysxBodies:1]]
[2024.04.10-13.40.06:047][  0]LogConfig: Setting CVar [[fx.SkipVectorVMBackendOptimizations:1]]
[2024.04.10-13.40.06:047][  0]LogConfig: Applying CVar settings from Section [ConsoleVariables] File [D:/Unreal Engine/Projects/BuildingProject/Saved/Config/Windows/Engine.ini]
[2024.04.10-13.40.06:047][  0]LogConfig: Applying CVar settings from Section [ConsoleVariables] File [D:/Unreal Engine/Projects/BuildingProject/Saved/Config/Windows/Editor.ini]
[2024.04.10-13.40.06:075][  0]LogInit: Computer: KOMPUTER
[2024.04.10-13.40.06:075][  0]LogInit: User: Danila
[2024.04.10-13.40.06:075][  0]LogInit: CPU Page size=4096, Cores=12
[2024.04.10-13.40.06:075][  0]LogInit: High frequency timer resolution =10.000000 MHz
[2024.04.10-13.40.06:075][  0]LogMemory: Memory total: Physical=15.9GB (16GB approx)
[2024.04.10-13.40.06:075][  0]LogMemory: Platform Memory Stats for Windows
[2024.04.10-13.40.06:075][  0]LogMemory: Process Physical Memory: 146.25 MB used, 146.25 MB peak
[2024.04.10-13.40.06:075][  0]LogMemory: Process Virtual Memory: 125.64 MB used, 125.64 MB peak
[2024.04.10-13.40.06:075][  0]LogMemory: Physical Memory: 12392.38 MB used,  3896.83 MB free, 16289.21 MB total
[2024.04.10-13.40.06:075][  0]LogMemory: Virtual Memory: 134180816.00 MB used,  36911.15 MB free, 134217728.00 MB total
[2024.04.10-13.40.06:084][  0]LogWindows: WindowsPlatformFeatures enabled
[2024.04.10-13.40.06:794][  0]LogInit: Physics initialised using underlying interface: PhysX
[2024.04.10-13.40.06:794][  0]LogInit: Using OS detected language (ru-RU).
[2024.04.10-13.40.06:794][  0]LogInit: Using OS detected locale (ru-RU).
[2024.04.10-13.40.06:808][  0]LogTextLocalizationManager: No specific localization for 'ru-RU' exists, so the 'ru' localization will be used.
[2024.04.10-13.40.06:808][  0]LogTextLocalizationResource: LocRes '../../../Engine/Content/Localization/Editor/ru/Editor.locres' could not be opened for reading!
[2024.04.10-13.40.06:808][  0]LogTextLocalizationResource: LocRes '../../../Engine/Content/Localization/EditorTutorials/ru/EditorTutorials.locres' could not be opened for reading!
[2024.04.10-13.40.06:808][  0]LogTextLocalizationResource: LocRes '../../../Engine/Content/Localization/Keywords/ru/Keywords.locres' could not be opened for reading!
[2024.04.10-13.40.06:809][  0]LogTextLocalizationResource: LocRes '../../../Engine/Content/Localization/Category/ru/Category.locres' could not be opened for reading!
[2024.04.10-13.40.06:809][  0]LogTextLocalizationResource: LocRes '../../../Engine/Content/Localization/ToolTips/ru/ToolTips.locres' could not be opened for reading!
[2024.04.10-13.40.06:809][  0]LogTextLocalizationResource: LocRes '../../../Engine/Content/Localization/PropertyNames/ru/PropertyNames.locres' could not be opened for reading!
[2024.04.10-13.40.06:809][  0]LogTextLocalizationResource: LocRes '../../../Engine/Content/Localization/Engine/ru/Engine.locres' could not be opened for reading!
[2024.04.10-13.40.08:328][  0]LogTargetPlatformManager: Display: Loaded TargetPlatform 'AllDesktop'
[2024.04.10-13.40.08:389][  0]LogTargetPlatformManager: Display: Loaded TargetPlatform 'Android'
[2024.04.10-13.40.08:389][  0]LogTargetPlatformManager: Display: Loaded TargetPlatform 'Android_ASTC'
[2024.04.10-13.40.08:389][  0]LogTargetPlatformManager: Display: Loaded TargetPlatform 'Android_DXT'
[2024.04.10-13.40.08:389][  0]LogTargetPlatformManager: Display: Loaded TargetPlatform 'Android_ETC2'
[2024.04.10-13.40.08:389][  0]LogTargetPlatformManager: Display: Loaded TargetPlatform 'AndroidClient'
[2024.04.10-13.40.08:389][  0]LogTargetPlatformManager: Display: Loaded TargetPlatform 'Android_ASTCClient'
[2024.04.10-13.40.08:389][  0]LogTargetPlatformManager: Display: Loaded TargetPlatform 'Android_DXTClient'
[2024.04.10-13.40.08:389][  0]LogTargetPlatformManager: Display: Loaded TargetPlatform 'Android_ETC2Client'
[2024.04.10-13.40.08:389][  0]LogTargetPlatformManager: Display: Loaded TargetPlatform 'Android_Multi'
[2024.04.10-13.40.08:389][  0]LogTargetPlatformManager: Display: Loaded TargetPlatform 'Android_MultiClient'
[2024.04.10-13.40.08:487][  0]LogTargetPlatformManager: Display: Loaded TargetPlatform 'IOSClient'
[2024.04.10-13.40.08:487][  0]LogTargetPlatformManager: Display: Loaded TargetPlatform 'IOS'
[2024.04.10-13.40.08:520][  0]LogTargetPlatformManager: Display: Loaded TargetPlatform 'Linux'
[2024.04.10-13.40.08:538][  0]LogTargetPlatformManager: Display: Loaded TargetPlatform 'LinuxNoEditor'
[2024.04.10-13.40.08:556][  0]LogTargetPlatformManager: Display: Loaded TargetPlatform 'LinuxClient'
[2024.04.10-13.40.08:566][  0]LogTargetPlatformManager: Display: Loaded TargetPlatform 'LinuxServer'
[2024.04.10-13.40.08:605][  0]LogTargetPlatformManager: Display: Loaded TargetPlatform 'LinuxAArch64NoEditor'
[2024.04.10-13.40.08:656][  0]LogTargetPlatformManager: Display: Loaded TargetPlatform 'LinuxAArch64Client'
[2024.04.10-13.40.08:668][  0]LogTargetPlatformManager: Display: Loaded TargetPlatform 'LinuxAArch64Server'
[2024.04.10-13.40.08:705][  0]LogTargetPlatformManager: Display: Loaded TargetPlatform 'Lumin'
[2024.04.10-13.40.08:705][  0]LogTargetPlatformManager: Display: Loaded TargetPlatform 'LuminClient'
[2024.04.10-13.40.08:722][  0]LogTargetPlatformManager: Display: Loaded TargetPlatform 'MacNoEditor'
[2024.04.10-13.40.08:743][  0]LogTargetPlatformManager: Display: Loaded TargetPlatform 'Mac'
[2024.04.10-13.40.08:749][  0]LogTargetPlatformManager: Display: Loaded TargetPlatform 'MacClient'
[2024.04.10-13.40.08:777][  0]LogTargetPlatformManager: Display: Loaded TargetPlatform 'MacServer'
[2024.04.10-13.40.08:799][  0]LogTargetPlatformManager: Display: Loaded TargetPlatform 'TVOSClient'
[2024.04.10-13.40.08:799][  0]LogTargetPlatformManager: Display: Loaded TargetPlatform 'TVOS'
[2024.04.10-13.40.08:826][  0]LogTargetPlatformManager: Display: Loaded TargetPlatform 'WindowsNoEditor'
[2024.04.10-13.40.08:917][  0]LogTargetPlatformManager: Display: Loaded TargetPlatform 'Windows'
[2024.04.10-13.40.08:928][  0]LogTargetPlatformManager: Display: Loaded TargetPlatform 'WindowsClient'
[2024.04.10-13.40.08:954][  0]LogTargetPlatformManager: Display: Loaded TargetPlatform 'WindowsServer'
[2024.04.10-13.40.08:954][  0]LogTargetPlatformManager: Display: Building Assets For Windows
[2024.04.10-13.40.09:031][  0]LogAudioDebug: Display: Lib vorbis DLL was dynamically loaded.
[2024.04.10-13.40.09:471][  0]LogTextureFormatOodle: Display: Oodle Texture 2.9.0 init RDO Off
[2024.04.10-13.40.10:084][  0]LogRendererCore: Ray tracing is disabled. Reason: r.RayTracing=0.
[2024.04.10-13.40.10:196][  0]LogDerivedDataCache: Display: Max Cache Size: 512 MB
[2024.04.10-13.40.10:196][  0]LogDerivedDataCache: Display: Starting with empty Boot cache
[2024.04.10-13.40.10:196][  0]LogDerivedDataCache: FDerivedDataBackendGraph:  Pak pak cache file ../../../../Projects/BuildingProject/DerivedDataCache/DDC.ddp not found, will not use a pak cache.
[2024.04.10-13.40.10:196][  0]LogDerivedDataCache: Unable to find inner node Pak for hierarchical cache Hierarchy.
[2024.04.10-13.40.10:377][  0]LogDerivedDataCache: Speed tests for ../../../Engine/DerivedDataCache took 0.18 seconds
[2024.04.10-13.40.10:377][  0]LogDerivedDataCache: Display: Performance to ../../../Engine/DerivedDataCache: Latency=1.13ms. RandomReadSpeed=6.47MBs, RandomWriteSpeed=40.19MBs. Assigned SpeedClass 'Fast'
[2024.04.10-13.40.10:378][  0]LogDerivedDataCache: Using Local data cache path ../../../Engine/DerivedDataCache: Writable
[2024.04.10-13.40.10:603][  0]LogAssetRegistry: FAssetRegistry took 0.0023 seconds to start up
[2024.04.10-13.40.12:560][  0]LogInit: Selected Device Profile: [Windows]
[2024.04.10-13.40.12:560][  0]LogInit: Active device profile: [000002114F4B7300][000002114A77F8C0 49] Windows
[2024.04.10-13.40.12:560][  0]LogInit: Profiles: [000002114F4B7300][000002114A77F8C0 49] Windows, [000002114F464F00][000002114D17BA40 49] WindowsNoEditor, [000002114F4B4F00][000002114D17FBC0 49] WindowsServer, [000002114F466B00][000002114D1821C0 49] WindowsClient, [000002114F4B6A00][000002114D186340 49] IOS, [000002114F465800][000002114D170480 49] iPadAir, [000002114F4B5700][000002114D18A5C0 49] iPadAir2, [000002114F40F900][000002114D198800 49] IPadPro, [000002114F40FA00][000002114D18E840 49] iPadAir3, [000002114F4B6400][000002114E2469C0 49] iPadAir4, [000002114F40D400][000002114E24AB40 49] iPadMini2, [000002114F4B7900][000002114E24ECC0 49] iPadMini3, [000002114F40E500][000002114E252E40 49] iPadMini4, [000002114F4B4700][000002114E256FC0 49] iPadMini5, [000002114F46B200][000002114E25F280 49] iPhone6, [000002114F46B300][000002114E25B2C0 49] iPodTouch6, [000002114F40C500][000002114E267580 49] iPhone7, [000002114F40C400][000002114E2635C0 49] iPodTouch7, [000002114F469300][000002114E26B740 49] iPhone5S, [000002114F40E000][000002114E26F8C0 49] iPhone6Plus, [000002114F46A600][000002114E273A40 49] iPhone6S, [000002114F40CF00][000002114E277BC0 49] iPhone6SPlus, [000002114F469B00][000002114E27A1C0 49] iPhone7Plus, [000002114F40DE00][000002114E27E340 49] iPhoneSE, [000002114F468C00][000002114E2824C0 49] iPhone8, [000002114F40E900][000002114D19C600 49] iPhone8Plus, [000002114F46AF00][000002114E286740 49] iPhoneX, [000002114F40C900][000002114E28A880 49] iPhoneXS, [000002114F46B900][000002114E28E9C0 49] iPhoneXSMax, [000002114F40CE00][000002114E296B40 49] iPhoneXR, [000002114F46A700][000002114E29ACC0 49] iPhone11, [000002114F40C100][000002114E29EE40 49] iPhone11Pro, [000002114F468A00][000002114E2A2FC0 49] iPhone11ProMax, [000002114F40EA00][000002114E2A7140 49] iPhoneSE2, [000002114F46B500][000002114E2AB2C0 49] iPhone12Mini, [000002114F40DF00][000002114D26D440 49] iPhone12, [000002114F46B400][000002114D2715C0 49] iPhone12Pro, [000002114F40D900][000002114D275740 49] iPhone12ProMax, [000002114F46A200][000002114D2798C0 49] iPadPro105, [000002114F40FC00][000002114D27DA40 49] iPadPro129, [000002114F46A500][000002114D281BC0 49] iPadPro97, [000002114F40D500][000002114D2841C0 49] iPadPro2_129, [000002114F46AD00][000002114D288340 49] iPad5, [000002114F40DA00][000002114D28C4C0 49] iPad6, [000002114F469C00][000002114D290640 49] iPad7, [000002114F40E200][000002114D2947C0 49] iPad8, [000002114F46BE00][000002114E292900 49] iPadPro11, [000002114F40DD00][000002114D298A40 49] iPadPro2_11, [000002114F46A000][000002114D29CB80 49] iPadPro3_129, [000002114F40CA00][000002114D2A4D00 49] iPadPro4_129, [000002114F469700][000002114D2A8E80 49] AppleTV, [000002114F40D800][000002114D2AD000 49] AppleTV4K, [000002114F46BB00][000002114D2B1180 49] TVOS, [000002114F40D700][000002114D2B5300 49] Mac, [000002114F46A400][000002114D2B9480 49] MacClient, [000002114F40C700][000002114D2BD600 49] MacNoEditor, [000002114F46AB00][000002114D2C1780 49] MacServer, [000002114F40FD00][000002114D2C5900 49] Linux, [000002114F46BF00][000002114D2C9A80 49] LinuxAArch64, [000002114F40C600][000002114D2CDC00 49] LinuxNoEditor, [000002114F4F8400][000002114D2D0200 49] LinuxAArch64NoEditor, [000002114F467000][000002114D2D4380 49] LinuxClient, [000002114F4FA400][000002114D2D8500 49] LinuxAArch64Client, [000002114F466800][000002114D2DC680 49] LinuxServer, [000002114F4F8900][000002114D2E0800 49] LinuxAArch64Server, [000002114F464800][000002114D2E4980 49] Android, [000002114F4F9F00][000002114D2A0AC0 49] Android_Low, [000002114F467F00][000002114D2E8C00 49] Android_Mid, [000002114F4F9500][000002114D2ECD40 49] Android_High, [000002114F465D00][000002114D2F4EC0 49] Android_Default, [000002114F4FA200][000002114D2F9040 49] Android_Adreno4xx, [000002114F464C00][000002114D2FD1C0 49] Android_Adreno5xx_Low, [000002114F4F9200][000002114D301340 49] Android_Adreno5xx, [000002114F467900][000002114D3054C0 49] Android_Adreno6xx, [000002114F4F8500][000002114D309640 49] Android_Adreno6xx_Vulkan, [000002114F464D00][000002114D30D7C0 49] Android_Mali_T6xx, [000002114F40EC00][000002114FD23940 49] Android_Mali_T7xx, [000002114F469D00][000002114FD27AC0 49] Android_Mali_T8xx, [000002114F40F300][000002114FD2A0C0 49] Android_Mali_G71, [000002114F469100][000002114FD2E240 49] Android_Mali_G72, [000002114F40E700][000002114FD323C0 49] Android_Mali_G72_Vulkan, [000002114F468400][000002114FD36540 49] Android_Mali_G76, [000002114F40E800][000002114FD3A6C0 49] Android_Mali_G76_Vulkan, [000002114F469500][000002114FD3E840 49] Android_Mali_G77, [000002114F40ED00][000002114FD429C0 49] Android_Mali_G77_Vulkan, [000002114F469F00][000002114FD46B40 49] Android_Mali_G78, [000002114F40D600][000002114D2F0C80 49] Android_Mali_G78_Vulkan, [000002114F4F9700][000002114FD4ADC0 49] Android_Mali_G710, [000002114F40F000][000002114FD4EF00 49] Android_Mali_G710_Vulkan, [000002114F4F9D00][000002114FD53040 49] Android_Vulkan_SM5, [000002114F40F500][000002114FD5B1C0 49] Android_PowerVR_G6xxx, [000002114F4F9A00][000002114FD5F340 49] Android_PowerVR_GT7xxx, [000002114F40E300][000002114FD634C0 49] Android_PowerVR_GE8xxx, [000002114F4FA700][000002114FD67640 49] Android_PowerVR_GM9xxx, [000002114F40FF00][000002114FD6B7C0 49] Android_PowerVR_GM9xxx_Vulkan, [000002114F4F9400][000002114FD6F940 49] Android_TegraK1, [000002114F40DC00][000002114FD73AC0 49] Android_Unknown_Vulkan, [000002114F4F8F00][000002114FD760C0 49] Lumin, [000002114F40F400][000002114FD7A240 49] Lumin_Desktop, [000002114F4F8B00][000002114FD7E3C0 49] HoloLens, 
[2024.04.10-13.40.13:176][  0]LogMeshReduction: Using QuadricMeshReduction for automatic static mesh reduction
[2024.04.10-13.40.13:177][  0]LogMeshReduction: Using SimplygonMeshReduction for automatic skeletal mesh reduction
[2024.04.10-13.40.13:177][  0]LogMeshReduction: Using ProxyLODMeshReduction for automatic mesh merging
[2024.04.10-13.40.13:177][  0]LogMeshReduction: No distributed automatic mesh merging module available
[2024.04.10-13.40.13:217][  0]LogMeshMerging: No distributed automatic mesh merging module available
[2024.04.10-13.40.13:596][  0]LogNetVersion: BuildingProject 1.0.0, NetCL: 17155196, EngineNetVer: 17, GameNetVer: 0 (Checksum: 2393332515)
[2024.04.10-13.40.17:447][  0]LogHMD: PokeAHoleMaterial loaded successfully
[2024.04.10-13.40.20:321][  0]LogCollectionManager: Loaded 0 collections in 0.001032 seconds
[2024.04.10-13.40.20:331][  0]LogFileCache: Scanning file cache for directory 'D:/Unreal Engine/Projects/BuildingProject/Saved/Collections/' took 0.00s
[2024.04.10-13.40.20:331][  0]LogFileCache: Scanning file cache for directory 'D:/Unreal Engine/Projects/BuildingProject/Content/Developers/Danila/Collections/' took 0.00s
[2024.04.10-13.40.20:331][  0]LogFileCache: Scanning file cache for directory 'D:/Unreal Engine/Projects/BuildingProject/Content/Collections/' took 0.00s
[2024.04.10-13.40.20:331][  0]LogCollectionManager: Fixed up redirectors for 0 collections in 0.000003 seconds (updated 0 objects)
