Log file open, 04/11/24 13:16:00
LogWindows: Failed to load 'aqProf.dll' (GetLastError=126)
LogWindows: File 'aqProf.dll' does not exist
LogWindows: Failed to load 'VtuneApi.dll' (GetLastError=126)
LogWindows: File 'VtuneApi.dll' does not exist
LogWindows: Failed to load 'VtuneApi32e.dll' (GetLastError=126)
LogWindows: File 'VtuneApi32e.dll' does not exist
LogConsoleResponse: Display: Failed to find resolution value strings in scalability ini. Falling back to default.
LogConsoleResponse: Display: Failed to find resolution value strings in scalability ini. Falling back to default.
LogInit: Display: Running engine for game: BuildingProject
LogPlatformFile: Not using cached read wrapper
LogTaskGraph: Started task graph with 5 named threads and 71 total threads with 3 sets of task threads.
LogStats: Stats thread started at 0.337965
LogICUInternationalization: ICU TimeZone Detection - Raw Offset: +4:00, Platform Override: ''
LogInit: Display: Loading text-based GConfig....
LogPluginManager: Mounting plugin MeshPainting
LogPluginManager: Mounting plugin XGEController
LogPluginManager: Mounting plugin Paper2D
LogPluginManager: Mounting plugin LiveLink
LogPluginManager: Mounting plugin EnvironmentQueryEditor
LogPluginManager: Mounting plugin AISupport
LogPluginManager: Mounting plugin CameraShakePreviewer
LogPluginManager: Mounting plugin GameplayCameras
LogPluginManager: Mounting plugin AnimationSharing
LogPluginManager: Mounting plugin OodleNetwork
LogPluginManager: Mounting plugin CLionSourceCodeAccess
LogPluginManager: Mounting plugin GitSourceControl
LogPluginManager: Mounting plugin NullSourceCodeAccess
LogPluginManager: Mounting plugin KDevelopSourceCodeAccess
LogPluginManager: Mounting plugin PerforceSourceControl
LogPluginManager: Mounting plugin PlasticSourceControl
LogPluginManager: Mounting plugin PixWinPlugin
LogPluginManager: Mounting plugin PluginUtils
LogPluginManager: Mounting plugin PropertyAccessNode
LogPluginManager: Mounting plugin RiderSourceCodeAccess
LogPluginManager: Mounting plugin SubversionSourceControl
LogPluginManager: Mounting plugin TextureFormatOodle
LogPluginManager: Mounting plugin UObjectPlugin
LogPluginManager: Mounting plugin VisualStudioCodeSourceCodeAccess
LogPluginManager: Mounting plugin XCodeSourceCodeAccess
LogPluginManager: Mounting plugin AssetManagerEditor
LogPluginManager: Mounting plugin VisualStudioSourceCodeAccess
LogPluginManager: Mounting plugin CryptoKeys
LogPluginManager: Mounting plugin DataValidation
LogPluginManager: Mounting plugin CurveEditorTools
LogPluginManager: Mounting plugin FacialAnimation
LogPluginManager: Mounting plugin GameplayTagsEditor
LogPluginManager: Mounting plugin MacGraphicsSwitching
LogPluginManager: Mounting plugin GeometryMode
LogPluginManager: Mounting plugin MaterialAnalyzer
LogPluginManager: Mounting plugin DatasmithContent
LogPluginManager: Mounting plugin MobileLauncherProfileWizard
LogPluginManager: Mounting plugin VariantManagerContent
LogPluginManager: Mounting plugin PluginBrowser
LogPluginManager: Mounting plugin SpeedTreeImporter
LogPluginManager: Mounting plugin AlembicImporter
LogPluginManager: Mounting plugin BackChannel
LogPluginManager: Mounting plugin AutomationUtils
LogPluginManager: Mounting plugin ChaosCloth
LogPluginManager: Mounting plugin ChaosClothEditor
LogPluginManager: Mounting plugin ChaosEditor
LogPluginManager: Mounting plugin ChaosNiagara
LogPluginManager: Mounting plugin ChaosSolverPlugin
LogPluginManager: Mounting plugin CharacterAI
LogPluginManager: Mounting plugin GeometryCache
LogPluginManager: Mounting plugin GeometryCollectionPlugin
LogPluginManager: Mounting plugin Niagara
LogPluginManager: Mounting plugin GeometryProcessing
LogPluginManager: Mounting plugin MotoSynth
LogPluginManager: Mounting plugin OpenImageDenoise
LogPluginManager: Mounting plugin PlanarCut
LogPluginManager: Mounting plugin ProxyLODPlugin
LogPluginManager: Mounting plugin PythonScriptPlugin
LogPluginManager: Mounting plugin PlatformCrypto
LogPluginManager: Mounting plugin SkeletalReduction
LogPluginManager: Mounting plugin LuminPlatformFeatures
LogPluginManager: Mounting plugin MagicLeap
LogPluginManager: Mounting plugin MagicLeapLightEstimation
LogPluginManager: Mounting plugin MagicLeapMedia
LogPluginManager: Mounting plugin MagicLeapPassableWorld
LogPluginManager: Mounting plugin MLSDK
LogPluginManager: Mounting plugin AndroidMedia
LogPluginManager: Mounting plugin AvfMedia
LogPluginManager: Mounting plugin ImgMedia
LogPluginManager: Mounting plugin MediaCompositing
LogPluginManager: Mounting plugin MediaPlayerEditor
LogPluginManager: Mounting plugin WmfMedia
LogPluginManager: Mounting plugin WebMMedia
LogPluginManager: Mounting plugin TcpMessaging
LogPluginManager: Mounting plugin UdpMessaging
LogPluginManager: Mounting plugin ActorSequence
LogPluginManager: Mounting plugin MatineeToLevelSequence
LogPluginManager: Mounting plugin LevelSequenceEditor
LogPluginManager: Mounting plugin TemplateSequence
LogPluginManager: Mounting plugin OnlineSubsystem
LogPluginManager: Mounting plugin OnlineSubsystemNull
LogPluginManager: Mounting plugin OnlineSubsystemUtils
LogPluginManager: Mounting plugin LauncherChunkInstaller
LogPluginManager: Mounting plugin ActorLayerUtilities
LogPluginManager: Mounting plugin AndroidDeviceProfileSelector
LogPluginManager: Mounting plugin AndroidMoviePlayer
LogPluginManager: Mounting plugin AndroidPermission
LogPluginManager: Mounting plugin AppleImageUtils
LogPluginManager: Mounting plugin AppleMoviePlayer
LogPluginManager: Mounting plugin ArchVisCharacter
LogPluginManager: Mounting plugin AssetTags
LogPluginManager: Mounting plugin AudioCapture
LogPluginManager: Mounting plugin AudioSynesthesia
LogPluginManager: Mounting plugin CableComponent
LogPluginManager: Mounting plugin ChunkDownloader
LogPluginManager: Mounting plugin CustomMeshComponent
LogPluginManager: Mounting plugin EditableMesh
LogPluginManager: Mounting plugin ExampleDeviceProfileSelector
LogPluginManager: Mounting plugin GoogleCloudMessaging
LogPluginManager: Mounting plugin GooglePAD
LogPluginManager: Mounting plugin IOSDeviceProfileSelector
LogPluginManager: Mounting plugin LinuxDeviceProfileSelector
LogPluginManager: Mounting plugin LocationServicesBPLibrary
LogPluginManager: Mounting plugin MobilePatchingUtils
LogPluginManager: Mounting plugin OpenXR
LogPluginManager: Mounting plugin OpenXREyeTracker
LogPluginManager: Mounting plugin OpenXRHandTracking
LogPluginManager: Mounting plugin PhysXVehicles
LogPluginManager: Mounting plugin PostSplashScreen
LogPluginManager: Mounting plugin ProceduralMeshComponent
LogPluginManager: Mounting plugin PropertyAccessEditor
LogPluginManager: Mounting plugin RuntimePhysXCooking
LogPluginManager: Mounting plugin SignificanceManager
LogPluginManager: Mounting plugin SoundFields
LogPluginManager: Mounting plugin Synthesis
LogPluginManager: Mounting plugin WebMMoviePlayer
LogPluginManager: Mounting plugin WindowsMoviePlayer
LogPluginManager: Mounting plugin ScreenshotTools
LogPluginManager: Mounting plugin Takes
LogPluginManager: Mounting plugin LightPropagationVolume
LogPluginManager: Mounting plugin CodeLiteSourceCodeAccess
LogPluginManager: Mounting plugin OodleData
LogPluginManager: Mounting plugin ContentBrowserAssetDataSource
LogPluginManager: Mounting plugin ContentBrowserClassDataSource
LogPluginManager: Mounting plugin ContentBrowserFileDataSource
LogPluginManager: Mounting plugin OnlineSubsystemIOS
LogPluginManager: Mounting plugin OnlineSubsystemGooglePlay
LogPluginManager: Mounting plugin OculusVR
LogPluginManager: Mounting plugin SteamVR
PixWinPlugin: PIX capture plugin failed to initialize! Check that the process is launched from PIX.
LogInit: Using libcurl 7.55.1-DEV
LogInit:  - built for x86_64-pc-win32
LogInit:  - supports SSL with OpenSSL/1.1.1
LogInit:  - supports HTTP deflate (compression) using libz 1.2.8
LogInit:  - other features:
LogInit:      CURL_VERSION_SSL
LogInit:      CURL_VERSION_LIBZ
LogInit:      CURL_VERSION_IPV6
LogInit:      CURL_VERSION_ASYNCHDNS
LogInit:      CURL_VERSION_LARGEFILE
LogInit:      CURL_VERSION_IDN
LogInit:  CurlRequestOptions (configurable via config and command line):
LogInit:  - bVerifyPeer = true  - Libcurl will verify peer certificate
LogInit:  - bUseHttpProxy = false  - Libcurl will NOT use HTTP proxy
LogInit:  - bDontReuseConnections = false  - Libcurl will reuse connections
LogInit:  - MaxHostConnections = 16  - Libcurl will limit the number of connections to a host
LogInit:  - LocalHostAddr = Default
LogInit:  - BufferSize = 65536
LogOnline: OSS: Creating online subsystem instance for: NULL
LogInit: WinSock: version 1.1 (2.2), MaxSocks=32767, MaxUdp=65467
LogOnline: OSS: TryLoadSubsystemAndSetDefault: Loaded subsystem for module [NULL]
LogInit: Build: ++UE4+Release-4.27-CL-18319896
LogInit: Engine Version: 4.27.2-18319896+++UE4+Release-4.27
LogInit: Compatible Engine Version: 4.27.0-17155196+++UE4+Release-4.27
LogInit: Net CL: 17155196
LogInit: OS: Windows 10 (Release 2009) (), CPU: Intel(R) Xeon(R) CPU E5-2670 v3 @ 2.30GHz, GPU: NVIDIA GeForce GTX 1080
LogInit: Compiled (64-bit): Nov 30 2021 07:12:08
LogInit: Compiled with Visual C++: 19.24.28315.00
LogInit: Build Configuration: Development
LogInit: Branch Name: ++UE4+Release-4.27
LogInit: Command Line:  "D:\Unreal Engine\Projects\BuildingProject\BuildingProject.uproject" -run=VisualStudioTools -unattended -noshadercompile -nosound -nullrhi -nocpuprofilertrace -nocrashreports -nosplash -ddc=noshared -output=C:\Users\Danila\AppData\Local\Temp\tmpC9DD.tmp
LogInit: Base Directory: D:/Unreal Engine/UE_4.27/Engine/Binaries/Win64/
LogInit: Allocator: TBB
LogInit: Installed Engine Build: 1
LogDevObjectVersion: Number of dev versions registered: 29
LogDevObjectVersion:   Dev-Blueprints (B0D832E4-1F89-4F0D-ACCF-7EB736FD4AA2): 10
LogDevObjectVersion:   Dev-Build (E1C64328-A22C-4D53-A36C-8E866417BD8C): 0
LogDevObjectVersion:   Dev-Core (375EC13C-06E4-48FB-B500-84F0262A717E): 4
LogDevObjectVersion:   Dev-Editor (E4B068ED-F494-42E9-A231-DA0B2E46BB41): 40
LogDevObjectVersion:   Dev-Framework (CFFC743F-43B0-4480-9391-14DF171D2073): 37
LogDevObjectVersion:   Dev-Mobile (B02B49B5-BB20-44E9-A304-32B752E40360): 3
LogDevObjectVersion:   Dev-Networking (A4E4105C-59A1-49B5-A7C5-40C4547EDFEE): 0
LogDevObjectVersion:   Dev-Online (39C831C9-5AE6-47DC-9A44-9C173E1C8E7C): 0
LogDevObjectVersion:   Dev-Physics (78F01B33-EBEA-4F98-B9B4-84EACCB95AA2): 14
LogDevObjectVersion:   Dev-Platform (6631380F-2D4D-43E0-8009-CF276956A95A): 0
LogDevObjectVersion:   Dev-Rendering (12F88B9F-8875-4AFC-A67C-D90C383ABD29): 45
LogDevObjectVersion:   Dev-Sequencer (7B5AE74C-D270-4C10-A958-57980B212A5A): 13
LogDevObjectVersion:   Dev-VR (D7296918-1DD6-4BDD-9DE2-64A83CC13884): 3
LogDevObjectVersion:   Dev-LoadTimes (C2A15278-BFE7-4AFE-6C17-90FF531DF755): 1
LogDevObjectVersion:   Private-Geometry (6EACA3D4-40EC-4CC1-B786-8BED09428FC5): 3
LogDevObjectVersion:   Dev-AnimPhys (29E575DD-E0A3-4627-9D10-D276232CDCEA): 17
LogDevObjectVersion:   Dev-Anim (AF43A65D-7FD3-4947-9873-3E8ED9C1BB05): 15
LogDevObjectVersion:   Dev-ReflectionCapture (6B266CEC-1EC7-4B8F-A30B-E4D90942FC07): 1
LogDevObjectVersion:   Dev-Automation (0DF73D61-A23F-47EA-B727-89E90C41499A): 1
LogDevObjectVersion:   FortniteMain (601D1886-AC64-4F84-AA16-D3DE0DEAC7D6): 47
LogDevObjectVersion:   FortniteRelease (E7086368-6B23-4C58-8439-1B7016265E91): 1
LogDevObjectVersion:   Dev-Enterprise (9DFFBCD6-494F-0158-E221-12823C92A888): 10
LogDevObjectVersion:   Dev-Niagara (F2AED0AC-9AFE-416F-8664-AA7FFA26D6FC): 1
LogDevObjectVersion:   Dev-Destruction (174F1F0B-B4C6-45A5-B13F-2EE8D0FB917D): 10
LogDevObjectVersion:   Dev-Physics-Ext (35F94A83-E258-406C-A318-09F59610247C): 41
LogDevObjectVersion:   Dev-PhysicsMaterial-Chaos (B68FC16E-8B1B-42E2-B453-215C058844FE): 1
LogDevObjectVersion:   Dev-CineCamera (B2E18506-4273-CFC2-A54E-F4BB758BBA07): 1
LogDevObjectVersion:   Dev-VirtualProduction (64F58936-FD1B-42BA-BA96-7289D5D0FA4E): 1
LogDevObjectVersion:   Dev-MediaFramework (6F0ED827-A609-4895-9C91-998D90180EA4): 2
LogInit: Presizing for max 25165824 objects, including 0 objects not considered by GC, pre-allocating 0 bytes for permanent pool.
LogConfig: Applying CVar settings from Section [/Script/Engine.StreamingSettings] File [D:/Unreal Engine/Projects/BuildingProject/Saved/Config/Windows/Engine.ini]
LogConfig: Setting CVar [[s.MinBulkDataSizeForAsyncLoading:131072]]
LogConfig: Setting CVar [[s.AsyncLoadingThreadEnabled:0]]
LogConfig: Setting CVar [[s.EventDrivenLoaderEnabled:1]]
LogConfig: Setting CVar [[s.WarnIfTimeLimitExceeded:0]]
LogConfig: Setting CVar [[s.TimeLimitExceededMultiplier:1.5]]
LogConfig: Setting CVar [[s.TimeLimitExceededMinTime:0.005]]
LogConfig: Setting CVar [[s.UseBackgroundLevelStreaming:1]]
LogConfig: Setting CVar [[s.PriorityAsyncLoadingExtraTime:15.0]]
LogConfig: Setting CVar [[s.LevelStreamingActorsUpdateTimeLimit:5.0]]
LogConfig: Setting CVar [[s.PriorityLevelStreamingActorsUpdateExtraTime:5.0]]
LogConfig: Setting CVar [[s.LevelStreamingComponentsRegistrationGranularity:10]]
LogConfig: Setting CVar [[s.UnregisterComponentsTimeLimit:1.0]]
LogConfig: Setting CVar [[s.LevelStreamingComponentsUnregistrationGranularity:5]]
LogConfig: Setting CVar [[s.FlushStreamingOnExit:1]]
LogInit: Object subsystem initialized
LogConfig: Setting CVar [[con.DebugEarlyDefault:1]]
LogConfig: Setting CVar [[r.setres:1280x720]]
[2024.04.11-09.16.00:540][  0]LogConfig: Setting CVar [[con.DebugEarlyDefault:1]]
[2024.04.11-09.16.00:540][  0]LogConfig: Setting CVar [[r.setres:1280x720]]
[2024.04.11-09.16.00:540][  0]LogConfig: Applying CVar settings from Section [/Script/Engine.RendererSettings] File [D:/Unreal Engine/Projects/BuildingProject/Saved/Config/Windows/Engine.ini]
[2024.04.11-09.16.00:540][  0]LogConfig: Setting CVar [[r.GPUCrashDebugging:0]]
[2024.04.11-09.16.00:540][  0]LogConfig: Applying CVar settings from Section [/Script/Engine.RendererOverrideSettings] File [D:/Unreal Engine/Projects/BuildingProject/Saved/Config/Windows/Engine.ini]
[2024.04.11-09.16.00:540][  0]LogConfig: Applying CVar settings from Section [/Script/Engine.StreamingSettings] File [D:/Unreal Engine/Projects/BuildingProject/Saved/Config/Windows/Engine.ini]
[2024.04.11-09.16.00:540][  0]LogConfig: Setting CVar [[s.MinBulkDataSizeForAsyncLoading:131072]]
[2024.04.11-09.16.00:540][  0]LogConfig: Setting CVar [[s.AsyncLoadingThreadEnabled:0]]
[2024.04.11-09.16.00:540][  0]LogConfig: Setting CVar [[s.EventDrivenLoaderEnabled:1]]
[2024.04.11-09.16.00:540][  0]LogConfig: Setting CVar [[s.WarnIfTimeLimitExceeded:0]]
[2024.04.11-09.16.00:540][  0]LogConfig: Setting CVar [[s.TimeLimitExceededMultiplier:1.5]]
[2024.04.11-09.16.00:540][  0]LogConfig: Setting CVar [[s.TimeLimitExceededMinTime:0.005]]
[2024.04.11-09.16.00:540][  0]LogConfig: Setting CVar [[s.UseBackgroundLevelStreaming:1]]
[2024.04.11-09.16.00:540][  0]LogConfig: Setting CVar [[s.PriorityAsyncLoadingExtraTime:15.0]]
[2024.04.11-09.16.00:540][  0]LogConfig: Setting CVar [[s.LevelStreamingActorsUpdateTimeLimit:5.0]]
[2024.04.11-09.16.00:540][  0]LogConfig: Setting CVar [[s.PriorityLevelStreamingActorsUpdateExtraTime:5.0]]
[2024.04.11-09.16.00:540][  0]LogConfig: Setting CVar [[s.LevelStreamingComponentsRegistrationGranularity:10]]
[2024.04.11-09.16.00:540][  0]LogConfig: Setting CVar [[s.UnregisterComponentsTimeLimit:1.0]]
[2024.04.11-09.16.00:540][  0]LogConfig: Setting CVar [[s.LevelStreamingComponentsUnregistrationGranularity:5]]
[2024.04.11-09.16.00:540][  0]LogConfig: Setting CVar [[s.FlushStreamingOnExit:1]]
[2024.04.11-09.16.00:540][  0]LogConfig: Applying CVar settings from Section [/Script/Engine.GarbageCollectionSettings] File [D:/Unreal Engine/Projects/BuildingProject/Saved/Config/Windows/Engine.ini]
[2024.04.11-09.16.00:540][  0]LogConfig: Setting CVar [[gc.MaxObjectsNotConsideredByGC:1]]
[2024.04.11-09.16.00:540][  0]LogConfig: Setting CVar [[gc.SizeOfPermanentObjectPool:0]]
[2024.04.11-09.16.00:540][  0]LogConfig: Setting CVar [[gc.FlushStreamingOnGC:0]]
[2024.04.11-09.16.00:540][  0]LogConfig: Setting CVar [[gc.NumRetriesBeforeForcingGC:10]]
[2024.04.11-09.16.00:540][  0]LogConfig: Setting CVar [[gc.AllowParallelGC:1]]
[2024.04.11-09.16.00:540][  0]LogConfig: Setting CVar [[gc.TimeBetweenPurgingPendingKillObjects:61.1]]
[2024.04.11-09.16.00:540][  0]LogConfig: Setting CVar [[gc.MaxObjectsInEditor:25165824]]
[2024.04.11-09.16.00:540][  0]LogConfig: Setting CVar [[gc.IncrementalBeginDestroyEnabled:1]]
[2024.04.11-09.16.00:540][  0]LogConfig: Setting CVar [[gc.CreateGCClusters:1]]
[2024.04.11-09.16.00:540][  0]LogConfig: Setting CVar [[gc.MinGCClusterSize:5]]
[2024.04.11-09.16.00:540][  0]LogConfig: Setting CVar [[gc.ActorClusteringEnabled:0]]
[2024.04.11-09.16.00:540][  0]LogConfig: Setting CVar [[gc.BlueprintClusteringEnabled:0]]
[2024.04.11-09.16.00:540][  0]LogConfig: Setting CVar [[gc.UseDisregardForGCOnDedicatedServers:0]]
[2024.04.11-09.16.00:540][  0]LogConfig: Setting CVar [[gc.MultithreadedDestructionEnabled:1]]
[2024.04.11-09.16.00:540][  0]LogConfig: Applying CVar settings from Section [/Script/Engine.NetworkSettings] File [D:/Unreal Engine/Projects/BuildingProject/Saved/Config/Windows/Engine.ini]
[2024.04.11-09.16.00:540][  0]LogConfig: Applying CVar settings from Section [/Script/UnrealEd.CookerSettings] File [D:/Unreal Engine/Projects/BuildingProject/Saved/Config/Windows/Engine.ini]
[2024.04.11-09.16.00:540][  0]LogConfig: Applying CVar settings from Section [ViewDistanceQuality@3] File [D:/Unreal Engine/Projects/BuildingProject/Saved/Config/Windows/Scalability.ini]
[2024.04.11-09.16.00:540][  0]LogConfig: Setting CVar [[r.SkeletalMeshLODBias:0]]
[2024.04.11-09.16.00:540][  0]LogConfig: Setting CVar [[r.ViewDistanceScale:1.0]]
[2024.04.11-09.16.00:540][  0]LogConfig: Applying CVar settings from Section [AntiAliasingQuality@3] File [D:/Unreal Engine/Projects/BuildingProject/Saved/Config/Windows/Scalability.ini]
[2024.04.11-09.16.00:540][  0]LogConfig: Setting CVar [[r.PostProcessAAQuality:4]]
[2024.04.11-09.16.00:540][  0]LogConfig: Applying CVar settings from Section [ShadowQuality@3] File [D:/Unreal Engine/Projects/BuildingProject/Saved/Config/Windows/Scalability.ini]
[2024.04.11-09.16.00:540][  0]LogConfig: Setting CVar [[r.LightFunctionQuality:1]]
[2024.04.11-09.16.00:540][  0]LogConfig: Setting CVar [[r.ShadowQuality:5]]
[2024.04.11-09.16.00:540][  0]LogConfig: Setting CVar [[r.Shadow.CSM.MaxCascades:10]]
[2024.04.11-09.16.00:540][  0]LogConfig: Setting CVar [[r.Shadow.MaxResolution:2048]]
[2024.04.11-09.16.00:540][  0]LogConfig: Setting CVar [[r.Shadow.MaxCSMResolution:2048]]
[2024.04.11-09.16.00:540][  0]LogConfig: Setting CVar [[r.Shadow.RadiusThreshold:0.01]]
[2024.04.11-09.16.00:540][  0]LogConfig: Setting CVar [[r.Shadow.DistanceScale:1.0]]
[2024.04.11-09.16.00:540][  0]LogConfig: Setting CVar [[r.Shadow.CSM.TransitionScale:1.0]]
[2024.04.11-09.16.00:540][  0]LogConfig: Setting CVar [[r.Shadow.PreShadowResolutionFactor:1.0]]
[2024.04.11-09.16.00:540][  0]LogConfig: Setting CVar [[r.DistanceFieldShadowing:1]]
[2024.04.11-09.16.00:540][  0]LogConfig: Setting CVar [[r.DistanceFieldAO:1]]
[2024.04.11-09.16.00:541][  0]LogConfig: Setting CVar [[r.AOQuality:2]]
[2024.04.11-09.16.00:541][  0]LogConfig: Setting CVar [[r.VolumetricFog:1]]
[2024.04.11-09.16.00:541][  0]LogConfig: Setting CVar [[r.VolumetricFog.GridPixelSize:8]]
[2024.04.11-09.16.00:541][  0]LogConfig: Setting CVar [[r.VolumetricFog.GridSizeZ:128]]
[2024.04.11-09.16.00:541][  0]LogConfig: Setting CVar [[r.VolumetricFog.HistoryMissSupersampleCount:4]]
[2024.04.11-09.16.00:541][  0]LogConfig: Setting CVar [[r.LightMaxDrawDistanceScale:1]]
[2024.04.11-09.16.00:541][  0]LogConfig: Setting CVar [[r.CapsuleShadows:1]]
[2024.04.11-09.16.00:541][  0]LogConfig: Applying CVar settings from Section [PostProcessQuality@3] File [D:/Unreal Engine/Projects/BuildingProject/Saved/Config/Windows/Scalability.ini]
[2024.04.11-09.16.00:541][  0]LogConfig: Setting CVar [[r.MotionBlurQuality:4]]
[2024.04.11-09.16.00:541][  0]LogConfig: Setting CVar [[r.AmbientOcclusionMipLevelFactor:0.4]]
[2024.04.11-09.16.00:541][  0]LogConfig: Setting CVar [[r.AmbientOcclusionMaxQuality:100]]
[2024.04.11-09.16.00:541][  0]LogConfig: Setting CVar [[r.AmbientOcclusionLevels:-1]]
[2024.04.11-09.16.00:541][  0]LogConfig: Setting CVar [[r.AmbientOcclusionRadiusScale:1.0]]
[2024.04.11-09.16.00:541][  0]LogConfig: Setting CVar [[r.DepthOfFieldQuality:2]]
[2024.04.11-09.16.00:541][  0]LogConfig: Setting CVar [[r.RenderTargetPoolMin:400]]
[2024.04.11-09.16.00:541][  0]LogConfig: Setting CVar [[r.LensFlareQuality:2]]
[2024.04.11-09.16.00:541][  0]LogConfig: Setting CVar [[r.SceneColorFringeQuality:1]]
[2024.04.11-09.16.00:541][  0]LogConfig: Setting CVar [[r.EyeAdaptationQuality:2]]
[2024.04.11-09.16.00:541][  0]LogConfig: Setting CVar [[r.BloomQuality:5]]
[2024.04.11-09.16.00:541][  0]LogConfig: Setting CVar [[r.FastBlurThreshold:100]]
[2024.04.11-09.16.00:541][  0]LogConfig: Setting CVar [[r.Upscale.Quality:3]]
[2024.04.11-09.16.00:541][  0]LogConfig: Setting CVar [[r.Tonemapper.GrainQuantization:1]]
[2024.04.11-09.16.00:541][  0]LogConfig: Setting CVar [[r.LightShaftQuality:1]]
[2024.04.11-09.16.00:541][  0]LogConfig: Setting CVar [[r.Filter.SizeScale:1]]
[2024.04.11-09.16.00:541][  0]LogConfig: Setting CVar [[r.Tonemapper.Quality:5]]
[2024.04.11-09.16.00:541][  0]LogConfig: Setting CVar [[r.DOF.Gather.AccumulatorQuality:1        ; higher gathering accumulator quality]]
[2024.04.11-09.16.00:541][  0]LogConfig: Setting CVar [[r.DOF.Gather.PostfilterMethod:1          ; Median3x3 postfilering method]]
[2024.04.11-09.16.00:541][  0]LogConfig: Setting CVar [[r.DOF.Gather.EnableBokehSettings:0       ; no bokeh simulation when gathering]]
[2024.04.11-09.16.00:541][  0]LogConfig: Setting CVar [[r.DOF.Gather.RingCount:4                 ; medium number of samples when gathering]]
[2024.04.11-09.16.00:541][  0]LogConfig: Setting CVar [[r.DOF.Scatter.ForegroundCompositing:1    ; additive foreground scattering]]
[2024.04.11-09.16.00:541][  0]LogConfig: Setting CVar [[r.DOF.Scatter.BackgroundCompositing:2    ; additive background scattering]]
[2024.04.11-09.16.00:541][  0]LogConfig: Setting CVar [[r.DOF.Scatter.EnableBokehSettings:1      ; bokeh simulation when scattering]]
[2024.04.11-09.16.00:541][  0]LogConfig: Setting CVar [[r.DOF.Scatter.MaxSpriteRatio:0.1         ; only a maximum of 10% of scattered bokeh]]
[2024.04.11-09.16.00:541][  0]LogConfig: Setting CVar [[r.DOF.Recombine.Quality:1                ; cheap slight out of focus]]
[2024.04.11-09.16.00:541][  0]LogConfig: Setting CVar [[r.DOF.Recombine.EnableBokehSettings:0    ; no bokeh simulation on slight out of focus]]
[2024.04.11-09.16.00:541][  0]LogConfig: Setting CVar [[r.DOF.TemporalAAQuality:1                ; more stable temporal accumulation]]
[2024.04.11-09.16.00:541][  0]LogConfig: Setting CVar [[r.DOF.Kernel.MaxForegroundRadius:0.025]]
[2024.04.11-09.16.00:541][  0]LogConfig: Setting CVar [[r.DOF.Kernel.MaxBackgroundRadius:0.025]]
[2024.04.11-09.16.00:541][  0]LogConfig: Applying CVar settings from Section [TextureQuality@3] File [D:/Unreal Engine/Projects/BuildingProject/Saved/Config/Windows/Scalability.ini]
[2024.04.11-09.16.00:541][  0]LogConfig: Setting CVar [[r.Streaming.MipBias:0]]
[2024.04.11-09.16.00:541][  0]LogConfig: Setting CVar [[r.Streaming.AmortizeCPUToGPUCopy:0]]
[2024.04.11-09.16.00:541][  0]LogConfig: Setting CVar [[r.Streaming.MaxNumTexturesToStreamPerFrame:0]]
[2024.04.11-09.16.00:541][  0]LogConfig: Setting CVar [[r.Streaming.Boost:1]]
[2024.04.11-09.16.00:541][  0]LogConfig: Setting CVar [[r.MaxAnisotropy:8]]
[2024.04.11-09.16.00:541][  0]LogConfig: Setting CVar [[r.VT.MaxAnisotropy:8]]
[2024.04.11-09.16.00:541][  0]LogConfig: Setting CVar [[r.Streaming.LimitPoolSizeToVRAM:0]]
[2024.04.11-09.16.00:541][  0]LogConfig: Setting CVar [[r.Streaming.PoolSize:1000]]
[2024.04.11-09.16.00:541][  0]LogConfig: Setting CVar [[r.Streaming.MaxEffectiveScreenSize:0]]
[2024.04.11-09.16.00:541][  0]LogConfig: Applying CVar settings from Section [EffectsQuality@3] File [D:/Unreal Engine/Projects/BuildingProject/Saved/Config/Windows/Scalability.ini]
[2024.04.11-09.16.00:541][  0]LogConfig: Setting CVar [[r.TranslucencyLightingVolumeDim:64]]
[2024.04.11-09.16.00:541][  0]LogConfig: Setting CVar [[r.RefractionQuality:2]]
[2024.04.11-09.16.00:541][  0]LogConfig: Setting CVar [[r.SSR.Quality:3]]
[2024.04.11-09.16.00:541][  0]LogConfig: Setting CVar [[r.SSR.HalfResSceneColor:0]]
[2024.04.11-09.16.00:541][  0]LogConfig: Setting CVar [[r.SceneColorFormat:4]]
[2024.04.11-09.16.00:541][  0]LogConfig: Setting CVar [[r.DetailMode:2]]
[2024.04.11-09.16.00:541][  0]LogConfig: Setting CVar [[r.TranslucencyVolumeBlur:1]]
[2024.04.11-09.16.00:541][  0]LogConfig: Setting CVar [[r.MaterialQualityLevel:1 ; High quality]]
[2024.04.11-09.16.00:541][  0]LogConfig: Setting CVar [[r.AnisotropicMaterials:1]]
[2024.04.11-09.16.00:541][  0]LogConfig: Setting CVar [[r.SSS.Scale:1]]
[2024.04.11-09.16.00:541][  0]LogConfig: Setting CVar [[r.SSS.SampleSet:2]]
[2024.04.11-09.16.00:541][  0]LogConfig: Setting CVar [[r.SSS.Quality:1]]
[2024.04.11-09.16.00:541][  0]LogConfig: Setting CVar [[r.SSS.HalfRes:0]]
[2024.04.11-09.16.00:541][  0]LogConfig: Setting CVar [[r.SSGI.Quality:3]]
[2024.04.11-09.16.00:541][  0]LogConfig: Setting CVar [[r.EmitterSpawnRateScale:1.0]]
[2024.04.11-09.16.00:541][  0]LogConfig: Setting CVar [[r.ParticleLightQuality:2]]
[2024.04.11-09.16.00:541][  0]LogConfig: Setting CVar [[r.SkyAtmosphere.AerialPerspectiveLUT.FastApplyOnOpaque:1 ; Always have FastSkyLUT 1 in this case to avoid wrong sky]]
[2024.04.11-09.16.00:541][  0]LogConfig: Setting CVar [[r.SkyAtmosphere.AerialPerspectiveLUT.SampleCountMaxPerSlice:4]]
[2024.04.11-09.16.00:541][  0]LogConfig: Setting CVar [[r.SkyAtmosphere.AerialPerspectiveLUT.DepthResolution:16.0]]
[2024.04.11-09.16.00:541][  0]LogConfig: Setting CVar [[r.SkyAtmosphere.FastSkyLUT:1]]
[2024.04.11-09.16.00:541][  0]LogConfig: Setting CVar [[r.SkyAtmosphere.FastSkyLUT.SampleCountMin:4.0]]
[2024.04.11-09.16.00:541][  0]LogConfig: Setting CVar [[r.SkyAtmosphere.FastSkyLUT.SampleCountMax:128.0]]
[2024.04.11-09.16.00:541][  0]LogConfig: Setting CVar [[r.SkyAtmosphere.SampleCountMin:4.0]]
[2024.04.11-09.16.00:541][  0]LogConfig: Setting CVar [[r.SkyAtmosphere.SampleCountMax:128.0]]
[2024.04.11-09.16.00:541][  0]LogConfig: Setting CVar [[r.SkyAtmosphere.TransmittanceLUT.UseSmallFormat:0]]
[2024.04.11-09.16.00:541][  0]LogConfig: Setting CVar [[r.SkyAtmosphere.TransmittanceLUT.SampleCount:10.0]]
[2024.04.11-09.16.00:541][  0]LogConfig: Setting CVar [[r.SkyAtmosphere.MultiScatteringLUT.SampleCount:15.0]]
[2024.04.11-09.16.00:541][  0]LogConfig: Setting CVar [[r.SkyLight.RealTimeReflectionCapture:1]]
[2024.04.11-09.16.00:542][  0]LogConfig: Applying CVar settings from Section [FoliageQuality@3] File [D:/Unreal Engine/Projects/BuildingProject/Saved/Config/Windows/Scalability.ini]
[2024.04.11-09.16.00:542][  0]LogConfig: Setting CVar [[foliage.DensityScale:1.0]]
[2024.04.11-09.16.00:542][  0]LogConfig: Setting CVar [[grass.DensityScale:1.0]]
[2024.04.11-09.16.00:542][  0]LogConfig: Applying CVar settings from Section [ShadingQuality@3] File [D:/Unreal Engine/Projects/BuildingProject/Saved/Config/Windows/Scalability.ini]
[2024.04.11-09.16.00:542][  0]LogConfig: Setting CVar [[r.HairStrands.SkyLighting.IntegrationType:2]]
[2024.04.11-09.16.00:542][  0]LogConfig: Setting CVar [[r.HairStrands.SkyAO.SampleCount:4]]
[2024.04.11-09.16.00:542][  0]LogConfig: Setting CVar [[r.HairStrands.Visibility.MSAA.SamplePerPixel:4]]
[2024.04.11-09.16.00:907][  0]LogInit: Selected Device Profile: [Windows]
[2024.04.11-09.16.00:907][  0]LogInit: Applying CVar settings loaded from the selected device profile: [Windows]
[2024.04.11-09.16.00:908][  0]LogHAL: Display: Platform has ~ 16 GB [17080471552 / 17179869184 / 16], which maps to Larger [LargestMinGB=32, LargerMinGB=12, DefaultMinGB=8, SmallerMinGB=6, SmallestMinGB=0)
[2024.04.11-09.16.00:908][  0]LogInit: Going up to parent DeviceProfile []
[2024.04.11-09.16.00:908][  0]LogConfig: Applying CVar settings from Section [ViewDistanceQuality@3] File [D:/Unreal Engine/Projects/BuildingProject/Saved/Config/Windows/Scalability.ini]
[2024.04.11-09.16.00:908][  0]LogConfig: Setting CVar [[r.SkeletalMeshLODBias:0]]
[2024.04.11-09.16.00:908][  0]LogConfig: Setting CVar [[r.ViewDistanceScale:1.0]]
[2024.04.11-09.16.00:908][  0]LogConfig: Applying CVar settings from Section [AntiAliasingQuality@3] File [D:/Unreal Engine/Projects/BuildingProject/Saved/Config/Windows/Scalability.ini]
[2024.04.11-09.16.00:908][  0]LogConfig: Setting CVar [[r.PostProcessAAQuality:4]]
[2024.04.11-09.16.00:908][  0]LogConfig: Applying CVar settings from Section [ShadowQuality@3] File [D:/Unreal Engine/Projects/BuildingProject/Saved/Config/Windows/Scalability.ini]
[2024.04.11-09.16.00:908][  0]LogConfig: Setting CVar [[r.LightFunctionQuality:1]]
[2024.04.11-09.16.00:908][  0]LogConfig: Setting CVar [[r.ShadowQuality:5]]
[2024.04.11-09.16.00:908][  0]LogConfig: Setting CVar [[r.Shadow.CSM.MaxCascades:10]]
[2024.04.11-09.16.00:908][  0]LogConfig: Setting CVar [[r.Shadow.MaxResolution:2048]]
[2024.04.11-09.16.00:908][  0]LogConfig: Setting CVar [[r.Shadow.MaxCSMResolution:2048]]
[2024.04.11-09.16.00:908][  0]LogConfig: Setting CVar [[r.Shadow.RadiusThreshold:0.01]]
[2024.04.11-09.16.00:908][  0]LogConfig: Setting CVar [[r.Shadow.DistanceScale:1.0]]
[2024.04.11-09.16.00:908][  0]LogConfig: Setting CVar [[r.Shadow.CSM.TransitionScale:1.0]]
[2024.04.11-09.16.00:908][  0]LogConfig: Setting CVar [[r.Shadow.PreShadowResolutionFactor:1.0]]
[2024.04.11-09.16.00:908][  0]LogConfig: Setting CVar [[r.DistanceFieldShadowing:1]]
[2024.04.11-09.16.00:908][  0]LogConfig: Setting CVar [[r.DistanceFieldAO:1]]
[2024.04.11-09.16.00:908][  0]LogConfig: Setting CVar [[r.AOQuality:2]]
[2024.04.11-09.16.00:908][  0]LogConfig: Setting CVar [[r.VolumetricFog:1]]
[2024.04.11-09.16.00:908][  0]LogConfig: Setting CVar [[r.VolumetricFog.GridPixelSize:8]]
[2024.04.11-09.16.00:908][  0]LogConfig: Setting CVar [[r.VolumetricFog.GridSizeZ:128]]
[2024.04.11-09.16.00:908][  0]LogConfig: Setting CVar [[r.VolumetricFog.HistoryMissSupersampleCount:4]]
[2024.04.11-09.16.00:908][  0]LogConfig: Setting CVar [[r.LightMaxDrawDistanceScale:1]]
[2024.04.11-09.16.00:908][  0]LogConfig: Setting CVar [[r.CapsuleShadows:1]]
[2024.04.11-09.16.00:908][  0]LogConfig: Applying CVar settings from Section [PostProcessQuality@3] File [D:/Unreal Engine/Projects/BuildingProject/Saved/Config/Windows/Scalability.ini]
[2024.04.11-09.16.00:908][  0]LogConfig: Setting CVar [[r.MotionBlurQuality:4]]
[2024.04.11-09.16.00:908][  0]LogConfig: Setting CVar [[r.AmbientOcclusionMipLevelFactor:0.4]]
[2024.04.11-09.16.00:908][  0]LogConfig: Setting CVar [[r.AmbientOcclusionMaxQuality:100]]
[2024.04.11-09.16.00:908][  0]LogConfig: Setting CVar [[r.AmbientOcclusionLevels:-1]]
[2024.04.11-09.16.00:908][  0]LogConfig: Setting CVar [[r.AmbientOcclusionRadiusScale:1.0]]
[2024.04.11-09.16.00:908][  0]LogConfig: Setting CVar [[r.DepthOfFieldQuality:2]]
[2024.04.11-09.16.00:908][  0]LogConfig: Setting CVar [[r.RenderTargetPoolMin:400]]
[2024.04.11-09.16.00:908][  0]LogConfig: Setting CVar [[r.LensFlareQuality:2]]
[2024.04.11-09.16.00:908][  0]LogConfig: Setting CVar [[r.SceneColorFringeQuality:1]]
[2024.04.11-09.16.00:908][  0]LogConfig: Setting CVar [[r.EyeAdaptationQuality:2]]
[2024.04.11-09.16.00:908][  0]LogConfig: Setting CVar [[r.BloomQuality:5]]
[2024.04.11-09.16.00:908][  0]LogConfig: Setting CVar [[r.FastBlurThreshold:100]]
[2024.04.11-09.16.00:908][  0]LogConfig: Setting CVar [[r.Upscale.Quality:3]]
[2024.04.11-09.16.00:908][  0]LogConfig: Setting CVar [[r.Tonemapper.GrainQuantization:1]]
[2024.04.11-09.16.00:908][  0]LogConfig: Setting CVar [[r.LightShaftQuality:1]]
[2024.04.11-09.16.00:908][  0]LogConfig: Setting CVar [[r.Filter.SizeScale:1]]
[2024.04.11-09.16.00:908][  0]LogConfig: Setting CVar [[r.Tonemapper.Quality:5]]
[2024.04.11-09.16.00:908][  0]LogConfig: Setting CVar [[r.DOF.Gather.AccumulatorQuality:1        ; higher gathering accumulator quality]]
[2024.04.11-09.16.00:908][  0]LogConfig: Setting CVar [[r.DOF.Gather.PostfilterMethod:1          ; Median3x3 postfilering method]]
[2024.04.11-09.16.00:908][  0]LogConfig: Setting CVar [[r.DOF.Gather.EnableBokehSettings:0       ; no bokeh simulation when gathering]]
[2024.04.11-09.16.00:908][  0]LogConfig: Setting CVar [[r.DOF.Gather.RingCount:4                 ; medium number of samples when gathering]]
[2024.04.11-09.16.00:908][  0]LogConfig: Setting CVar [[r.DOF.Scatter.ForegroundCompositing:1    ; additive foreground scattering]]
[2024.04.11-09.16.00:908][  0]LogConfig: Setting CVar [[r.DOF.Scatter.BackgroundCompositing:2    ; additive background scattering]]
[2024.04.11-09.16.00:908][  0]LogConfig: Setting CVar [[r.DOF.Scatter.EnableBokehSettings:1      ; bokeh simulation when scattering]]
[2024.04.11-09.16.00:908][  0]LogConfig: Setting CVar [[r.DOF.Scatter.MaxSpriteRatio:0.1         ; only a maximum of 10% of scattered bokeh]]
[2024.04.11-09.16.00:908][  0]LogConfig: Setting CVar [[r.DOF.Recombine.Quality:1                ; cheap slight out of focus]]
[2024.04.11-09.16.00:908][  0]LogConfig: Setting CVar [[r.DOF.Recombine.EnableBokehSettings:0    ; no bokeh simulation on slight out of focus]]
[2024.04.11-09.16.00:908][  0]LogConfig: Setting CVar [[r.DOF.TemporalAAQuality:1                ; more stable temporal accumulation]]
[2024.04.11-09.16.00:908][  0]LogConfig: Setting CVar [[r.DOF.Kernel.MaxForegroundRadius:0.025]]
[2024.04.11-09.16.00:908][  0]LogConfig: Setting CVar [[r.DOF.Kernel.MaxBackgroundRadius:0.025]]
[2024.04.11-09.16.00:908][  0]LogConfig: Applying CVar settings from Section [TextureQuality@3] File [D:/Unreal Engine/Projects/BuildingProject/Saved/Config/Windows/Scalability.ini]
[2024.04.11-09.16.00:908][  0]LogConfig: Setting CVar [[r.Streaming.MipBias:0]]
[2024.04.11-09.16.00:908][  0]LogConfig: Setting CVar [[r.Streaming.AmortizeCPUToGPUCopy:0]]
[2024.04.11-09.16.00:908][  0]LogConfig: Setting CVar [[r.Streaming.MaxNumTexturesToStreamPerFrame:0]]
[2024.04.11-09.16.00:908][  0]LogConfig: Setting CVar [[r.Streaming.Boost:1]]
[2024.04.11-09.16.00:909][  0]LogConfig: Setting CVar [[r.MaxAnisotropy:8]]
[2024.04.11-09.16.00:909][  0]LogConfig: Setting CVar [[r.VT.MaxAnisotropy:8]]
[2024.04.11-09.16.00:909][  0]LogConfig: Setting CVar [[r.Streaming.LimitPoolSizeToVRAM:0]]
[2024.04.11-09.16.00:909][  0]LogConfig: Setting CVar [[r.Streaming.PoolSize:1000]]
[2024.04.11-09.16.00:909][  0]LogConfig: Setting CVar [[r.Streaming.MaxEffectiveScreenSize:0]]
[2024.04.11-09.16.00:909][  0]LogConfig: Applying CVar settings from Section [EffectsQuality@3] File [D:/Unreal Engine/Projects/BuildingProject/Saved/Config/Windows/Scalability.ini]
[2024.04.11-09.16.00:909][  0]LogConfig: Setting CVar [[r.TranslucencyLightingVolumeDim:64]]
[2024.04.11-09.16.00:909][  0]LogConfig: Setting CVar [[r.RefractionQuality:2]]
[2024.04.11-09.16.00:909][  0]LogConfig: Setting CVar [[r.SSR.Quality:3]]
[2024.04.11-09.16.00:909][  0]LogConfig: Setting CVar [[r.SSR.HalfResSceneColor:0]]
[2024.04.11-09.16.00:909][  0]LogConfig: Setting CVar [[r.SceneColorFormat:4]]
[2024.04.11-09.16.00:909][  0]LogConfig: Setting CVar [[r.DetailMode:2]]
[2024.04.11-09.16.00:909][  0]LogConfig: Setting CVar [[r.TranslucencyVolumeBlur:1]]
[2024.04.11-09.16.00:909][  0]LogConfig: Setting CVar [[r.MaterialQualityLevel:1 ; High quality]]
[2024.04.11-09.16.00:909][  0]LogConfig: Setting CVar [[r.AnisotropicMaterials:1]]
[2024.04.11-09.16.00:909][  0]LogConfig: Setting CVar [[r.SSS.Scale:1]]
[2024.04.11-09.16.00:909][  0]LogConfig: Setting CVar [[r.SSS.SampleSet:2]]
[2024.04.11-09.16.00:909][  0]LogConfig: Setting CVar [[r.SSS.Quality:1]]
[2024.04.11-09.16.00:909][  0]LogConfig: Setting CVar [[r.SSS.HalfRes:0]]
[2024.04.11-09.16.00:909][  0]LogConfig: Setting CVar [[r.SSGI.Quality:3]]
[2024.04.11-09.16.00:909][  0]LogConfig: Setting CVar [[r.EmitterSpawnRateScale:1.0]]
[2024.04.11-09.16.00:909][  0]LogConfig: Setting CVar [[r.ParticleLightQuality:2]]
[2024.04.11-09.16.00:909][  0]LogConfig: Setting CVar [[r.SkyAtmosphere.AerialPerspectiveLUT.FastApplyOnOpaque:1 ; Always have FastSkyLUT 1 in this case to avoid wrong sky]]
[2024.04.11-09.16.00:909][  0]LogConfig: Setting CVar [[r.SkyAtmosphere.AerialPerspectiveLUT.SampleCountMaxPerSlice:4]]
[2024.04.11-09.16.00:909][  0]LogConfig: Setting CVar [[r.SkyAtmosphere.AerialPerspectiveLUT.DepthResolution:16.0]]
[2024.04.11-09.16.00:909][  0]LogConfig: Setting CVar [[r.SkyAtmosphere.FastSkyLUT:1]]
[2024.04.11-09.16.00:909][  0]LogConfig: Setting CVar [[r.SkyAtmosphere.FastSkyLUT.SampleCountMin:4.0]]
[2024.04.11-09.16.00:909][  0]LogConfig: Setting CVar [[r.SkyAtmosphere.FastSkyLUT.SampleCountMax:128.0]]
[2024.04.11-09.16.00:909][  0]LogConfig: Setting CVar [[r.SkyAtmosphere.SampleCountMin:4.0]]
[2024.04.11-09.16.00:909][  0]LogConfig: Setting CVar [[r.SkyAtmosphere.SampleCountMax:128.0]]
[2024.04.11-09.16.00:909][  0]LogConfig: Setting CVar [[r.SkyAtmosphere.TransmittanceLUT.UseSmallFormat:0]]
[2024.04.11-09.16.00:909][  0]LogConfig: Setting CVar [[r.SkyAtmosphere.TransmittanceLUT.SampleCount:10.0]]
[2024.04.11-09.16.00:909][  0]LogConfig: Setting CVar [[r.SkyAtmosphere.MultiScatteringLUT.SampleCount:15.0]]
[2024.04.11-09.16.00:909][  0]LogConfig: Setting CVar [[r.SkyLight.RealTimeReflectionCapture:1]]
[2024.04.11-09.16.00:909][  0]LogConfig: Applying CVar settings from Section [FoliageQuality@3] File [D:/Unreal Engine/Projects/BuildingProject/Saved/Config/Windows/Scalability.ini]
[2024.04.11-09.16.00:909][  0]LogConfig: Setting CVar [[foliage.DensityScale:1.0]]
[2024.04.11-09.16.00:909][  0]LogConfig: Setting CVar [[grass.DensityScale:1.0]]
[2024.04.11-09.16.00:909][  0]LogConfig: Applying CVar settings from Section [ShadingQuality@3] File [D:/Unreal Engine/Projects/BuildingProject/Saved/Config/Windows/Scalability.ini]
[2024.04.11-09.16.00:909][  0]LogConfig: Setting CVar [[r.HairStrands.SkyLighting.IntegrationType:2]]
[2024.04.11-09.16.00:909][  0]LogConfig: Setting CVar [[r.HairStrands.SkyAO.SampleCount:4]]
[2024.04.11-09.16.00:909][  0]LogConfig: Setting CVar [[r.HairStrands.Visibility.MSAA.SamplePerPixel:4]]
[2024.04.11-09.16.00:909][  0]LogConfig: Applying CVar settings from Section [Startup] File [../../../Engine/Config/ConsoleVariables.ini]
[2024.04.11-09.16.00:909][  0]LogConfig: Setting CVar [[net.UseAdaptiveNetUpdateFrequency:0]]
[2024.04.11-09.16.00:909][  0]LogConfig: Setting CVar [[p.chaos.AllowCreatePhysxBodies:1]]
[2024.04.11-09.16.00:909][  0]LogConfig: Setting CVar [[fx.SkipVectorVMBackendOptimizations:1]]
[2024.04.11-09.16.00:909][  0]LogConfig: Applying CVar settings from Section [ConsoleVariables] File [D:/Unreal Engine/Projects/BuildingProject/Saved/Config/Windows/Engine.ini]
[2024.04.11-09.16.00:909][  0]LogConfig: Applying CVar settings from Section [ConsoleVariables] File [D:/Unreal Engine/Projects/BuildingProject/Saved/Config/Windows/Editor.ini]
[2024.04.11-09.16.00:909][  0]LogInit: Computer: KOMPUTER
[2024.04.11-09.16.00:909][  0]LogInit: User: Danila
[2024.04.11-09.16.00:909][  0]LogInit: CPU Page size=4096, Cores=12
[2024.04.11-09.16.00:909][  0]LogInit: High frequency timer resolution =10.000000 MHz
[2024.04.11-09.16.00:910][  0]LogMemory: Memory total: Physical=15.9GB (16GB approx)
[2024.04.11-09.16.00:910][  0]LogMemory: Platform Memory Stats for Windows
[2024.04.11-09.16.00:910][  0]LogMemory: Process Physical Memory: 149.43 MB used, 149.43 MB peak
[2024.04.11-09.16.00:910][  0]LogMemory: Process Virtual Memory: 127.45 MB used, 127.45 MB peak
[2024.04.11-09.16.00:910][  0]LogMemory: Physical Memory: 11869.63 MB used,  4419.57 MB free, 16289.21 MB total
[2024.04.11-09.16.00:910][  0]LogMemory: Virtual Memory: 134168992.00 MB used,  48735.84 MB free, 134217728.00 MB total
[2024.04.11-09.16.00:917][  0]LogWindows: WindowsPlatformFeatures enabled
[2024.04.11-09.16.00:979][  0]LogInit: Physics initialised using underlying interface: PhysX
[2024.04.11-09.16.00:979][  0]LogInit: Using OS detected language (ru-RU).
[2024.04.11-09.16.00:979][  0]LogInit: Using OS detected locale (ru-RU).
[2024.04.11-09.16.00:982][  0]LogTextLocalizationManager: No specific localization for 'ru-RU' exists, so the 'ru' localization will be used.
[2024.04.11-09.16.00:982][  0]LogTextLocalizationResource: LocRes '../../../Engine/Content/Localization/Editor/ru/Editor.locres' could not be opened for reading!
[2024.04.11-09.16.00:982][  0]LogTextLocalizationResource: LocRes '../../../Engine/Content/Localization/EditorTutorials/ru/EditorTutorials.locres' could not be opened for reading!
[2024.04.11-09.16.00:983][  0]LogTextLocalizationResource: LocRes '../../../Engine/Content/Localization/Keywords/ru/Keywords.locres' could not be opened for reading!
[2024.04.11-09.16.00:983][  0]LogTextLocalizationResource: LocRes '../../../Engine/Content/Localization/Category/ru/Category.locres' could not be opened for reading!
[2024.04.11-09.16.00:983][  0]LogTextLocalizationResource: LocRes '../../../Engine/Content/Localization/ToolTips/ru/ToolTips.locres' could not be opened for reading!
[2024.04.11-09.16.00:983][  0]LogTextLocalizationResource: LocRes '../../../Engine/Content/Localization/PropertyNames/ru/PropertyNames.locres' could not be opened for reading!
[2024.04.11-09.16.00:983][  0]LogTextLocalizationResource: LocRes '../../../Engine/Content/Localization/Engine/ru/Engine.locres' could not be opened for reading!
[2024.04.11-09.16.11:227][  0]LogTargetPlatformManager: Display: Loaded TargetPlatform 'AllDesktop'
[2024.04.11-09.16.11:253][  0]LogTargetPlatformManager: Display: Loaded TargetPlatform 'Android'
[2024.04.11-09.16.11:253][  0]LogTargetPlatformManager: Display: Loaded TargetPlatform 'Android_ASTC'
[2024.04.11-09.16.11:253][  0]LogTargetPlatformManager: Display: Loaded TargetPlatform 'Android_DXT'
[2024.04.11-09.16.11:253][  0]LogTargetPlatformManager: Display: Loaded TargetPlatform 'Android_ETC2'
[2024.04.11-09.16.11:253][  0]LogTargetPlatformManager: Display: Loaded TargetPlatform 'AndroidClient'
[2024.04.11-09.16.11:253][  0]LogTargetPlatformManager: Display: Loaded TargetPlatform 'Android_ASTCClient'
[2024.04.11-09.16.11:253][  0]LogTargetPlatformManager: Display: Loaded TargetPlatform 'Android_DXTClient'
[2024.04.11-09.16.11:253][  0]LogTargetPlatformManager: Display: Loaded TargetPlatform 'Android_ETC2Client'
[2024.04.11-09.16.11:253][  0]LogTargetPlatformManager: Display: Loaded TargetPlatform 'Android_Multi'
[2024.04.11-09.16.11:255][  0]LogTargetPlatformManager: Display: Loaded TargetPlatform 'Android_MultiClient'
[2024.04.11-09.16.11:278][  0]LogTargetPlatformManager: Display: Loaded TargetPlatform 'IOSClient'
[2024.04.11-09.16.11:278][  0]LogTargetPlatformManager: Display: Loaded TargetPlatform 'IOS'
[2024.04.11-09.16.11:288][  0]LogTargetPlatformManager: Display: Loaded TargetPlatform 'Linux'
[2024.04.11-09.16.11:295][  0]LogTargetPlatformManager: Display: Loaded TargetPlatform 'LinuxNoEditor'
[2024.04.11-09.16.11:301][  0]LogTargetPlatformManager: Display: Loaded TargetPlatform 'LinuxClient'
[2024.04.11-09.16.11:306][  0]LogTargetPlatformManager: Display: Loaded TargetPlatform 'LinuxServer'
[2024.04.11-09.16.11:317][  0]LogTargetPlatformManager: Display: Loaded TargetPlatform 'LinuxAArch64NoEditor'
[2024.04.11-09.16.11:323][  0]LogTargetPlatformManager: Display: Loaded TargetPlatform 'LinuxAArch64Client'
[2024.04.11-09.16.11:330][  0]LogTargetPlatformManager: Display: Loaded TargetPlatform 'LinuxAArch64Server'
[2024.04.11-09.16.11:356][  0]LogTargetPlatformManager: Display: Loaded TargetPlatform 'Lumin'
[2024.04.11-09.16.11:356][  0]LogTargetPlatformManager: Display: Loaded TargetPlatform 'LuminClient'
[2024.04.11-09.16.11:369][  0]LogTargetPlatformManager: Display: Loaded TargetPlatform 'MacNoEditor'
[2024.04.11-09.16.11:376][  0]LogTargetPlatformManager: Display: Loaded TargetPlatform 'Mac'
[2024.04.11-09.16.11:382][  0]LogTargetPlatformManager: Display: Loaded TargetPlatform 'MacClient'
[2024.04.11-09.16.11:389][  0]LogTargetPlatformManager: Display: Loaded TargetPlatform 'MacServer'
[2024.04.11-09.16.11:401][  0]LogTargetPlatformManager: Display: Loaded TargetPlatform 'TVOSClient'
[2024.04.11-09.16.11:401][  0]LogTargetPlatformManager: Display: Loaded TargetPlatform 'TVOS'
[2024.04.11-09.16.11:413][  0]LogTargetPlatformManager: Display: Loaded TargetPlatform 'WindowsNoEditor'
[2024.04.11-09.16.11:420][  0]LogTargetPlatformManager: Display: Loaded TargetPlatform 'Windows'
[2024.04.11-09.16.11:426][  0]LogTargetPlatformManager: Display: Loaded TargetPlatform 'WindowsClient'
[2024.04.11-09.16.11:432][  0]LogTargetPlatformManager: Display: Loaded TargetPlatform 'WindowsServer'
[2024.04.11-09.16.11:432][  0]LogTargetPlatformManager: Display: Building Assets For Windows
[2024.04.11-09.16.11:444][  0]LogAudioDebug: Display: Lib vorbis DLL was dynamically loaded.
[2024.04.11-09.16.11:485][  0]LogTextureFormatOodle: Display: Oodle Texture 2.9.0 init RDO Off
[2024.04.11-09.16.11:532][  0]LogRendererCore: Ray tracing is disabled. Reason: r.RayTracing=0.
[2024.04.11-09.16.11:533][  0]LogDerivedDataCache: Display: Max Cache Size: 512 MB
[2024.04.11-09.16.11:533][  0]LogDerivedDataCache: Display: Starting with empty Boot cache
[2024.04.11-09.16.11:533][  0]LogDerivedDataCache: FDerivedDataBackendGraph:  Pak pak cache file ../../../../Projects/BuildingProject/DerivedDataCache/DDC.ddp not found, will not use a pak cache.
[2024.04.11-09.16.11:533][  0]LogDerivedDataCache: Unable to find inner node Pak for hierarchical cache Hierarchy.
[2024.04.11-09.16.14:267][  0]LogDerivedDataCache: Speed tests for ../../../Engine/DerivedDataCache took 2.73 seconds
[2024.04.11-09.16.14:267][  0]LogDerivedDataCache: Display: Performance to ../../../Engine/DerivedDataCache: Latency=88.56ms. RandomReadSpeed=0.63MBs, RandomWriteSpeed=4.89MBs. Assigned SpeedClass 'Slow'
[2024.04.11-09.16.14:267][  0]LogDerivedDataCache: Warning: Access to ../../../Engine/DerivedDataCache appears to be slow. 'Touch' will be disabled and queries/writes will be limited.
[2024.04.11-09.16.14:268][  0]LogDerivedDataCache: Using Local data cache path ../../../Engine/DerivedDataCache: Writable
[2024.04.11-09.16.14:301][  0]LogAssetRegistry: FAssetRegistry took 0.0021 seconds to start up
[2024.04.11-09.16.15:499][  0]LogInit: Selected Device Profile: [Windows]
[2024.04.11-09.16.15:499][  0]LogInit: Active device profile: [000001AC9F69B000][000001AC997FB8C0 49] Windows
[2024.04.11-09.16.15:500][  0]LogInit: Profiles: [000001AC9F69B000][000001AC997FB8C0 49] Windows, [000001AC9F649200][000001AC9E01BA40 49] WindowsNoEditor, [000001AC9F699200][000001AC91AF5BC0 49] WindowsServer, [000001AC9F64A800][000001AC91AF81C0 49] WindowsClient, [000001AC9F69A700][000001AC91AFC340 49] IOS, [000001AC9F649B00][000001AC9E010480 49] iPadAir, [000001AC9F699A00][000001AC91B005C0 49] iPadAir2, [000001AC9F5EF600][000001AC91B0E800 49] IPadPro, [000001AC9F5EF700][000001AC91B04840 49] iPadAir3, [000001AC9F69A100][000001AC9CD9E9C0 49] iPadAir4, [000001AC9F5ED700][000001AC9CDA2B40 49] iPadMini2, [000001AC9F69AD00][000001AC9CDA6CC0 49] iPadMini3, [000001AC9F5EE200][000001AC9CDAAE40 49] iPadMini4, [000001AC9F699300][000001AC9CDAEFC0 49] iPadMini5, [000001AC9F636F00][000001AC9CDB7280 49] iPhone6, [000001AC9F637000][000001AC9CDB32C0 49] iPodTouch6, [000001AC9F5EC900][000001AC9CDBF580 49] iPhone7, [000001AC9F5EC800][000001AC9CDBB5C0 49] iPodTouch7, [000001AC9F635600][000001AC9CDC3740 49] iPhone5S, [000001AC9F5EF400][000001AC9CDC78C0 49] iPhone6Plus, [000001AC9F636300][000001AC9CDCBA40 49] iPhone6S, [000001AC9F5EFC00][000001AC9CEDDBC0 49] iPhone6SPlus, [000001AC9F637800][000001AC9CEE01C0 49] iPhone7Plus, [000001AC9F5ED900][000001AC9CEE4340 49] iPhoneSE, [000001AC9F635800][000001AC9CEE84C0 49] iPhone8, [000001AC9F5EF300][000001AC9CD9A600 49] iPhone8Plus, [000001AC9F637100][000001AC9CEEC740 49] iPhoneX, [000001AC9F5EED00][000001AC9CEF0880 49] iPhoneXS, [000001AC9F634D00][000001AC9CEF49C0 49] iPhoneXSMax, [000001AC9F5EE400][000001AC9CEFCB40 49] iPhoneXR, [000001AC9F637900][000001AC9CF00CC0 49] iPhone11, [000001AC9F5EC600][000001AC9CF04E40 49] iPhone11Pro, [000001AC9F635700][000001AC9CF08FC0 49] iPhone11ProMax, [000001AC9F5ECD00][000001AC9CF0D140 49] iPhoneSE2, [000001AC9F635000][000001AC9CF112C0 49] iPhone12Mini, [000001AC9F5EF900][000001AC9CF15440 49] iPhone12, [000001AC9F636A00][000001AC9CF195C0 49] iPhone12Pro, [000001AC9F5EC300][000001AC9CF1D740 49] iPhone12ProMax, [000001AC9F635B00][000001AC9CF218C0 49] iPadPro105, [000001AC9F5EF200][000001AC9CF25A40 49] iPadPro129, [000001AC9F637300][000001AC9CF29BC0 49] iPadPro97, [000001AC9F5EE100][000001AC9CF2C1C0 49] iPadPro2_129, [000001AC9F636E00][000001AC9CF30340 49] iPad5, [000001AC9F5EEC00][000001AC9CF344C0 49] iPad6, [000001AC9F634900][000001AC9CF38640 49] iPad7, [000001AC9F5EF000][000001AC9CF3C7C0 49] iPad8, [000001AC9F636100][000001AC9CEF8900 49] iPadPro11, [000001AC9F5EF500][000001AC9CF40A40 49] iPadPro2_11, [000001AC9F634C00][000001AC9CF44B80 49] iPadPro3_129, [000001AC9F5EDC00][000001AC9CF4CD00 49] iPadPro4_129, [000001AC9F634100][000001AC9CF50E80 49] AppleTV, [000001AC9F5EFD00][000001AC9CF55000 49] AppleTV4K, [000001AC9F635900][000001AC9CF59180 49] TVOS, [000001AC9F5ED400][000001AC9CF5D300 49] Mac, [000001AC9F64A900][000001AC9CF61480 49] MacClient, [000001AC9F6C8B00][000001AC9CF65600 49] MacNoEditor, [000001AC9F649000][000001AC9CF69780 49] MacServer, [000001AC9F6C9300][000001AC9CF6D900 49] Linux, [000001AC9F64B200][000001AC9CF71A80 49] LinuxAArch64, [000001AC9F6C8300][000001AC9CF75C00 49] LinuxNoEditor, [000001AC9F64AD00][000001AC9CF78200 49] LinuxAArch64NoEditor, [000001AC9F6C9800][000001AC9CF7C380 49] LinuxClient, [000001AC9F648900][000001AC9F950500 49] LinuxAArch64Client, [000001AC9F6C8100][000001AC9F954680 49] LinuxServer, [000001AC9F64A000][000001AC9F958800 49] LinuxAArch64Server, [000001AC9F6C9500][000001AC9F95C980 49] Android, [000001AC9F64A400][000001AC9CF48AC0 49] Android_Low, [000001AC9F6C9600][000001AC9F960C00 49] Android_Mid, [000001AC9F648700][000001AC9F964D40 49] Android_High, [000001AC9F6C8C00][000001AC9F96CEC0 49] Android_Default, [000001AC9F64BF00][000001AC9F971040 49] Android_Adreno4xx, [000001AC9F6C8D00][000001AC9F9751C0 49] Android_Adreno5xx_Low, [000001AC9F64AA00][000001AC9F979340 49] Android_Adreno5xx, [000001AC9F6C8400][000001AC9F97D4C0 49] Android_Adreno6xx, [000001AC9F5EF100][000001AC9F981640 49] Android_Adreno6xx_Vulkan, [000001AC9F635400][000001AC9F9857C0 49] Android_Mali_T6xx, [000001AC9F5ECA00][000001AC9F989940 49] Android_Mali_T7xx, [000001AC9F635300][000001AC9F98DAC0 49] Android_Mali_T8xx, [000001AC9F5EDF00][000001AC9F9900C0 49] Android_Mali_G71, [000001AC9F634600][000001AC9F994240 49] Android_Mali_G72, [000001AC9F5EEB00][000001AC9F9983C0 49] Android_Mali_G72_Vulkan, [000001AC9F634E00][000001AC9F99C540 49] Android_Mali_G76, [000001AC9F5EEE00][000001AC9F9A06C0 49] Android_Mali_G76_Vulkan, [000001AC9F635E00][000001AC9F9A4840 49] Android_Mali_G77, [000001AC9F5EDA00][000001AC9F9A89C0 49] Android_Mali_G77_Vulkan, [000001AC9F636B00][000001AC9F9ACB40 49] Android_Mali_G78, [000001AC9F5EE000][000001AC9F968C80 49] Android_Mali_G78_Vulkan, [000001AC9F636200][000001AC9F9B0DC0 49] Android_Mali_G710, [000001AC9F5EC400][000001AC9F9B4F00 49] Android_Mali_G710_Vulkan, [000001AC9F6C8900][000001AC9F9B9040 49] Android_Vulkan_SM5, [000001AC9F5EFA00][000001AC9F9C11C0 49] Android_PowerVR_G6xxx, [000001AC9F6CA400][000001AC9F9C5340 49] Android_PowerVR_GT7xxx, [000001AC9F5ECF00][000001AC9F9C94C0 49] Android_PowerVR_GE8xxx, [000001AC9F6C9900][000001AC9F9CD640 49] Android_PowerVR_GM9xxx, [000001AC9F5EC700][000001AC9F9D17C0 49] Android_PowerVR_GM9xxx_Vulkan, [000001AC9F6C8700][000001AC9F9D5940 49] Android_TegraK1, [000001AC9F5ECC00][000001AC9F9D9AC0 49] Android_Unknown_Vulkan, [000001AC9F6C9200][000001AC9F9DC0C0 49] Lumin, [000001AC9F5EFF00][000001AC9F9E0240 49] Lumin_Desktop, [000001AC9F634F00][000001AC9F9E43C0 49] HoloLens, 
[2024.04.11-09.16.15:543][  0]LogMeshReduction: Using QuadricMeshReduction for automatic static mesh reduction
[2024.04.11-09.16.15:543][  0]LogMeshReduction: Using SimplygonMeshReduction for automatic skeletal mesh reduction
[2024.04.11-09.16.15:543][  0]LogMeshReduction: Using ProxyLODMeshReduction for automatic mesh merging
[2024.04.11-09.16.15:543][  0]LogMeshReduction: No distributed automatic mesh merging module available
[2024.04.11-09.16.15:543][  0]LogMeshMerging: No distributed automatic mesh merging module available
[2024.04.11-09.16.16:918][  0]LogNetVersion: BuildingProject 1.0.0, NetCL: 17155196, EngineNetVer: 17, GameNetVer: 0 (Checksum: 2393332515)
[2024.04.11-09.16.20:807][  0]LogHMD: PokeAHoleMaterial loaded successfully
[2024.04.11-09.16.21:176][  0]LogCollectionManager: Loaded 0 collections in 0.000860 seconds
[2024.04.11-09.16.21:178][  0]LogFileCache: Scanning file cache for directory 'D:/Unreal Engine/Projects/BuildingProject/Saved/Collections/' took 0.00s
[2024.04.11-09.16.21:178][  0]LogFileCache: Scanning file cache for directory 'D:/Unreal Engine/Projects/BuildingProject/Content/Developers/Danila/Collections/' took 0.00s
[2024.04.11-09.16.21:178][  0]LogFileCache: Scanning file cache for directory 'D:/Unreal Engine/Projects/BuildingProject/Content/Collections/' took 0.00s
[2024.04.11-09.16.21:178][  0]LogCollectionManager: Fixed up redirectors for 0 collections in 0.000002 seconds (updated 0 objects)
[2024.04.11-09.16.21:365][  0]LogNiagaraDebuggerClient: Niagara Debugger Client Initialized | Session: A520793645DF350E878D13B22594F672 | Instance: 478600EA4E678DB6A403218FA260B933 (KOMPUTER-8792).
[2024.04.11-09.16.21:401][  0]LogPython: Using Python 3.7.7
[2024.04.11-09.16.22:944][  0]SourceControl: Source control is disabled
[2024.04.11-09.16.22:944][  0]SourceControl: Source control is disabled
[2024.04.11-09.16.22:949][  0]SourceControl: Source control is disabled
[2024.04.11-09.16.22:953][  0]SourceControl: Source control is disabled
[2024.04.11-09.16.22:961][  0]SourceControl: Source control is disabled
[2024.04.11-09.16.22:968][  0]LogUProjectInfo: Found projects:
[2024.04.11-09.16.23:231][  0]LogOpenImageDenoise: OIDN starting up
[2024.04.11-09.16.23:267][  0]LogAndroidPermission: UAndroidPermissionCallbackProxy::GetInstance
[2024.04.11-09.16.23:295][  0]LogAudioCaptureCore: Display: No Audio Capture implementations found. Audio input will be silent.
[2024.04.11-09.16.23:295][  0]LogAudioCaptureCore: Display: No Audio Capture implementations found. Audio input will be silent.
[2024.04.11-09.16.25:521][  0]LogOcInput: OculusInput pre-init called
[2024.04.11-09.16.26:653][  0]LogUObjectArray: 23044 objects as part of root set at end of initial load.
[2024.04.11-09.16.26:653][  0]LogUObjectAllocator: 6348224 out of 0 bytes used by permanent object pool.
[2024.04.11-09.16.26:653][  0]LogUObjectArray: CloseDisregardForGC: 0/0 objects in disregard for GC pool
[2024.04.11-09.16.26:693][  0]LogInit: Error: VisualStudioToolsCommandlet looked like a commandlet, but we could not find the class.
[2024.04.11-09.16.26:722][  0]LogCore: Engine exit requested (reason: Failed to find commandlet class VisualStudioToolsCommandlet)
[2024.04.11-09.16.26:722][  0]LogCore: Engine exit requested (reason: EngineExit() was called; note: exit was already requested)
[2024.04.11-09.16.27:078][  0]LogExit: Preparing to exit.
[2024.04.11-09.16.27:438][  0]LogUObjectHash: Compacting FUObjectHashTables data took   0.97ms
[2024.04.11-09.16.32:167][  0]LogDemo: Cleaned up 0 splitscreen connections with owner deletion
[2024.04.11-09.16.48:043][  0]LogExit: Object subsystem successfully closed.
[2024.04.11-09.16.54:859][  0]LogModuleManager: Shutting down and abandoning module AudioSynesthesiaEditor (594)
[2024.04.11-09.16.54:860][  0]LogModuleManager: Shutting down and abandoning module OculusEditor (592)
[2024.04.11-09.16.55:042][  0]LogModuleManager: Shutting down and abandoning module OculusInput (590)
[2024.04.11-09.16.55:042][  0]LogModuleManager: Shutting down and abandoning module ContentBrowserFileDataSource (588)
[2024.04.11-09.16.55:042][  0]LogModuleManager: Shutting down and abandoning module ContentBrowserClassDataSource (586)
[2024.04.11-09.16.55:042][  0]LogModuleManager: Shutting down and abandoning module ContentBrowserAssetDataSource (584)
[2024.04.11-09.16.55:042][  0]LogModuleManager: Shutting down and abandoning module ToolMenus (583)
[2024.04.11-09.16.55:042][  0]LogModuleManager: Shutting down and abandoning module LightPropagationVolumeEditor (580)
[2024.04.11-09.16.55:042][  0]LogModuleManager: Shutting down and abandoning module TakeSequencer (578)
[2024.04.11-09.16.55:149][  0]LogModuleManager: Shutting down and abandoning module TakeMovieScene (576)
[2024.04.11-09.16.55:149][  0]LogModuleManager: Shutting down and abandoning module ScreenshotTools (574)
[2024.04.11-09.16.55:149][  0]LogModuleManager: Shutting down and abandoning module SynthesisEditor (572)
[2024.04.11-09.16.55:149][  0]LogModuleManager: Shutting down and abandoning module Synthesis (570)
[2024.04.11-09.16.55:389][  0]LogModuleManager: Shutting down and abandoning module ProceduralMeshComponentEditor (568)
[2024.04.11-09.16.55:419][  0]LogModuleManager: Shutting down and abandoning module ProceduralMeshComponent (566)
[2024.04.11-09.16.55:419][  0]LogModuleManager: Shutting down and abandoning module OpenXREditor (564)
[2024.04.11-09.16.55:419][  0]LogModuleManager: Shutting down and abandoning module MobilePatchingUtils (562)
[2024.04.11-09.16.55:447][  0]LogModuleManager: Shutting down and abandoning module GooglePAD (560)
[2024.04.11-09.16.55:447][  0]LogModuleManager: Shutting down and abandoning module EditableMesh (558)
[2024.04.11-09.16.55:488][  0]LogModuleManager: Shutting down and abandoning module CustomMeshComponent (556)
[2024.04.11-09.16.55:489][  0]LogModuleManager: Shutting down and abandoning module CableComponent (554)
[2024.04.11-09.16.55:489][  0]LogModuleManager: Shutting down and abandoning module AudioCapture (552)
[2024.04.11-09.16.55:489][  0]LogModuleManager: Shutting down and abandoning module AudioCaptureRtAudio (551)
[2024.04.11-09.16.55:503][  0]LogModuleManager: Shutting down and abandoning module AssetTags (548)
[2024.04.11-09.16.55:503][  0]LogModuleManager: Shutting down and abandoning module ArchVisCharacter (546)
[2024.04.11-09.16.55:503][  0]LogModuleManager: Shutting down and abandoning module AppleImageUtilsBlueprintSupport (544)
[2024.04.11-09.16.55:503][  0]LogModuleManager: Shutting down and abandoning module AppleImageUtils (542)
[2024.04.11-09.16.55:503][  0]LogModuleManager: Shutting down and abandoning module AndroidPermission (540)
[2024.04.11-09.16.55:503][  0]LogModuleManager: Shutting down and abandoning module ActorLayerUtilitiesEditor (538)
[2024.04.11-09.16.55:575][  0]LogModuleManager: Shutting down and abandoning module ActorLayerUtilities (536)
[2024.04.11-09.16.55:575][  0]LogModuleManager: Shutting down and abandoning module TemplateSequence (534)
[2024.04.11-09.16.55:691][  0]LogModuleManager: Shutting down and abandoning module MediaCompositing (532)
[2024.04.11-09.16.55:691][  0]LogModuleManager: Shutting down and abandoning module MagicLeapSharedWorld (530)
[2024.04.11-09.16.55:691][  0]LogModuleManager: Shutting down and abandoning module MagicLeapLightEstimation (528)
[2024.04.11-09.16.55:691][  0]LogModuleManager: Shutting down and abandoning module MagicLeapHelperVulkan (526)
[2024.04.11-09.16.55:691][  0]LogModuleManager: Shutting down and abandoning module MagicLeapHelperOpenGL (524)
[2024.04.11-09.16.55:691][  0]LogModuleManager: Shutting down and abandoning module MagicLeapAudio (522)
[2024.04.11-09.16.55:712][  0]LogModuleManager: Shutting down and abandoning module OpenImageDenoise (520)
[2024.04.11-09.16.55:712][  0]LogOpenImageDenoise: OIDN shutting down
[2024.04.11-09.16.55:712][  0]LogModuleManager: Shutting down and abandoning module MotoSynthEditor (518)
[2024.04.11-09.16.55:712][  0]LogModuleManager: Shutting down and abandoning module MotoSynth (516)
[2024.04.11-09.16.55:712][  0]LogModuleManager: Shutting down and abandoning module MeshConversion (514)
[2024.04.11-09.16.55:733][  0]LogModuleManager: Shutting down and abandoning module DynamicMesh (512)
[2024.04.11-09.16.55:778][  0]LogModuleManager: Shutting down and abandoning module GeometryAlgorithms (510)
[2024.04.11-09.16.55:860][  0]LogModuleManager: Shutting down and abandoning module GeometricObjects (508)
[2024.04.11-09.16.55:975][  0]LogModuleManager: Shutting down and abandoning module NiagaraEditorWidgets (506)
[2024.04.11-09.16.56:442][  0]LogModuleManager: Shutting down and abandoning module GeometryCollectionTracks (504)
[2024.04.11-09.16.56:442][  0]LogModuleManager: Shutting down and abandoning module GeometryCollectionSequencer (503)
[2024.04.11-09.16.56:442][  0]LogModuleManager: Shutting down and abandoning module GeometryCollectionEditor (500)
[2024.04.11-09.16.56:442][  0]LogModuleManager: Shutting down and abandoning module GeometryCacheTracks (498)
[2024.04.11-09.16.56:442][  0]LogModuleManager: Shutting down and abandoning module GeometryCacheStreamer (496)
[2024.04.11-09.16.56:527][  0]LogModuleManager: Shutting down and abandoning module GeometryCacheSequencer (494)
[2024.04.11-09.16.56:528][  0]LogModuleManager: Shutting down and abandoning module ChaosSolverEditor (492)
[2024.04.11-09.16.56:528][  0]LogModuleManager: Shutting down and abandoning module ChaosNiagara (490)
[2024.04.11-09.16.56:591][  0]LogModuleManager: Shutting down and abandoning module FractureEditor (488)
[2024.04.11-09.16.56:831][  0]LogModuleManager: Shutting down and abandoning module FieldSystemEngine (487)
[2024.04.11-09.16.56:831][  0]LogModuleManager: Shutting down and abandoning module ChaosClothEditor (484)
[2024.04.11-09.16.56:853][  0]LogModuleManager: Shutting down and abandoning module AutomationUtilsEditor (482)
[2024.04.11-09.16.56:853][  0]LogModuleManager: Shutting down and abandoning module AutomationUtils (480)
[2024.04.11-09.16.56:853][  0]LogModuleManager: Shutting down and abandoning module AlembicImporter (478)
[2024.04.11-09.16.56:853][  0]LogModuleManager: Shutting down and abandoning module AlembicLibrary (477)
[2024.04.11-09.16.56:853][  0]LogModuleManager: Shutting down and abandoning module GeometryCache (476)
[2024.04.11-09.16.56:853][  0]LogModuleManager: Shutting down and abandoning module GeometryCacheEd (475)
[2024.04.11-09.16.56:853][  0]LogModuleManager: Shutting down and abandoning module SpeedTreeImporter (470)
[2024.04.11-09.16.56:853][  0]LogModuleManager: Shutting down and abandoning module PluginBrowser (468)
[2024.04.11-09.16.57:396][  0]LogModuleManager: Shutting down and abandoning module VariantManagerContentEditor (466)
[2024.04.11-09.16.57:420][  0]LogModuleManager: Shutting down and abandoning module MobileLauncherProfileWizard (464)
[2024.04.11-09.16.57:543][  0]LogModuleManager: Shutting down and abandoning module DatasmithContentEditor (462)
[2024.04.11-09.16.57:694][  0]LogModuleManager: Shutting down and abandoning module MaterialAnalyzer (460)
[2024.04.11-09.16.57:749][  0]LogModuleManager: Shutting down and abandoning module CurveEditorTools (458)
[2024.04.11-09.16.57:994][  0]LogModuleManager: Shutting down and abandoning module CryptoKeysOpenSSL (456)
[2024.04.11-09.16.57:994][  0]LogModuleManager: Shutting down and abandoning module CryptoKeys (454)
[2024.04.11-09.16.57:994][  0]LogModuleManager: Shutting down and abandoning module VisualStudioSourceCodeAccess (452)
[2024.04.11-09.16.57:994][  0]LogModuleManager: Shutting down and abandoning module VisualStudioCodeSourceCodeAccess (450)
[2024.04.11-09.16.57:994][  0]LogModuleManager: Shutting down and abandoning module UObjectPlugin (448)
[2024.04.11-09.16.57:994][  0]LogModuleManager: Shutting down and abandoning module SubversionSourceControl (446)
[2024.04.11-09.16.58:144][  0]LogModuleManager: Shutting down and abandoning module PluginUtils (444)
[2024.04.11-09.16.58:266][  0]LogModuleManager: Shutting down and abandoning module PlasticSourceControl (442)
[2024.04.11-09.16.58:344][  0]LogModuleManager: Shutting down and abandoning module PerforceSourceControl (440)
[2024.04.11-09.16.58:749][  0]LogModuleManager: Shutting down and abandoning module GitSourceControl (438)
[2024.04.11-09.16.58:932][  0]LogModuleManager: Shutting down and abandoning module SourceControl (437)
[2024.04.11-09.16.58:978][  0]LogModuleManager: Shutting down and abandoning module CLionSourceCodeAccess (434)
[2024.04.11-09.16.58:978][  0]LogModuleManager: Shutting down and abandoning module OodleNetworkHandlerComponent (432)
[2024.04.11-09.16.58:978][  0]LogModuleManager: Shutting down and abandoning module AnimationSharingEd (430)
[2024.04.11-09.16.58:978][  0]LogModuleManager: Shutting down and abandoning module LiveLinkSequencer (428)
[2024.04.11-09.16.58:978][  0]LogModuleManager: Shutting down and abandoning module LiveLinkMovieScene (426)
[2024.04.11-09.16.58:978][  0]LogModuleManager: Shutting down and abandoning module LiveLinkGraphNode (424)
[2024.04.11-09.16.58:978][  0]LogModuleManager: Shutting down and abandoning module LiveLinkEditor (422)
[2024.04.11-09.16.59:051][  0]LogModuleManager: Shutting down and abandoning module LiveLinkComponents (420)
[2024.04.11-09.16.59:051][  0]LogModuleManager: Shutting down and abandoning module LiveLink (418)
[2024.04.11-09.16.59:912][  0]LogModuleManager: Shutting down and abandoning module PaperTiledImporter (416)
[2024.04.11-09.16.59:912][  0]LogModuleManager: Shutting down and abandoning module PaperSpriteSheetImporter (414)
[2024.04.11-09.16.59:942][  0]LogModuleManager: Shutting down and abandoning module Paper2DEditor (412)
[2024.04.11-09.17.00:348][  0]LogModuleManager: Shutting down and abandoning module MeshPaintingToolset (410)
[2024.04.11-09.17.00:369][  0]LogModuleManager: Shutting down and abandoning module MeshPaintEditorMode (408)
[2024.04.11-09.17.00:410][  0]LogModuleManager: Shutting down and abandoning module BuildingProject (406)
[2024.04.11-09.17.00:411][  0]LogModuleManager: Shutting down and abandoning module LightPropagationVolumeRuntime (404)
[2024.04.11-09.17.00:411][  0]LogModuleManager: Shutting down and abandoning module SoundFields (402)
[2024.04.11-09.17.00:411][  0]LogModuleManager: Shutting down and abandoning module SignificanceManager (400)
[2024.04.11-09.17.00:411][  0]LogModuleManager: Shutting down and abandoning module RuntimePhysXCooking (398)
[2024.04.11-09.17.00:411][  0]LogModuleManager: Shutting down and abandoning module PropertyAccessEditor (396)
[2024.04.11-09.17.00:563][  0]LogModuleManager: Shutting down and abandoning module PhysXVehiclesEditor (394)
[2024.04.11-09.17.00:563][  0]LogModuleManager: Shutting down and abandoning module LocationServicesBPLibrary (390)
[2024.04.11-09.17.00:563][  0]LogModuleManager: Shutting down and abandoning module AudioSynesthesia (388)
[2024.04.11-09.17.00:738][  0]LogModuleManager: Shutting down and abandoning module AudioSynesthesiaCore (386)
[2024.04.11-09.17.00:738][  0]LogModuleManager: Shutting down and abandoning module ActorSequence (384)
[2024.04.11-09.17.00:738][  0]LogModuleManager: Shutting down and abandoning module UdpMessaging (382)
[2024.04.11-09.17.00:738][  0]LogModuleManager: Shutting down and abandoning module TcpMessaging (380)
[2024.04.11-09.17.00:776][  0]LogModuleManager: Shutting down and abandoning module MagicLeapARPin (378)
[2024.04.11-09.17.00:776][  0]LogModuleManager: Shutting down and abandoning module MagicLeapHandMeshing (376)
[2024.04.11-09.17.00:776][  0]LogModuleManager: Shutting down and abandoning module MagicLeapSecureStorage (374)
[2024.04.11-09.17.00:776][  0]LogModuleManager: Shutting down and abandoning module MagicLeapPrivileges (372)
[2024.04.11-09.17.00:903][  0]LogModuleManager: Shutting down and abandoning module MagicLeapPlanes (370)
[2024.04.11-09.17.01:015][  0]LogMagicLeapPlanes: Planes tracker already destroyed.
[2024.04.11-09.17.01:015][  0]LogModuleManager: Shutting down and abandoning module MagicLeapImageTracker (368)
[2024.04.11-09.17.01:015][  0]LogModuleManager: Shutting down and abandoning module MagicLeapIdentity (366)
[2024.04.11-09.17.01:015][  0]LogModuleManager: Shutting down and abandoning module MagicLeapHandTracking (364)
[2024.04.11-09.17.01:030][  0]LogModuleManager: Shutting down and abandoning module MagicLeapEyeTracker (362)
[2024.04.11-09.17.01:030][  0]LogModuleManager: Shutting down and abandoning module MagicLeapController (360)
[2024.04.11-09.17.01:030][  0]LogModuleManager: Shutting down and abandoning module MagicLeapARPinImpl (358)
[2024.04.11-09.17.01:030][  0]LogModuleManager: Shutting down and abandoning module MagicLeapAR (356)
[2024.04.11-09.17.01:030][  0]LogModuleManager: Shutting down and abandoning module PythonScriptPlugin (354)
[2024.04.11-09.17.01:030][  0]LogModuleManager: Shutting down and abandoning module NiagaraAnimNotifies (352)
[2024.04.11-09.17.01:030][  0]LogModuleManager: Shutting down and abandoning module Niagara (350)
[2024.04.11-09.17.01:436][  0]LogModuleManager: Shutting down and abandoning module SignalProcessing (349)
[2024.04.11-09.17.01:491][  0]LogModuleManager: Shutting down and abandoning module NiagaraEditor (347)
[2024.04.11-09.17.01:889][  0]LogModuleManager: Shutting down and abandoning module NiagaraCore (344)
[2024.04.11-09.17.01:889][  0]LogModuleManager: Shutting down and abandoning module GameplayTagsEditor (342)
[2024.04.11-09.17.01:889][  0]LogModuleManager: Shutting down and abandoning module FacialAnimationEditor (340)
[2024.04.11-09.17.01:889][  0]LogModuleManager: Shutting down and abandoning module FacialAnimation (338)
[2024.04.11-09.17.01:889][  0]LogModuleManager: Shutting down and abandoning module DataValidation (336)
[2024.04.11-09.17.01:889][  0]LogModuleManager: Shutting down and abandoning module AssetManagerEditor (334)
[2024.04.11-09.17.02:123][  0]LogModuleManager: Shutting down and abandoning module TreeMap (333)
[2024.04.11-09.17.02:239][  0]LogModuleManager: Shutting down and abandoning module PropertyAccessNode (330)
[2024.04.11-09.17.02:289][  0]LogModuleManager: Shutting down and abandoning module AnimationSharing (328)
[2024.04.11-09.17.02:289][  0]LogModuleManager: Shutting down and abandoning module GameplayCameras (326)
[2024.04.11-09.17.02:289][  0]LogModuleManager: Shutting down and abandoning module EnvironmentQueryEditor (324)
[2024.04.11-09.17.02:495][  0]LogModuleManager: Shutting down and abandoning module Paper2D (322)
[2024.04.11-09.17.02:518][  0]LogModuleManager: Shutting down and abandoning module NetworkReplayStreaming (320)
[2024.04.11-09.17.02:518][  0]LogModuleManager: Shutting down and abandoning module PacketHandler (318)
[2024.04.11-09.17.02:518][  0]LogModuleManager: Shutting down and abandoning module ClothingSystemEditor (316)
[2024.04.11-09.17.02:518][  0]LogModuleManager: Shutting down and abandoning module ClothingSystemRuntimeNv (314)
[2024.04.11-09.17.02:611][  0]LogModuleManager: Shutting down and abandoning module MediaAssets (312)
[2024.04.11-09.17.02:611][  0]LogModuleManager: Shutting down and abandoning module Overlay (310)
[2024.04.11-09.17.02:611][  0]LogModuleManager: Shutting down and abandoning module OverlayEditor (309)
[2024.04.11-09.17.02:612][  0]LogModuleManager: Shutting down and abandoning module Blutility (306)
[2024.04.11-09.17.02:637][  0]LogModuleManager: Shutting down and abandoning module LevelEditor (305)
[2024.04.11-09.17.02:951][  0]LogModuleManager: Shutting down and abandoning module PixelInspectorModule (304)
[2024.04.11-09.17.02:990][  0]LogModuleManager: Shutting down and abandoning module CommonMenuExtensions (302)
[2024.04.11-09.17.02:990][  0]LogModuleManager: Shutting down and abandoning module MainFrame (300)
[2024.04.11-09.17.03:162][  0]LogModuleManager: Shutting down and abandoning module HotReload (299)
[2024.04.11-09.17.03:265][  0]LogModuleManager: Shutting down and abandoning module ContentBrowser (295)
[2024.04.11-09.17.03:406][  0]LogModuleManager: Shutting down and abandoning module CollectionManager (294)
[2024.04.11-09.17.03:525][  0]LogModuleManager: Shutting down and abandoning module ContentBrowserData (292)
[2024.04.11-09.17.03:525][  0]LogModuleManager: Shutting down and abandoning module IntroTutorials (288)
[2024.04.11-09.17.03:525][  0]LogModuleManager: Shutting down and abandoning module VREditor (286)
[2024.04.11-09.17.03:583][  0]LogModuleManager: Shutting down and abandoning module StringTableEditor (284)
[2024.04.11-09.17.03:752][  0]LogModuleManager: Shutting down and abandoning module GameplayTasksEditor (282)
[2024.04.11-09.17.03:752][  0]LogModuleManager: Shutting down and abandoning module BehaviorTreeEditor (280)
[2024.04.11-09.17.03:871][  0]LogModuleManager: Shutting down and abandoning module FunctionalTesting (278)
[2024.04.11-09.17.03:980][  0]LogModuleManager: Shutting down and abandoning module CollisionAnalyzer (276)
[2024.04.11-09.17.04:132][  0]LogModuleManager: Shutting down and abandoning module WorkspaceMenuStructure (275)
[2024.04.11-09.17.04:132][  0]LogModuleManager: Shutting down and abandoning module UMG (272)
[2024.04.11-09.17.04:161][  0]LogModuleManager: Shutting down and abandoning module UMGEditor (271)
[2024.04.11-09.17.04:515][  0]LogModuleManager: Shutting down and abandoning module MessageLog (269)
[2024.04.11-09.17.04:515][  0]LogModuleManager: Shutting down and abandoning module SlateReflector (264)
[2024.04.11-09.17.05:088][  0]LogModuleManager: Shutting down and abandoning module Slate (262)
[2024.04.11-09.17.05:088][  0]LogModuleManager: Shutting down and abandoning module SlateCore (260)
[2024.04.11-09.17.05:089][  0]LogModuleManager: Shutting down and abandoning module LandscapeEditorUtilities (258)
[2024.04.11-09.17.05:089][  0]LogModuleManager: Shutting down and abandoning module UnrealEd (256)
[2024.04.11-09.17.05:145][  0]LogModuleManager: Shutting down and abandoning module MRMesh (254)
[2024.04.11-09.17.05:145][  0]LogModuleManager: Shutting down and abandoning module SourceCodeAccess (252)
[2024.04.11-09.17.05:145][  0]LogModuleManager: Shutting down and abandoning module HeadMountedDisplay (250)
[2024.04.11-09.17.05:145][  0]LogModuleManager: Shutting down and abandoning module XAudio2 (248)
[2024.04.11-09.17.05:170][  0]LogModuleManager: Shutting down and abandoning module Networking (246)
[2024.04.11-09.17.05:170][  0]LogModuleManager: Shutting down and abandoning module Core (244)
[2024.04.11-09.17.05:170][  0]LogModuleManager: Shutting down and abandoning module MaterialEditor (242)
[2024.04.11-09.17.05:250][  0]LogModuleManager: Shutting down and abandoning module Settings (241)
[2024.04.11-09.17.05:250][  0]LogModuleManager: Shutting down and abandoning module MovieSceneTools (238)
[2024.04.11-09.17.05:463][  0]LogModuleManager: Shutting down and abandoning module CurveEditor (237)
[2024.04.11-09.17.05:710][  0]LogModuleManager: Shutting down and abandoning module Sequencer (235)
[2024.04.11-09.17.06:139][  0]LogModuleManager: Shutting down and abandoning module EditorStyle (234)
[2024.04.11-09.17.06:140][  0]LogModuleManager: Shutting down and abandoning module KismetCompiler (230)
[2024.04.11-09.17.06:140][  0]LogModuleManager: Shutting down and abandoning module MeshBuilder (228)
[2024.04.11-09.17.06:215][  0]LogModuleManager: Shutting down and abandoning module MeshUtilities (226)
[2024.04.11-09.17.06:381][  0]LogModuleManager: Shutting down and abandoning module MeshMergeUtilities (225)
[2024.04.11-09.17.06:416][  0]LogModuleManager: Shutting down and abandoning module MeshReductionInterface (224)
[2024.04.11-09.17.06:416][  0]LogModuleManager: Shutting down and abandoning module MeshBoneReduction (223)
[2024.04.11-09.17.06:438][  0]LogModuleManager: Shutting down and abandoning module SkeletalMeshReduction (221)
[2024.04.11-09.17.06:480][  0]LogModuleManager: Shutting down and abandoning module ProxyLODMeshReduction (219)
[2024.04.11-09.17.06:655][  0]LogModuleManager: Shutting down and abandoning module QuadricMeshReduction (217)
[2024.04.11-09.17.06:771][  0]LogModuleManager: Shutting down and abandoning module MaterialBaking (213)
[2024.04.11-09.17.06:905][  0]LogModuleManager: Shutting down and abandoning module DirectoryWatcher (209)
[2024.04.11-09.17.06:905][  0]LogModuleManager: Shutting down and abandoning module NullInstallBundleManager (206)
[2024.04.11-09.17.06:905][  0]LogModuleManager: Shutting down and abandoning module DerivedDataCache (204)
[2024.04.11-09.17.07:023][  0]LogModuleManager: Shutting down and abandoning module TargetPlatform (202)
[2024.04.11-09.17.07:073][  0]LogModuleManager: Shutting down and abandoning module VulkanShaderFormat (201)
[2024.04.11-09.17.07:212][  0]LogModuleManager: Shutting down and abandoning module ShaderFormatVectorVM (199)
[2024.04.11-09.17.07:285][  0]LogModuleManager: Shutting down and abandoning module ShaderFormatOpenGL (197)
[2024.04.11-09.17.07:364][  0]LogModuleManager: Shutting down and abandoning module ShaderFormatD3D (195)
[2024.04.11-09.17.07:541][  0]LogModuleManager: Shutting down and abandoning module MetalShaderFormat (193)
[2024.04.11-09.17.07:576][  0]LogModuleManager: Shutting down and abandoning module TextureFormatOodle (191)
[2024.04.11-09.17.07:792][  0]LogModuleManager: Shutting down and abandoning module TextureFormatUncompressed (189)
[2024.04.11-09.17.07:792][  0]LogModuleManager: Shutting down and abandoning module TextureFormatPVR (187)
[2024.04.11-09.17.07:792][  0]LogModuleManager: Shutting down and abandoning module TextureFormatETC2 (185)
[2024.04.11-09.17.07:792][  0]LogModuleManager: Shutting down and abandoning module TextureFormatDXT (183)
[2024.04.11-09.17.07:833][  0]LogModuleManager: Shutting down and abandoning module TextureFormatIntelISPCTexComp (181)
[2024.04.11-09.17.07:896][  0]LogModuleManager: Shutting down and abandoning module TextureFormatASTC (179)
[2024.04.11-09.17.07:896][  0]LogModuleManager: Shutting down and abandoning module ImageWrapper (178)
[2024.04.11-09.17.07:896][  0]LogModuleManager: Shutting down and abandoning module AudioFormatOpus (175)
[2024.04.11-09.17.07:896][  0]LogModuleManager: Shutting down and abandoning module AudioFormatOgg (173)
[2024.04.11-09.17.07:896][  0]LogModuleManager: Shutting down and abandoning module AudioFormatADPCM (171)
[2024.04.11-09.17.07:921][  0]LogModuleManager: Shutting down and abandoning module WindowsServerTargetPlatform (169)
[2024.04.11-09.17.07:921][  0]LogModuleManager: Shutting down and abandoning module WindowsClientTargetPlatform (167)
[2024.04.11-09.17.07:921][  0]LogModuleManager: Shutting down and abandoning module WindowsTargetPlatform (165)
[2024.04.11-09.17.07:921][  0]LogModuleManager: Shutting down and abandoning module WindowsNoEditorTargetPlatform (163)
[2024.04.11-09.17.07:921][  0]LogModuleManager: Shutting down and abandoning module TVOSTargetPlatform (161)
[2024.04.11-09.17.07:922][  0]LogModuleManager: Shutting down and abandoning module MacServerTargetPlatform (159)
[2024.04.11-09.17.07:922][  0]LogModuleManager: Shutting down and abandoning module MacClientTargetPlatform (157)
[2024.04.11-09.17.07:922][  0]LogModuleManager: Shutting down and abandoning module MacTargetPlatform (155)
[2024.04.11-09.17.07:922][  0]LogModuleManager: Shutting down and abandoning module MacNoEditorTargetPlatform (153)
[2024.04.11-09.17.07:922][  0]LogModuleManager: Shutting down and abandoning module LuminTargetPlatform (151)
[2024.04.11-09.17.07:923][  0]LogModuleManager: Shutting down and abandoning module LinuxAArch64ServerTargetPlatform (149)
[2024.04.11-09.17.07:923][  0]LogModuleManager: Shutting down and abandoning module LinuxAArch64ClientTargetPlatform (147)
[2024.04.11-09.17.07:923][  0]LogModuleManager: Shutting down and abandoning module LinuxAArch64NoEditorTargetPlatform (145)
[2024.04.11-09.17.07:923][  0]LogModuleManager: Shutting down and abandoning module LinuxServerTargetPlatform (143)
[2024.04.11-09.17.07:923][  0]LogModuleManager: Shutting down and abandoning module LinuxClientTargetPlatform (141)
[2024.04.11-09.17.07:923][  0]LogModuleManager: Shutting down and abandoning module LinuxNoEditorTargetPlatform (139)
[2024.04.11-09.17.07:923][  0]LogModuleManager: Shutting down and abandoning module LinuxTargetPlatform (137)
[2024.04.11-09.17.07:923][  0]LogModuleManager: Shutting down and abandoning module Messaging (135)
[2024.04.11-09.17.07:923][  0]LogModuleManager: Shutting down and abandoning module IOSTargetPlatform (133)
[2024.04.11-09.17.07:923][  0]LogModuleManager: Shutting down and abandoning module AndroidTargetPlatform (131)
[2024.04.11-09.17.07:927][  0]LogModuleManager: Shutting down and abandoning module AllDesktopTargetPlatform (129)
[2024.04.11-09.17.07:928][  0]LogModuleManager: Shutting down and abandoning module NullDrv (126)
[2024.04.11-09.17.07:928][  0]LogModuleManager: Shutting down and abandoning module PhysXCooking (124)
[2024.04.11-09.17.07:928][  0]LogModuleManager: Shutting down and abandoning module Chaos (122)
[2024.04.11-09.17.08:008][  0]LogModuleManager: Shutting down and abandoning module WindowsPlatformFeatures (120)
[2024.04.11-09.17.08:059][  0]LogModuleManager: Shutting down and abandoning module GameplayMediaEncoder (119)
[2024.04.11-09.17.08:082][  0]LogModuleManager: Shutting down and abandoning module AVEncoder (118)
[2024.04.11-09.17.08:133][  0]LogModuleManager: Shutting down and abandoning module ExampleDeviceProfileSelector (114)
[2024.04.11-09.17.08:133][  0]LogModuleManager: Shutting down and abandoning module SteamVRInputDevice (112)
[2024.04.11-09.17.08:133][  0]LogModuleManager: Shutting down and abandoning module SteamVRInput (110)
[2024.04.11-09.17.08:133][  0]LogModuleManager: Shutting down and abandoning module SteamVR (108)
[2024.04.11-09.17.08:207][  0]LogHMD: Freeing OpenVRDLLHandle.
[2024.04.11-09.17.08:207][  0]LogModuleManager: Shutting down and abandoning module OculusHMD (106)
[2024.04.11-09.17.08:240][  0]LogModuleManager: Shutting down and abandoning module OpenXRHandTracking (104)
[2024.04.11-09.17.08:241][  0]LogModuleManager: Shutting down and abandoning module OpenXREyeTracker (102)
[2024.04.11-09.17.08:241][  0]LogModuleManager: Shutting down and abandoning module OpenXRAR (100)
[2024.04.11-09.17.08:253][  0]LogModuleManager: Shutting down and abandoning module AugmentedReality (99)
[2024.04.11-09.17.08:253][  0]LogModuleManager: Shutting down and abandoning module OpenXRHMD (96)
[2024.04.11-09.17.08:321][  0]LogModuleManager: Shutting down and abandoning module ChunkDownloader (94)
[2024.04.11-09.17.08:344][  0]LogModuleManager: Shutting down and abandoning module LauncherChunkInstaller (92)
[2024.04.11-09.17.08:344][  0]LogModuleManager: Shutting down and abandoning module OnlineBlueprintSupport (90)
[2024.04.11-09.17.08:344][  0]LogModuleManager: Shutting down and abandoning module OnlineSubsystem (86)
[2024.04.11-09.17.08:795][  0]LogModuleManager: Shutting down and abandoning module XMPP (81)
[2024.04.11-09.17.08:947][  0]LogModuleManager: Shutting down and abandoning module WebSockets (80)
[2024.04.11-09.17.09:525][  0]LogModuleManager: Shutting down and abandoning module HTTP (77)
[2024.04.11-09.17.09:525][  0]LogHttp: Display: cleaning up 0 outstanding Http requests.
[2024.04.11-09.17.09:527][  0]LogModuleManager: Shutting down and abandoning module SSL (76)
[2024.04.11-09.17.09:528][  0]LogModuleManager: Shutting down and abandoning module WmfMedia (72)
[2024.04.11-09.17.09:694][  0]LogModuleManager: Shutting down and abandoning module Media (71)
[2024.04.11-09.17.09:695][  0]LogModuleManager: Shutting down and abandoning module MediaInfo (70)
[2024.04.11-09.17.09:695][  0]LogModuleManager: Shutting down and abandoning module ExrReaderGpu (66)
[2024.04.11-09.17.09:753][  0]LogModuleManager: Shutting down and abandoning module MLSDK (64)
[2024.04.11-09.17.09:804][  0]LogModuleManager: Shutting down and abandoning module MagicLeap (62)
[2024.04.11-09.17.09:804][  0]LogModuleManager: Shutting down and abandoning module NiagaraVertexFactories (60)
[2024.04.11-09.17.09:804][  0]LogModuleManager: Shutting down and abandoning module NiagaraShader (58)
[2024.04.11-09.17.09:804][  0]LogModuleManager: Shutting down and abandoning module ChaosCloth (56)
[2024.04.11-09.17.09:922][  0]LogModuleManager: Shutting down and abandoning module VariantManagerContent (54)
[2024.04.11-09.17.09:922][  0]LogModuleManager: Shutting down and abandoning module DatasmithContent (52)
[2024.04.11-09.17.09:922][  0]LogModuleManager: Shutting down and abandoning module PixWinPlugin (50)
[2024.04.11-09.17.09:980][  0]LogModuleManager: Shutting down and abandoning module AISupportModule (48)
[2024.04.11-09.17.09:980][  0]LogModuleManager: Shutting down and abandoning module OodleDataCompressionFormat (46)
[2024.04.11-09.17.10:012][  0]LogModuleManager: Shutting down and abandoning module PlatformCryptoOpenSSL (44)
[2024.04.11-09.17.10:063][  0]LogModuleManager: Shutting down and abandoning module PlatformCryptoTypes (42)
[2024.04.11-09.17.10:063][  0]LogModuleManager: Shutting down and abandoning module PlatformCrypto (40)
[2024.04.11-09.17.10:063][  0]LogModuleManager: Shutting down and abandoning module PythonScriptPluginPreload (38)
[2024.04.11-09.17.10:063][  0]LogModuleManager: Shutting down and abandoning module XGEController (36)
[2024.04.11-09.17.10:063][  0]LogModuleManager: Shutting down and abandoning module AnimationModifiers (34)
[2024.04.11-09.17.10:296][  0]LogModuleManager: Shutting down and abandoning module AudioEditor (32)
[2024.04.11-09.17.10:448][  0]LogModuleManager: Shutting down and abandoning module PropertyEditor (31)
[2024.04.11-09.17.10:480][  0]LogModuleManager: Shutting down and abandoning module TextureCompressor (28)
[2024.04.11-09.17.10:507][  0]LogModuleManager: Shutting down and abandoning module RenderCore (26)
[2024.04.11-09.17.10:507][  0]LogModuleManager: Shutting down and abandoning module Landscape (24)
[2024.04.11-09.17.10:507][  0]LogModuleManager: Shutting down and abandoning module SlateRHIRenderer (22)
[2024.04.11-09.17.10:507][  0]LogModuleManager: Shutting down and abandoning module AnimGraphRuntime (20)
[2024.04.11-09.17.10:665][  0]LogModuleManager: Shutting down and abandoning module Renderer (18)
[2024.04.11-09.17.10:720][  0]LogModuleManager: Shutting down and abandoning module Engine (16)
[2024.04.11-09.17.10:720][  0]LogModuleManager: Shutting down and abandoning module CoreUObject (14)
[2024.04.11-09.17.10:720][  0]LogModuleManager: Shutting down and abandoning module NetworkFile (12)
[2024.04.11-09.17.10:745][  0]LogModuleManager: Shutting down and abandoning module CookedIterativeFile (10)
[2024.04.11-09.17.10:745][  0]LogModuleManager: Shutting down and abandoning module StreamingFile (8)
[2024.04.11-09.17.10:771][  0]LogModuleManager: Shutting down and abandoning module SandboxFile (6)
[2024.04.11-09.17.10:801][  0]LogModuleManager: Shutting down and abandoning module PakFile (4)
[2024.04.11-09.17.10:801][  0]LogModuleManager: Shutting down and abandoning module RSA (3)
[2024.04.11-09.17.11:024][  0]LogContentStreaming: Display: There are 1 unreleased StreamingManagers
[2024.04.11-09.17.11:410][  0]LogExit: Exiting.
[2024.04.11-09.17.11:426][  0]Log file closed, 04/11/24 13:17:11
